#
# A fatal error has been detected by the Java Runtime Environment:
#
#  SIGSEGV (0xb) at pc=0x0000000115081f3f, pid=44755, tid=0x000000000000960b
#
# JRE version: Java(TM) SE Runtime Environment (8.0_211-b12) (build 1.8.0_211-b12)
# Java VM: Java HotSpot(TM) 64-Bit Server VM (25.211-b12 mixed mode bsd-amd64 compressed oops)
# Problematic frame:
# J 12891 C1 org.gradle.api.internal.tasks.compile.incremental.deps.ClassSetAnalysis.recurseDependentClasses(Ljava/util/Set;Ljava/util/Set;Ljava/util/Set;Ljava/lang/Iterable;)V (107 bytes) @ 0x0000000115081f3f [0x0000000115081f00+0x3f]
#
# Failed to write core dump. Core dumps have been disabled. To enable core dumping, try "ulimit -c unlimited" before starting Java again
#
# If you would like to submit a bug report, please visit:
#   http://bugreport.java.com/bugreport/crash.jsp
#

---------------  T H R E A D  ---------------

Current thread (0x00007fc5ceb30000):  JavaThread "Execution worker for ':' Thread 2" [_thread_in_Java, id=38411, stack(0x000070000ac57000,0x000070000ad57000)]

siginfo: si_signo: 11 (SIGSEGV), si_code: 1 (SEGV_MAPERR), si_addr: 0x000070000cd527f0

Registers:
RAX=0x000000012ca69598, RBX=0x000000012ca69598, RCX=0x00000007a09c3330, RDX=0x00000007a09c33b0
RSP=0x000070000ad52760, RBP=0x000070000ad528a0, RSI=0x00000007a09c3110, RDI=0x000000010da79000
R8 =0x00000007a09c3370, R9 =0x00000007a09bf1c8, R10=0x0000000110afd820, R11=0x0000000115081f20
R12=0x0000000000000000, R13=0x000070000ad52838, R14=0x000070000ad528f0, R15=0x00007fc5ceb30000
RIP=0x0000000115081f3f, EFLAGS=0x0000000000010206, ERR=0x0000000000000006
  TRAPNO=0x000000000000000e

Top of Stack: (sp=0x000070000ad52760)
0x000070000ad52760:   000000012ca808d2 000070000ad527c0
0x000070000ad52770:   000000012ca814c8 00000007a09c3370
0x000070000ad52780:   000000012ca80930 0000000000000000
0x000070000ad52790:   000070000ad527b8 000070000ad52808
0x000070000ad527a0:   000070000ad528a0 00000001149aa90c
0x000070000ad527b0:   00000007a099c3b0 00000007a09bf140
0x000070000ad527c0:   00000007625bcea8 00000007625bcea8
0x000070000ad527d0:   00000007603157d0 00000007603157d0
0x000070000ad527e0:   00000007a09c33b0 00000007a09c3110
0x000070000ad527f0:   000000012ca8d160 0000000000000000
0x000070000ad52800:   0000000000000001 00000007a09c3380
0x000070000ad52810:   00000007a09c3370 00000007603157d0
0x000070000ad52820:   000070000ad528a0 0000000112f062bd
0x000070000ad52830:   0000000112f062bd 00000007a09bf1c8
0x000070000ad52840:   00000007a09c3370 00000007a09c3330
0x000070000ad52850:   00000007a09c33b0 00000007a09c3110
0x000070000ad52860:   000070000ad52860 000000012ca6920b
0x000070000ad52870:   000070000ad528f0 000000012ca698d0
0x000070000ad52880:   0000000000000000 000000012ca692b8
0x000070000ad52890:   000070000ad52838 000070000ad528e0
0x000070000ad528a0:   000070000ad52938 0000000112f06040
0x000070000ad528b0:   00000007a09c3370 00000007a09c3330
0x000070000ad528c0:   00000007603157d0 00000007603157d0
0x000070000ad528d0:   00000007a09bf140 0000000000000000
0x000070000ad528e0:   00000007a099c498 00000007a099c3b0
0x000070000ad528f0:   00000007a09c3110 000070000ad528f8
0x000070000ad52900:   000000012ca48d26 000070000ad52960
0x000070000ad52910:   000000012ca48f10 0000000000000000
0x000070000ad52920:   000000012ca48d68 000070000ad528e0
0x000070000ad52930:   000070000ad52950 000070000ad529a8
0x000070000ad52940:   0000000112f06040 00000007a099c498
0x000070000ad52950:   00000007625bca08 00000007a099c3b0 

Instructions: (pc=0x0000000115081f3f)
0x0000000115081f1f:   90 89 84 24 00 c0 fe ff 55 48 81 ec c0 00 00 00
0x0000000115081f2f:   48 89 b4 24 88 00 00 00 48 89 94 24 80 00 00 00
0x0000000115081f3f:   48 89 8c 24 90 00 00 02 4c 89 84 24 98 00 00 00
0x0000000115081f4f:   48 bf 70 f8 c2 2c 01 00 00 00 8b 9f dc 00 00 00 

Register to memory mapping:

RAX={method} {0x000000012ca69598} 'recurseDependentClasses' '(Ljava/util/Set;Ljava/util/Set;Ljava/util/Set;Ljava/lang/Iterable;)V' in 'org/gradle/api/internal/tasks/compile/incremental/deps/ClassSetAnalysis'
RBX={method} {0x000000012ca69598} 'recurseDependentClasses' '(Ljava/util/Set;Ljava/util/Set;Ljava/util/Set;Ljava/lang/Iterable;)V' in 'org/gradle/api/internal/tasks/compile/incremental/deps/ClassSetAnalysis'
RCX=0x00000007a09c3330 is an oop
java.util.HashSet 
 - klass: 'java/util/HashSet'
RDX=0x00000007a09c33b0 is an oop
java.util.HashSet 
 - klass: 'java/util/HashSet'
RSP=0x000070000ad52760 is pointing into the stack for thread: 0x00007fc5ceb30000
RBP=0x000070000ad528a0 is pointing into the stack for thread: 0x00007fc5ceb30000
RSI=0x00000007a09c3110 is an oop
org.gradle.api.internal.tasks.compile.incremental.deps.ClassSetAnalysis 
 - klass: 'org/gradle/api/internal/tasks/compile/incremental/deps/ClassSetAnalysis'
RDI=0x000000010da79000 is an unknown value
R8 =0x00000007a09c3370 is an oop
java.util.HashSet 
 - klass: 'java/util/HashSet'
R9 =0x00000007a09bf1c8 is an oop
com.google.common.collect.RegularImmutableSet 
 - klass: 'com/google/common/collect/RegularImmutableSet'
R10=0x0000000110afd820: _ZN19TemplateInterpreter20_invoke_return_entryE+0 in /Library/Java/JavaVirtualMachines/jdk1.8.0_211.jdk/Contents/Home/jre/lib/server/libjvm.dylib at 0x0000000110200000
R11=0x0000000115081f20 is at entry_point+32 in (nmethod*)0x0000000115081c90
R12=0x0000000000000000 is an unknown value
R13=0x000070000ad52838 is pointing into the stack for thread: 0x00007fc5ceb30000
R14=0x000070000ad528f0 is pointing into the stack for thread: 0x00007fc5ceb30000
R15=0x00007fc5ceb30000 is a thread


Stack: [0x000070000ac57000,0x000070000ad57000],  sp=0x000070000ad52760,  free space=1005k
Native frames: (J=compiled Java code, j=interpreted, Vv=VM code, C=native code)
J 12891 C1 org.gradle.api.internal.tasks.compile.incremental.deps.ClassSetAnalysis.recurseDependentClasses(Ljava/util/Set;Ljava/util/Set;Ljava/util/Set;Ljava/lang/Iterable;)V (107 bytes) @ 0x0000000115081f3f [0x0000000115081f00+0x3f]
j  org.gradle.api.internal.tasks.compile.incremental.deps.ClassSetAnalysis.getRelevantDependents(Ljava/lang/String;Lit/unimi/dsi/fastutil/ints/IntSet;)Lorg/gradle/api/internal/tasks/compile/incremental/deps/DependentsSet;+139
j  org.gradle.api.internal.tasks.compile.incremental.recomp.PreviousCompilation.getDependents(Ljava/lang/String;Lit/unimi/dsi/fastutil/ints/IntSet;)Lorg/gradle/api/internal/tasks/compile/incremental/deps/DependentsSet;+30
j  org.gradle.api.internal.tasks.compile.incremental.recomp.SourceFileChangeProcessor.processChange(Ljava/io/File;Ljava/util/Collection;Lorg/gradle/api/internal/tasks/compile/incremental/recomp/RecompilationSpec;)V+50
j  org.gradle.api.internal.tasks.compile.incremental.recomp.InputChangeAction.execute(Lorg/gradle/api/tasks/incremental/InputFileDetails;)V+68
j  org.gradle.api.internal.tasks.compile.incremental.recomp.InputChangeAction.execute(Ljava/lang/Object;)V+5
j  org.gradle.api.internal.changedetection.changes.ChangesOnlyIncrementalTaskInputs.doOutOfDate(Lorg/gradle/api/Action;)V+54
j  org.gradle.api.internal.changedetection.changes.StatefulIncrementalTaskInputs.outOfDate(Lorg/gradle/api/Action;)V+19
j  org.gradle.api.internal.tasks.compile.incremental.recomp.JavaRecompilationSpecProvider.processOtherChanges(Lorg/gradle/api/internal/tasks/compile/incremental/recomp/CurrentCompilation;Lorg/gradle/api/internal/tasks/compile/incremental/recomp/PreviousCompilation;Lorg/gradle/api/internal/tasks/compile/incremental/recomp/RecompilationSpec;)V+60
j  org.gradle.api.internal.tasks.compile.incremental.recomp.JavaRecompilationSpecProvider.provideRecompilationSpec(Lorg/gradle/api/internal/tasks/compile/incremental/recomp/CurrentCompilation;Lorg/gradle/api/internal/tasks/compile/incremental/recomp/PreviousCompilation;)Lorg/gradle/api/internal/tasks/compile/incremental/recomp/RecompilationSpec;+19
j  org.gradle.api.internal.tasks.compile.incremental.SelectiveCompiler.execute(Lorg/gradle/api/internal/tasks/compile/JavaCompileSpec;)Lorg/gradle/api/tasks/WorkResult;+61
j  org.gradle.api.internal.tasks.compile.incremental.SelectiveCompiler.execute(Lorg/gradle/language/base/internal/compile/CompileSpec;)Lorg/gradle/api/tasks/WorkResult;+5
j  org.gradle.api.internal.tasks.compile.incremental.IncrementalResultStoringCompiler.execute(Lorg/gradle/api/internal/tasks/compile/JavaCompileSpec;)Lorg/gradle/api/tasks/WorkResult;+5
j  org.gradle.api.internal.tasks.compile.incremental.IncrementalResultStoringCompiler.execute(Lorg/gradle/language/base/internal/compile/CompileSpec;)Lorg/gradle/api/tasks/WorkResult;+5
j  org.gradle.api.internal.tasks.compile.CompileJavaBuildOperationReportingCompiler$2.call(Lorg/gradle/internal/operations/BuildOperationContext;)Lorg/gradle/api/tasks/WorkResult;+11
j  org.gradle.api.internal.tasks.compile.CompileJavaBuildOperationReportingCompiler$2.call(Lorg/gradle/internal/operations/BuildOperationContext;)Ljava/lang/Object;+2
J 16894 C2 org.gradle.internal.operations.DefaultBuildOperationExecutor$1.execute(Lorg/gradle/internal/operations/BuildOperationDescriptor;Lorg/gradle/internal/operations/DefaultBuildOperationExecutor$DefaultBuildOperationContext;Lorg/gradle/internal/operations/DefaultBuildOperationExecutor$BuildOperationExecutionListener;)Lorg/gradle/internal/operations/BuildOperation; (82 bytes) @ 0x0000000115751634 [0x0000000115751560+0xd4]
J 17016 C2 org.gradle.internal.operations.DefaultBuildOperationExecutor.execute(Lorg/gradle/internal/operations/BuildOperationDescriptor$Builder;Lorg/gradle/internal/operations/DefaultBuildOperationExecutor$BuildOperationState;Lorg/gradle/internal/operations/DefaultBuildOperationExecutor$BuildOperationExecution;)Lorg/gradle/internal/operations/BuildOperation; (111 bytes) @ 0x0000000115783af4 [0x0000000115783480+0x674]
J 18818 C2 org.gradle.internal.operations.DelegatingBuildOperationExecutor.call(Lorg/gradle/internal/operations/CallableBuildOperation;)Ljava/lang/Object; (11 bytes) @ 0x0000000115bbbe88 [0x0000000115bbbc80+0x208]
j  org.gradle.api.internal.tasks.compile.CompileJavaBuildOperationReportingCompiler.execute(Lorg/gradle/api/internal/tasks/compile/JavaCompileSpec;)Lorg/gradle/api/tasks/WorkResult;+13
j  org.gradle.api.tasks.compile.JavaCompile.performCompilation(Lorg/gradle/api/internal/tasks/compile/JavaCompileSpec;Lorg/gradle/language/base/internal/compile/Compiler;)V+24
j  org.gradle.api.tasks.compile.JavaCompile.compile(Lorg/gradle/api/tasks/incremental/IncrementalTaskInputs;)V+82
v  ~StubRoutines::call_stub
V  [libjvm.dylib+0x2f0d1e]
V  [libjvm.dylib+0x4d7790]
V  [libjvm.dylib+0x4d7cc4]
V  [libjvm.dylib+0x34926c]
J 1516  sun.reflect.NativeMethodAccessorImpl.invoke0(Ljava/lang/reflect/Method;Ljava/lang/Object;[Ljava/lang/Object;)Ljava/lang/Object; (0 bytes) @ 0x00000001133db12d [0x00000001133db040+0xed]
J 18574 C2 sun.reflect.NativeMethodAccessorImpl.invoke(Ljava/lang/Object;[Ljava/lang/Object;)Ljava/lang/Object; (104 bytes) @ 0x0000000113507974 [0x0000000113507900+0x74]
J 9535 C2 java.lang.reflect.Method.invoke(Ljava/lang/Object;[Ljava/lang/Object;)Ljava/lang/Object; (62 bytes) @ 0x0000000113e50e08 [0x0000000113e50d80+0x88]
J 2047 C1 org.gradle.internal.reflect.JavaMethod.invoke(Ljava/lang/Object;[Ljava/lang/Object;)Ljava/lang/Object; (74 bytes) @ 0x000000011369903c [0x0000000113698f20+0x11c]
j  org.gradle.api.internal.project.taskfactory.IncrementalTaskInputsTaskAction.doExecute(Lorg/gradle/api/Task;Ljava/lang/String;)V+65
j  org.gradle.api.internal.project.taskfactory.StandardTaskAction.execute(Lorg/gradle/api/Task;)V+32
j  org.gradle.api.internal.project.taskfactory.AbstractIncrementalTaskAction.execute(Lorg/gradle/api/Task;)V+2
j  org.gradle.api.internal.project.taskfactory.StandardTaskAction.execute(Ljava/lang/Object;)V+5
j  org.gradle.api.internal.tasks.execution.ExecuteActionsTaskExecuter$5.run(Lorg/gradle/internal/operations/BuildOperationContext;)V+23
J 16894 C2 org.gradle.internal.operations.DefaultBuildOperationExecutor$1.execute(Lorg/gradle/internal/operations/BuildOperationDescriptor;Lorg/gradle/internal/operations/DefaultBuildOperationExecutor$DefaultBuildOperationContext;Lorg/gradle/internal/operations/DefaultBuildOperationExecutor$BuildOperationExecutionListener;)Lorg/gradle/internal/operations/BuildOperation; (82 bytes) @ 0x0000000115751698 [0x0000000115751560+0x138]
J 17016 C2 org.gradle.internal.operations.DefaultBuildOperationExecutor.execute(Lorg/gradle/internal/operations/BuildOperationDescriptor$Builder;Lorg/gradle/internal/operations/DefaultBuildOperationExecutor$BuildOperationState;Lorg/gradle/internal/operations/DefaultBuildOperationExecutor$BuildOperationExecution;)Lorg/gradle/internal/operations/BuildOperation; (111 bytes) @ 0x0000000115783af4 [0x0000000115783480+0x674]
J 17021 C2 org.gradle.internal.operations.DefaultBuildOperationExecutor.run(Lorg/gradle/internal/operations/RunnableBuildOperation;)V (28 bytes) @ 0x00000001157de32c [0x00000001157de180+0x1ac]
J 6510 C1 org.gradle.internal.operations.DelegatingBuildOperationExecutor.run(Lorg/gradle/internal/operations/RunnableBuildOperation;)V (11 bytes) @ 0x00000001142a340c [0x00000001142a3300+0x10c]
j  org.gradle.api.internal.tasks.execution.ExecuteActionsTaskExecuter.executeAction(Ljava/lang/String;Lorg/gradle/api/internal/TaskInternal;Lorg/gradle/api/internal/tasks/InputChangesAwareTaskAction;Lorg/gradle/internal/execution/history/changes/InputChangesInternal;Z)V+30
j  org.gradle.api.internal.tasks.execution.ExecuteActionsTaskExecuter.executeActions(Lorg/gradle/api/internal/TaskInternal;Lorg/gradle/internal/execution/history/changes/InputChangesInternal;)V+131
j  org.gradle.api.internal.tasks.execution.ExecuteActionsTaskExecuter.access$200(Lorg/gradle/api/internal/tasks/execution/ExecuteActionsTaskExecuter;Lorg/gradle/api/internal/TaskInternal;Lorg/gradle/internal/execution/history/changes/InputChangesInternal;)V+3
j  org.gradle.api.internal.tasks.execution.ExecuteActionsTaskExecuter$TaskExecution.execute(Lorg/gradle/internal/execution/history/changes/InputChangesInternal;)Lorg/gradle/internal/execution/UnitOfWork$WorkResult;+52
j  org.gradle.internal.execution.steps.ExecuteStep.lambda$execute$0(Lorg/gradle/internal/execution/UnitOfWork;Lorg/gradle/internal/execution/history/changes/InputChangesInternal;)Lorg/gradle/internal/execution/ExecutionOutcome;+3
j  org.gradle.internal.execution.steps.ExecuteStep$$Lambda$498.apply(Ljava/lang/Object;)Ljava/lang/Object;+12
J 21173 C2 java.util.Optional.map(Ljava/util/function/Function;)Ljava/util/Optional; (30 bytes) @ 0x0000000114a4db50 [0x0000000114a4da40+0x110]
j  org.gradle.internal.execution.steps.ExecuteStep.execute(Lorg/gradle/internal/execution/InputChangesContext;)Lorg/gradle/internal/execution/Result;+20
j  org.gradle.internal.execution.steps.ExecuteStep.execute(Lorg/gradle/internal/execution/Context;)Lorg/gradle/internal/execution/Result;+5
j  org.gradle.internal.execution.steps.CleanupOutputsStep.execute(Lorg/gradle/internal/execution/InputChangesContext;)Lorg/gradle/internal/execution/Result;+76
j  org.gradle.internal.execution.steps.CleanupOutputsStep.execute(Lorg/gradle/internal/execution/Context;)Lorg/gradle/internal/execution/Result;+5
j  org.gradle.internal.execution.steps.ResolveInputChangesStep.execute(Lorg/gradle/internal/execution/IncrementalChangesContext;)Lorg/gradle/internal/execution/Result;+50
j  org.gradle.internal.execution.steps.ResolveInputChangesStep.execute(Lorg/gradle/internal/execution/Context;)Lorg/gradle/internal/execution/Result;+5
j  org.gradle.internal.execution.steps.CancelExecutionStep.execute(Lorg/gradle/internal/execution/Context;)Lorg/gradle/internal/execution/Result;+5
j  org.gradle.internal.execution.steps.TimeoutStep.executeWithoutTimeout(Lorg/gradle/internal/execution/Context;)Lorg/gradle/internal/execution/Result;+5
j  org.gradle.internal.execution.steps.TimeoutStep.execute(Lorg/gradle/internal/execution/Context;)Lorg/gradle/internal/execution/Result;+97
j  org.gradle.internal.execution.steps.CatchExceptionStep.execute(Lorg/gradle/internal/execution/Context;)Lorg/gradle/internal/execution/Result;+5
j  org.gradle.internal.execution.steps.CreateOutputsStep.execute(Lorg/gradle/internal/execution/Context;)Lorg/gradle/internal/execution/Result;+24
j  org.gradle.internal.execution.steps.SnapshotOutputsStep.execute(Lorg/gradle/internal/execution/Context;)Lorg/gradle/internal/execution/CurrentSnapshotResult;+5
j  org.gradle.internal.execution.steps.SnapshotOutputsStep.execute(Lorg/gradle/internal/execution/Context;)Lorg/gradle/internal/execution/Result;+2
j  org.gradle.internal.execution.steps.CacheStep.executeWithoutCache(Lorg/gradle/internal/execution/IncrementalChangesContext;)Lorg/gradle/internal/execution/CurrentSnapshotResult;+5
j  org.gradle.internal.execution.steps.CacheStep.execute(Lorg/gradle/internal/execution/IncrementalChangesContext;)Lorg/gradle/internal/execution/CurrentSnapshotResult;+41
j  org.gradle.internal.execution.steps.CacheStep.execute(Lorg/gradle/internal/execution/Context;)Lorg/gradle/internal/execution/Result;+5
j  org.gradle.internal.execution.steps.BroadcastChangingOutputsStep.execute(Lorg/gradle/internal/execution/Context;)Lorg/gradle/internal/execution/Result;+45
j  org.gradle.internal.execution.steps.StoreSnapshotsStep.execute(Lorg/gradle/internal/execution/BeforeExecutionContext;)Lorg/gradle/internal/execution/CurrentSnapshotResult;+5
j  org.gradle.internal.execution.steps.StoreSnapshotsStep.execute(Lorg/gradle/internal/execution/Context;)Lorg/gradle/internal/execution/Result;+5
j  org.gradle.internal.execution.steps.RecordOutputsStep.execute(Lorg/gradle/internal/execution/Context;)Lorg/gradle/internal/execution/CurrentSnapshotResult;+5
j  org.gradle.internal.execution.steps.RecordOutputsStep.execute(Lorg/gradle/internal/execution/Context;)Lorg/gradle/internal/execution/Result;+2
j  org.gradle.internal.execution.steps.SkipUpToDateStep.executeBecause(Lcom/google/common/collect/ImmutableList;Lorg/gradle/internal/execution/IncrementalChangesContext;)Lorg/gradle/internal/execution/UpToDateResult;+16
J 19249 C1 org.gradle.internal.execution.steps.SkipUpToDateStep.lambda$execute$0(Lorg/gradle/internal/execution/IncrementalChangesContext;Lorg/gradle/internal/execution/history/changes/ExecutionStateChanges;)Lorg/gradle/internal/execution/UpToDateResult; (78 bytes) @ 0x0000000115ca38ec [0x0000000115ca2660+0x128c]
J 17786 C1 org.gradle.internal.execution.steps.SkipUpToDateStep.execute(Lorg/gradle/internal/execution/IncrementalChangesContext;)Lorg/gradle/internal/execution/UpToDateResult; (62 bytes) @ 0x0000000115966b44 [0x0000000115966680+0x4c4]
J 13392 C1 org.gradle.internal.execution.steps.SkipUpToDateStep.execute(Lorg/gradle/internal/execution/Context;)Lorg/gradle/internal/execution/Result; (9 bytes) @ 0x000000011525e164 [0x000000011525e0c0+0xa4]
J 12710 C1 org.gradle.internal.execution.steps.ResolveChangesStep.execute(Lorg/gradle/internal/execution/CachingContext;)Lorg/gradle/internal/execution/Result; (70 bytes) @ 0x000000011501db94 [0x000000011501c200+0x1994]
J 12709 C1 org.gradle.internal.execution.steps.ResolveChangesStep.execute(Lorg/gradle/internal/execution/Context;)Lorg/gradle/internal/execution/Result; (9 bytes) @ 0x000000011501bcb4 [0x000000011501bb40+0x174]
J 12712 C1 org.gradle.internal.execution.steps.legacy.MarkSnapshottingInputsFinishedStep.execute(Lorg/gradle/internal/execution/Context;)Lorg/gradle/internal/execution/Result; (9 bytes) @ 0x000000011501faac [0x000000011501f640+0x46c]
J 12702 C1 org.gradle.internal.execution.steps.ResolveCachingStateStep.execute(Lorg/gradle/internal/execution/BeforeExecutionContext;)Lorg/gradle/internal/execution/CachingResult; (143 bytes) @ 0x000000011501359c [0x0000000115011f00+0x169c]
J 12700 C1 org.gradle.internal.execution.steps.ResolveCachingStateStep.execute(Lorg/gradle/internal/execution/Context;)Lorg/gradle/internal/execution/Result; (9 bytes) @ 0x000000011500b174 [0x000000011500b000+0x174]
J 12461 C1 org.gradle.internal.execution.steps.CaptureStateBeforeExecutionStep.execute(Lorg/gradle/internal/execution/AfterPreviousExecutionContext;)Lorg/gradle/internal/execution/CachingResult; (47 bytes) @ 0x0000000113ac348c [0x0000000113ac3320+0x16c]
J 12460 C1 org.gradle.internal.execution.steps.CaptureStateBeforeExecutionStep.execute(Lorg/gradle/internal/execution/Context;)Lorg/gradle/internal/execution/Result; (9 bytes) @ 0x000000011349ec64 [0x000000011349ebc0+0xa4]
J 19361 C1 org.gradle.api.internal.tasks.execution.ExecuteActionsTaskExecuter.execute(Lorg/gradle/api/internal/TaskInternal;Lorg/gradle/api/internal/tasks/TaskStateInternal;Lorg/gradle/api/internal/tasks/TaskExecutionContext;)Lorg/gradle/api/internal/tasks/TaskExecuterResult; (89 bytes) @ 0x0000000115cf38a4 [0x0000000115cf3520+0x384]
J 18149 C1 org.gradle.api.internal.tasks.execution.ValidatingTaskExecuter.execute(Lorg/gradle/api/internal/TaskInternal;Lorg/gradle/api/internal/tasks/TaskStateInternal;Lorg/gradle/api/internal/tasks/TaskExecutionContext;)Lorg/gradle/api/internal/tasks/TaskExecuterResult; (106 bytes) @ 0x00000001159fe3ec [0x00000001159fe020+0x3cc]
J 21183 C1 org.gradle.api.internal.tasks.execution.SkipEmptySourceFilesTaskExecuter.execute(Lorg/gradle/api/internal/TaskInternal;Lorg/gradle/api/internal/tasks/TaskStateInternal;Lorg/gradle/api/internal/tasks/TaskExecutionContext;)Lorg/gradle/api/internal/tasks/TaskExecuterResult; (298 bytes) @ 0x0000000116142b84 [0x0000000116141ee0+0xca4]
J 21182 C1 org.gradle.api.internal.tasks.execution.ResolveBeforeExecutionOutputsTaskExecuter.execute(Lorg/gradle/api/internal/TaskInternal;Lorg/gradle/api/internal/tasks/TaskStateInternal;Lorg/gradle/api/internal/tasks/TaskExecutionContext;)Lorg/gradle/api/internal/tasks/TaskExecuterResult; (95 bytes) @ 0x00000001136443dc [0x0000000113644080+0x35c]
J 21180 C1 org.gradle.api.internal.tasks.execution.ResolveAfterPreviousExecutionStateTaskExecuter.execute(Lorg/gradle/api/internal/TaskInternal;Lorg/gradle/api/internal/tasks/TaskStateInternal;Lorg/gradle/api/internal/tasks/TaskExecutionContext;)Lorg/gradle/api/internal/tasks/TaskExecuterResult; (40 bytes) @ 0x000000011415985c [0x0000000114159540+0x31c]
J 17986 C1 org.gradle.api.internal.tasks.execution.CleanupStaleOutputsExecuter.execute(Lorg/gradle/api/internal/TaskInternal;Lorg/gradle/api/internal/tasks/TaskStateInternal;Lorg/gradle/api/internal/tasks/TaskExecutionContext;)Lorg/gradle/api/internal/tasks/TaskExecuterResult; (194 bytes) @ 0x000000011514cbcc [0x000000011514c4e0+0x6ec]
J 13413 C1 org.gradle.api.internal.tasks.execution.FinalizePropertiesTaskExecuter.execute(Lorg/gradle/api/internal/TaskInternal;Lorg/gradle/api/internal/tasks/TaskStateInternal;Lorg/gradle/api/internal/tasks/TaskExecutionContext;)Lorg/gradle/api/internal/tasks/TaskExecuterResult; (168 bytes) @ 0x0000000115261954 [0x0000000115261760+0x1f4]
J 18006 C1 org.gradle.api.internal.tasks.execution.ResolveTaskExecutionModeExecuter.execute(Lorg/gradle/api/internal/TaskInternal;Lorg/gradle/api/internal/tasks/TaskStateInternal;Lorg/gradle/api/internal/tasks/TaskExecutionContext;)Lorg/gradle/api/internal/tasks/TaskExecuterResult; (178 bytes) @ 0x000000011516b6fc [0x000000011516b0c0+0x63c]
J 21204 C1 org.gradle.api.internal.tasks.execution.SkipTaskWithNoActionsExecuter.execute(Lorg/gradle/api/internal/TaskInternal;Lorg/gradle/api/internal/tasks/TaskStateInternal;Lorg/gradle/api/internal/tasks/TaskExecutionContext;)Lorg/gradle/api/internal/tasks/TaskExecuterResult; (126 bytes) @ 0x000000011483186c [0x00000001148313e0+0x48c]
J 21201 C1 org.gradle.api.internal.tasks.execution.SkipOnlyIfTaskExecuter.execute(Lorg/gradle/api/internal/TaskInternal;Lorg/gradle/api/internal/tasks/TaskStateInternal;Lorg/gradle/api/internal/tasks/TaskExecutionContext;)Lorg/gradle/api/internal/tasks/TaskExecuterResult; (97 bytes) @ 0x000000011419b66c [0x000000011419afa0+0x6cc]
J 21200 C1 org.gradle.api.internal.tasks.execution.CatchExceptionTaskExecuter.execute(Lorg/gradle/api/internal/TaskInternal;Lorg/gradle/api/internal/tasks/TaskStateInternal;Lorg/gradle/api/internal/tasks/TaskExecutionContext;)Lorg/gradle/api/internal/tasks/TaskExecuterResult; (33 bytes) @ 0x0000000114a57724 [0x0000000114a576a0+0x84]
J 19738 C1 org.gradle.api.internal.tasks.execution.EventFiringTaskExecuter$1.executeTask(Lorg/gradle/internal/operations/BuildOperationContext;)Lorg/gradle/api/internal/tasks/TaskExecuterResult; (279 bytes) @ 0x0000000115e17aa4 [0x0000000115e177e0+0x2c4]
J 19737 C1 org.gradle.api.internal.tasks.execution.EventFiringTaskExecuter$1.call(Lorg/gradle/internal/operations/BuildOperationContext;)Lorg/gradle/api/internal/tasks/TaskExecuterResult; (49 bytes) @ 0x0000000115e171b4 [0x0000000115e17140+0x74]
J 19736 C1 org.gradle.api.internal.tasks.execution.EventFiringTaskExecuter$1.call(Lorg/gradle/internal/operations/BuildOperationContext;)Ljava/lang/Object; (6 bytes) @ 0x0000000115e16e24 [0x0000000115e16dc0+0x64]
J 16894 C2 org.gradle.internal.operations.DefaultBuildOperationExecutor$1.execute(Lorg/gradle/internal/operations/BuildOperationDescriptor;Lorg/gradle/internal/operations/DefaultBuildOperationExecutor$DefaultBuildOperationContext;Lorg/gradle/internal/operations/DefaultBuildOperationExecutor$BuildOperationExecutionListener;)Lorg/gradle/internal/operations/BuildOperation; (82 bytes) @ 0x0000000115751634 [0x0000000115751560+0xd4]
J 17016 C2 org.gradle.internal.operations.DefaultBuildOperationExecutor.execute(Lorg/gradle/internal/operations/BuildOperationDescriptor$Builder;Lorg/gradle/internal/operations/DefaultBuildOperationExecutor$BuildOperationState;Lorg/gradle/internal/operations/DefaultBuildOperationExecutor$BuildOperationExecution;)Lorg/gradle/internal/operations/BuildOperation; (111 bytes) @ 0x0000000115783af4 [0x0000000115783480+0x674]
J 18818 C2 org.gradle.internal.operations.DelegatingBuildOperationExecutor.call(Lorg/gradle/internal/operations/CallableBuildOperation;)Ljava/lang/Object; (11 bytes) @ 0x0000000115bbbe88 [0x0000000115bbbc80+0x208]
J 17908 C1 org.gradle.api.internal.tasks.execution.EventFiringTaskExecuter.execute(Lorg/gradle/api/internal/TaskInternal;Lorg/gradle/api/internal/tasks/TaskStateInternal;Lorg/gradle/api/internal/tasks/TaskExecutionContext;)Lorg/gradle/api/internal/tasks/TaskExecuterResult; (24 bytes) @ 0x00000001151202ec [0x00000001151201c0+0x12c]
J 9442 C1 org.gradle.execution.plan.LocalTaskNodeExecutor.execute(Lorg/gradle/execution/plan/Node;Lorg/gradle/execution/ProjectExecutionServiceRegistry;)Z (116 bytes) @ 0x0000000113c4b2ec [0x0000000113c4ae80+0x46c]
J 21358 C1 org.gradle.execution.taskgraph.DefaultTaskExecutionGraph$InvokeNodeExecutorsAction.execute(Lorg/gradle/execution/plan/Node;)V (74 bytes) @ 0x00000001161c5e0c [0x00000001161c5a80+0x38c]
J 9441 C1 org.gradle.execution.taskgraph.DefaultTaskExecutionGraph$InvokeNodeExecutorsAction.execute(Ljava/lang/Object;)V (9 bytes) @ 0x0000000113c4c1cc [0x0000000113c4c140+0x8c]
...<more frames>...


---------------  P R O C E S S  ---------------

Java Threads: ( => current thread )
  0x00007fc5cf33c800 JavaThread "Cache worker for Java compile cache (/Users/lantianbao/AndroidStudioProjects/fenggtaii/lt_smart_pasture/.gradle/5.6.4/javaCompile)" [_thread_blocked, id=40207, stack(0x000070000b166000,0x000070000b266000)]
  0x00007fc5cd18e800 JavaThread "WorkerExecutor Queue" [_thread_blocked, id=26127, stack(0x000070000b063000,0x000070000b163000)]
  0x00007fc5ca73c000 JavaThread "Cache worker for execution history cache (/Users/lantianbao/AndroidStudioProjects/fenggtaii/lt_smart_pasture/.gradle/5.6.4/executionHistory)" [_thread_blocked, id=22543, stack(0x000070000ae5d000,0x000070000af5d000)]
  0x00007fc5cf2a3800 JavaThread "Execution worker for ':' Thread 3" [_thread_blocked, id=38155, stack(0x000070000ad5a000,0x000070000ae5a000)]
=>0x00007fc5ceb30000 JavaThread "Execution worker for ':' Thread 2" [_thread_in_Java, id=38411, stack(0x000070000ac57000,0x000070000ad57000)]
  0x00007fc5ce9a4000 JavaThread "Execution worker for ':'" [_thread_blocked, id=38671, stack(0x000070000ab54000,0x000070000ac54000)]
  0x00007fc5cc0e1000 JavaThread "Cache worker for file content cache (/Users/lantianbao/AndroidStudioProjects/fenggtaii/lt_smart_pasture/.gradle/5.6.4/fileContent)" [_thread_blocked, id=39435, stack(0x000070000aa51000,0x000070000ab51000)]
  0x00007fc5cd2fd000 JavaThread "Cache worker for Build Output Cleanup Cache (/Users/lantianbao/AndroidStudioProjects/fenggtaii/lt_smart_pasture/.gradle/buildOutputCleanup)" [_thread_blocked, id=23567, stack(0x000070000a748000,0x000070000a848000)]
  0x00007fc5cfc6b000 JavaThread "pool-6-thread-1" [_thread_blocked, id=23055, stack(0x000070000a645000,0x000070000a745000)]
  0x00007fc5ca1f7800 JavaThread "Build operations Thread 4" [_thread_blocked, id=22031, stack(0x000070000a542000,0x000070000a642000)]
  0x00007fc5cacee800 JavaThread "Build operations Thread 3" [_thread_blocked, id=40463, stack(0x000070000a43f000,0x000070000a53f000)]
  0x00007fc5cf20c800 JavaThread "Build operations Thread 2" [_thread_blocked, id=17167, stack(0x000070000a33c000,0x000070000a43c000)]
  0x00007fc5cf2a5000 JavaThread "Build operations" [_thread_blocked, id=39951, stack(0x000070000a239000,0x000070000a339000)]
  0x00007fc5cab9b000 JavaThread "Cache worker for cache directory md-rule (/Users/lantianbao/.gradle/caches/5.6.4/md-rule)" [_thread_blocked, id=30991, stack(0x000070000a033000,0x000070000a133000)]
  0x00007fc5cd2fc000 JavaThread "Cache worker for cache directory md-supplier (/Users/lantianbao/.gradle/caches/5.6.4/md-supplier)" [_thread_blocked, id=43023, stack(0x0000700009f30000,0x000070000a030000)]
  0x00007fc5cf2a2000 JavaThread "Cache worker for file hash cache (/Users/lantianbao/AndroidStudioProjects/fenggtaii/lt_smart_pasture/.gradle/5.6.4/fileHashes)" [_thread_blocked, id=36367, stack(0x0000700009e2d000,0x0000700009f2d000)]
  0x00007fc5c9a9d800 JavaThread "Thread-83" [_thread_blocked, id=31503, stack(0x0000700009a21000,0x0000700009b21000)]
  0x00007fc5cd2fa000 JavaThread "Stdin handler" [_thread_blocked, id=28939, stack(0x000070000991e000,0x0000700009a1e000)]
  0x00007fc5ca6ba000 JavaThread "Asynchronous log dispatcher for DefaultDaemonConnection: socket connection from /127.0.0.1:53588 to /127.0.0.1:57074" [_thread_blocked, id=37643, stack(0x000070000981b000,0x000070000991b000)]
  0x00007fc5cc11f000 JavaThread "Daemon worker Thread 4" [_thread_blocked, id=31251, stack(0x0000700009718000,0x0000700009818000)]
  0x00007fc5ca771800 JavaThread "Cancel handler" [_thread_blocked, id=17679, stack(0x0000700009615000,0x0000700009715000)]
  0x00007fc5cc11e800 JavaThread "Handler for socket connection from /127.0.0.1:53588 to /127.0.0.1:57074" [_thread_in_native, id=12039, stack(0x0000700009512000,0x0000700009612000)]
  0x00007fc5cd360800 JavaThread "Daemon Thread 4" [_thread_blocked, id=20747, stack(0x000070000940f000,0x000070000950f000)]
  0x00007fc5c90a6000 JavaThread "Cache worker for Java compile cache (/Users/lantianbao/.gradle/caches/5.6.4/javaCompile)" [_thread_blocked, id=28419, stack(0x000070000af60000,0x000070000b060000)]
  0x00007fc5c98af800 JavaThread "Cache worker for file content cache (/Users/lantianbao/.gradle/caches/5.6.4/fileContent)" [_thread_blocked, id=27139, stack(0x000070000a94e000,0x000070000aa4e000)]
  0x00007fc5cb985800 JavaThread "Memory manager" [_thread_blocked, id=26627, stack(0x000070000a84b000,0x000070000a94b000)]
  0x00007fc5cce2e800 JavaThread "Cache worker for execution history cache (/Users/lantianbao/.gradle/caches/5.6.4/executionHistory)" [_thread_blocked, id=41219, stack(0x000070000a136000,0x000070000a236000)]
  0x00007fc5c9b2d000 JavaThread "Cache worker for journal cache (/Users/lantianbao/.gradle/caches/journal-1)" [_thread_blocked, id=41987, stack(0x0000700009d2a000,0x0000700009e2a000)]
  0x00007fc5c93ec800 JavaThread "File lock request listener" [_thread_in_native, id=42499, stack(0x0000700009c27000,0x0000700009d27000)]
  0x00007fc5c90d9800 JavaThread "Cache worker for file hash cache (/Users/lantianbao/.gradle/caches/5.6.4/fileHashes)" [_thread_blocked, id=23811, stack(0x0000700009b24000,0x0000700009c24000)]
  0x00007fc5c98eb000 JavaThread "Daemon periodic checks" [_thread_blocked, id=18435, stack(0x000070000930c000,0x000070000940c000)]
  0x00007fc5ca5d7800 JavaThread "Incoming local TCP Connector on port 53588" [_thread_in_native, id=16643, stack(0x0000700009209000,0x0000700009309000)]
  0x00007fc5ca5cb000 JavaThread "Daemon health stats" [_thread_blocked, id=16131, stack(0x0000700009106000,0x0000700009206000)]
  0x00007fc5ca83c800 JavaThread "Service Thread" daemon [_thread_blocked, id=15107, stack(0x0000700008f00000,0x0000700009000000)]
  0x00007fc5ca819800 JavaThread "C1 CompilerThread2" daemon [_thread_blocked, id=14595, stack(0x0000700008dfd000,0x0000700008efd000)]
  0x00007fc5ca802000 JavaThread "C2 CompilerThread1" daemon [_thread_in_native, id=14083, stack(0x0000700008cfa000,0x0000700008dfa000)]
  0x00007fc5c9023800 JavaThread "C2 CompilerThread0" daemon [_thread_in_native, id=18691, stack(0x0000700008bf7000,0x0000700008cf7000)]
  0x00007fc5c9836000 JavaThread "Signal Dispatcher" daemon [_thread_blocked, id=19203, stack(0x0000700008af4000,0x0000700008bf4000)]
  0x00007fc5c9010000 JavaThread "Finalizer" daemon [_thread_blocked, id=11779, stack(0x00007000088eb000,0x00007000089eb000)]
  0x00007fc5c900f800 JavaThread "Reference Handler" daemon [_thread_blocked, id=21507, stack(0x00007000087e8000,0x00007000088e8000)]
  0x00007fc5ca801000 JavaThread "main" [_thread_blocked, id=3843, stack(0x00007000081d6000,0x00007000082d6000)]

Other Threads:
  0x00007fc5c9826000 VMThread [stack: 0x00007000086e5000,0x00007000087e5000] [id=11267]
  0x00007fc5c9837000 WatcherThread [stack: 0x0000700009003000,0x0000700009103000] [id=15619]

VM state:not at safepoint (normal execution)

VM Mutex/Monitor currently owned by a thread: None

heap address: 0x0000000760000000, size: 1536 MB, Compressed Oops mode: Zero based, Oop shift amount: 3
Narrow klass base: 0x0000000000000000, Narrow klass shift: 3
Compressed class space size: 1073741824 Address: 0x00000007c0000000

Heap:
 PSYoungGen      total 404992K, used 59620K [0x00000007a0000000, 0x00000007bfd80000, 0x00000007c0000000)
  eden space 348160K, 2% used [0x00000007a0000000,0x00000007a09cc950,0x00000007b5400000)
  from space 56832K, 87% used [0x00000007b5400000,0x00000007b846ca38,0x00000007b8b80000)
  to   space 62976K, 0% used [0x00000007bc000000,0x00000007bc000000,0x00000007bfd80000)
 ParOldGen       total 233984K, used 83242K [0x0000000760000000, 0x000000076e480000, 0x00000007a0000000)
  object space 233984K, 35% used [0x0000000760000000,0x000000076514aa00,0x000000076e480000)
 Metaspace       used 95538K, capacity 101510K, committed 101632K, reserved 1136640K
  class space    used 12772K, capacity 13967K, committed 14080K, reserved 1048576K

Card table byte_map: [0x0000000111579000,0x000000011187a000] byte_map_base: 0x000000010da79000

Marking Bits: (ParMarkBitMap*) 0x0000000110afbe40
 Begin Bits: [0x0000000121efe000, 0x00000001236fe000)
 End Bits:   [0x00000001236fe000, 0x0000000124efe000)

Polling page: 0x000000010f85e000

CodeCache: size=245760Kb used=51378Kb max_used=51763Kb free=194381Kb
 bounds [0x0000000112efe000, 0x00000001161de000, 0x0000000121efe000]
 total_blobs=18140 nmethods=17255 adapters=795
 compilation: enabled

Compilation events (10 events):
Event: 8752.000 Thread 0x00007fc5ca819800 21390       3       org.gradle.api.internal.tasks.compile.incremental.classpath.ClasspathEntrySnapshot::getClasses (13 bytes)
Event: 8752.001 Thread 0x00007fc5ca819800 nmethod 21390 0x0000000113dd7a90 code [0x0000000113dd7c00, 0x0000000113dd7e48]
Event: 8752.004 Thread 0x00007fc5ca819800 21391       3       org.gradle.api.internal.tasks.compile.incremental.classpath.SplitClasspathEntrySnapshotCache::get (40 bytes)
Event: 8752.005 Thread 0x00007fc5ca819800 nmethod 21391 0x0000000114753e90 code [0x0000000114754040, 0x0000000114754548]
Event: 8752.008 Thread 0x00007fc5ca819800 21392       3       org.gradle.api.internal.tasks.compile.incremental.classpath.DefaultClasspathEntrySnapshotCache::get (29 bytes)
Event: 8752.009 Thread 0x00007fc5ca819800 nmethod 21392 0x0000000113d1eb10 code [0x0000000113d1ed20, 0x0000000113d1f6e8]
Event: 8752.012 Thread 0x00007fc5ca819800 21393       3       org.gradle.cache.internal.MinimalPersistentCache::get (11 bytes)
Event: 8752.013 Thread 0x00007fc5ca819800 nmethod 21393 0x0000000113f4c350 code [0x0000000113f4c4c0, 0x0000000113f4c6e8]
Event: 8752.013 Thread 0x00007fc5c9023800 nmethod 21385 0x0000000114041b50 code [0x0000000114041d00, 0x0000000114042158]
Event: 8752.013 Thread 0x00007fc5c9023800 21335       4       org.gradle.internal.fingerprint.classpath.impl.ClasspathFingerprintingStrategy$ClasspathFingerprintVisitor::visit (61 bytes)

GC Heap History (10 events):
Event: 806.184 GC heap before
{Heap before GC invocations=19 (full 3):
 PSYoungGen      total 317440K, used 82607K [0x00000007a0000000, 0x00000007b9980000, 0x00000007c0000000)
  eden space 277504K, 18% used [0x00000007a0000000,0x00000007a31ad900,0x00000007b0f00000)
  from space 39936K, 79% used [0x00000007b0f00000,0x00000007b2dfe648,0x00000007b3600000)
  to   space 43008K, 0% used [0x00000007b6f80000,0x00000007b6f80000,0x00000007b9980000)
 ParOldGen       total 153600K, used 88146K [0x0000000760000000, 0x0000000769600000, 0x00000007a0000000)
  object space 153600K, 57% used [0x0000000760000000,0x0000000765614b00,0x0000000769600000)
 Metaspace       used 92837K, capacity 98318K, committed 98380K, reserved 1134592K
  class space    used 12614K, capacity 13769K, committed 13824K, reserved 1048576K
Event: 806.257 GC heap after
Heap after GC invocations=19 (full 3):
 PSYoungGen      total 357888K, used 27639K [0x00000007a0000000, 0x00000007b9180000, 0x00000007c0000000)
  eden space 323072K, 0% used [0x00000007a0000000,0x00000007a0000000,0x00000007b3b80000)
  from space 34816K, 79% used [0x00000007b6f80000,0x00000007b8a7dc28,0x00000007b9180000)
  to   space 44032K, 0% used [0x00000007b3b80000,0x00000007b3b80000,0x00000007b6680000)
 ParOldGen       total 153600K, used 88154K [0x0000000760000000, 0x0000000769600000, 0x00000007a0000000)
  object space 153600K, 57% used [0x0000000760000000,0x0000000765616b00,0x0000000769600000)
 Metaspace       used 92837K, capacity 98318K, committed 98380K, reserved 1134592K
  class space    used 12614K, capacity 13769K, committed 13824K, reserved 1048576K
}
Event: 806.257 GC heap before
{Heap before GC invocations=20 (full 4):
 PSYoungGen      total 357888K, used 27639K [0x00000007a0000000, 0x00000007b9180000, 0x00000007c0000000)
  eden space 323072K, 0% used [0x00000007a0000000,0x00000007a0000000,0x00000007b3b80000)
  from space 34816K, 79% used [0x00000007b6f80000,0x00000007b8a7dc28,0x00000007b9180000)
  to   space 44032K, 0% used [0x00000007b3b80000,0x00000007b3b80000,0x00000007b6680000)
 ParOldGen       total 153600K, used 88154K [0x0000000760000000, 0x0000000769600000, 0x00000007a0000000)
  object space 153600K, 57% used [0x0000000760000000,0x0000000765616b00,0x0000000769600000)
 Metaspace       used 92837K, capacity 98318K, committed 98380K, reserved 1134592K
  class space    used 12614K, capacity 13769K, committed 13824K, reserved 1048576K
Event: 806.675 GC heap after
Heap after GC invocations=20 (full 4):
 PSYoungGen      total 357888K, used 0K [0x00000007a0000000, 0x00000007b9180000, 0x00000007c0000000)
  eden space 323072K, 0% used [0x00000007a0000000,0x00000007a0000000,0x00000007b3b80000)
  from space 34816K, 0% used [0x00000007b6f80000,0x00000007b6f80000,0x00000007b9180000)
  to   space 44032K, 0% used [0x00000007b3b80000,0x00000007b3b80000,0x00000007b6680000)
 ParOldGen       total 233984K, used 72677K [0x0000000760000000, 0x000000076e480000, 0x00000007a0000000)
  object space 233984K, 31% used [0x0000000760000000,0x00000007646f95a0,0x000000076e480000)
 Metaspace       used 91161K, capacity 96026K, committed 98380K, reserved 1134592K
  class space    used 12365K, capacity 13387K, committed 13824K, reserved 1048576K
}
Event: 993.020 GC heap before
{Heap before GC invocations=21 (full 4):
 PSYoungGen      total 357888K, used 323072K [0x00000007a0000000, 0x00000007b9180000, 0x00000007c0000000)
  eden space 323072K, 100% used [0x00000007a0000000,0x00000007b3b80000,0x00000007b3b80000)
  from space 34816K, 0% used [0x00000007b6f80000,0x00000007b6f80000,0x00000007b9180000)
  to   space 44032K, 0% used [0x00000007b3b80000,0x00000007b3b80000,0x00000007b6680000)
 ParOldGen       total 233984K, used 72677K [0x0000000760000000, 0x000000076e480000, 0x00000007a0000000)
  object space 233984K, 31% used [0x0000000760000000,0x00000007646f95a0,0x000000076e480000)
 Metaspace       used 92509K, capacity 98272K, committed 99276K, reserved 1134592K
  class space    used 12504K, capacity 13628K, committed 13952K, reserved 1048576K
Event: 993.075 GC heap after
Heap after GC invocations=21 (full 4):
 PSYoungGen      total 367104K, used 30936K [0x00000007a0000000, 0x00000007bb880000, 0x00000007c0000000)
  eden space 323072K, 0% used [0x00000007a0000000,0x00000007a0000000,0x00000007b3b80000)
  from space 44032K, 70% used [0x00000007b3b80000,0x00000007b59b6020,0x00000007b6680000)
  to   space 46080K, 0% used [0x00000007b8b80000,0x00000007b8b80000,0x00000007bb880000)
 ParOldGen       total 233984K, used 72685K [0x0000000760000000, 0x000000076e480000, 0x00000007a0000000)
  object space 233984K, 31% used [0x0000000760000000,0x00000007646fb5a0,0x000000076e480000)
 Metaspace       used 92509K, capacity 98272K, committed 99276K, reserved 1134592K
  class space    used 12504K, capacity 13628K, committed 13952K, reserved 1048576K
}
Event: 996.721 GC heap before
{Heap before GC invocations=22 (full 4):
 PSYoungGen      total 367104K, used 354008K [0x00000007a0000000, 0x00000007bb880000, 0x00000007c0000000)
  eden space 323072K, 100% used [0x00000007a0000000,0x00000007b3b80000,0x00000007b3b80000)
  from space 44032K, 70% used [0x00000007b3b80000,0x00000007b59b6020,0x00000007b6680000)
  to   space 46080K, 0% used [0x00000007b8b80000,0x00000007b8b80000,0x00000007bb880000)
 ParOldGen       total 233984K, used 72685K [0x0000000760000000, 0x000000076e480000, 0x00000007a0000000)
  object space 233984K, 31% used [0x0000000760000000,0x00000007646fb5a0,0x000000076e480000)
 Metaspace       used 93861K, capacity 99682K, committed 99968K, reserved 1134592K
  class space    used 12622K, capacity 13781K, committed 13952K, reserved 1048576K
Event: 996.869 GC heap after
Heap after GC invocations=22 (full 4):
 PSYoungGen      total 394240K, used 46062K [0x00000007a0000000, 0x00000007bde80000, 0x00000007c0000000)
  eden space 348160K, 0% used [0x00000007a0000000,0x00000007a0000000,0x00000007b5400000)
  from space 46080K, 99% used [0x00000007b8b80000,0x00000007bb87b910,0x00000007bb880000)
  to   space 56832K, 0% used [0x00000007b5400000,0x00000007b5400000,0x00000007b8b80000)
 ParOldGen       total 233984K, used 83234K [0x0000000760000000, 0x000000076e480000, 0x00000007a0000000)
  object space 233984K, 35% used [0x0000000760000000,0x0000000765148a00,0x000000076e480000)
 Metaspace       used 93861K, capacity 99682K, committed 99968K, reserved 1134592K
  class space    used 12622K, capacity 13781K, committed 13952K, reserved 1048576K
}
Event: 8751.676 GC heap before
{Heap before GC invocations=23 (full 4):
 PSYoungGen      total 394240K, used 394222K [0x00000007a0000000, 0x00000007bde80000, 0x00000007c0000000)
  eden space 348160K, 100% used [0x00000007a0000000,0x00000007b5400000,0x00000007b5400000)
  from space 46080K, 99% used [0x00000007b8b80000,0x00000007bb87b910,0x00000007bb880000)
  to   space 56832K, 0% used [0x00000007b5400000,0x00000007b5400000,0x00000007b8b80000)
 ParOldGen       total 233984K, used 83234K [0x0000000760000000, 0x000000076e480000, 0x00000007a0000000)
  object space 233984K, 35% used [0x0000000760000000,0x0000000765148a00,0x000000076e480000)
 Metaspace       used 95506K, capacity 101446K, committed 101632K, reserved 1136640K
  class space    used 12769K, capacity 13967K, committed 14080K, reserved 1048576K
Event: 8751.907 GC heap after
Heap after GC invocations=23 (full 4):
 PSYoungGen      total 404992K, used 49586K [0x00000007a0000000, 0x00000007bfd80000, 0x00000007c0000000)
  eden space 348160K, 0% used [0x00000007a0000000,0x00000007a0000000,0x00000007b5400000)
  from space 56832K, 87% used [0x00000007b5400000,0x00000007b846ca38,0x00000007b8b80000)
  to   space 62976K, 0% used [0x00000007bc000000,0x00000007bc000000,0x00000007bfd80000)
 ParOldGen       total 233984K, used 83242K [0x0000000760000000, 0x000000076e480000, 0x00000007a0000000)
  object space 233984K, 35% used [0x0000000760000000,0x000000076514aa00,0x000000076e480000)
 Metaspace       used 95506K, capacity 101446K, committed 101632K, reserved 1136640K
  class space    used 12769K, capacity 13967K, committed 14080K, reserved 1048576K
}

Deoptimization events (10 events):
Event: 8750.846 Thread 0x00007fc5cf20c800 Uncommon trap: reason=bimorphic action=maybe_recompile pc=0x0000000115fb2ab4 method=org.gradle.internal.Try$Success.flatMap(Ljava/util/function/Function;)Lorg/gradle/internal/Try; @ 5
Event: 8750.847 Thread 0x00007fc5cf2a5000 Uncommon trap: reason=bimorphic action=maybe_recompile pc=0x0000000115fb2ab4 method=org.gradle.internal.Try$Success.flatMap(Ljava/util/function/Function;)Lorg/gradle/internal/Try; @ 5
Event: 8750.849 Thread 0x00007fc5ca1f7800 Uncommon trap: reason=bimorphic action=maybe_recompile pc=0x0000000115fb2ab4 method=org.gradle.internal.Try$Success.flatMap(Ljava/util/function/Function;)Lorg/gradle/internal/Try; @ 5
Event: 8750.849 Thread 0x00007fc5cacee800 Uncommon trap: reason=bimorphic action=maybe_recompile pc=0x0000000115fb2ab4 method=org.gradle.internal.Try$Success.flatMap(Ljava/util/function/Function;)Lorg/gradle/internal/Try; @ 5
Event: 8751.362 Thread 0x00007fc5ceb30000 Uncommon trap: reason=unstable_if action=reinterpret pc=0x0000000115520924 method=com.sun.org.apache.xerces.internal.util.SymbolTable.addSymbol([CII)Ljava/lang/String; @ 64
Event: 8751.362 Thread 0x00007fc5ceb30000 Uncommon trap: reason=unstable_if action=reinterpret pc=0x0000000113502b3c method=com.sun.org.apache.xerces.internal.impl.XMLEntityScanner.scanLiteral(ILcom/sun/org/apache/xerces/internal/xni/XMLString;Z)I @ 570
Event: 8751.399 Thread 0x00007fc5ceb30000 Uncommon trap: reason=unstable_if action=reinterpret pc=0x00000001149bbfe0 method=java.lang.Long.getChars(JI[C)V @ 9
Event: 8751.467 Thread 0x00007fc5ceb30000 Uncommon trap: reason=unstable_if action=reinterpret pc=0x0000000113a5fa9c method=java.lang.Character.isSurrogate(C)Z @ 3
Event: 8751.496 Thread 0x00007fc5ceb30000 Uncommon trap: reason=unstable_if action=reinterpret pc=0x0000000115e23d30 method=java.util.Arrays.sort([Ljava/lang/Object;Ljava/util/Comparator;)V @ 1
Event: 8751.606 Thread 0x00007fc5cd18e800 Uncommon trap: reason=unstable_if action=reinterpret pc=0x0000000115cb7f54 method=java.io.BufferedReader.readLine(Z)Ljava/lang/String; @ 192

Classes redefined (0 events):
No events

Internal exceptions (10 events):
Event: 992.523 Thread 0x00007fc5cfa56000 Implicit null exception at 0x000000011585dc81 to 0x000000011585ddc5
Event: 996.998 Thread 0x00007fc5cea9e800 Exception <a 'sun/nio/fs/UnixException'> (0x00000007a0c6edb8) thrown at [/Users/java_re/workspace/8-2-build-macosx-x86_64/jdk8u211/12973/hotspot/src/share/vm/prims/jni.cpp, line 710]
Event: 997.002 Thread 0x00007fc5cea9e800 Exception <a 'sun/nio/fs/UnixException'> (0x00000007a0c782e8) thrown at [/Users/java_re/workspace/8-2-build-macosx-x86_64/jdk8u211/12973/hotspot/src/share/vm/prims/jni.cpp, line 710]
Event: 997.003 Thread 0x00007fc5cea9e800 Exception <a 'sun/nio/fs/UnixException'> (0x00000007a0c82b68) thrown at [/Users/java_re/workspace/8-2-build-macosx-x86_64/jdk8u211/12973/hotspot/src/share/vm/prims/jni.cpp, line 710]
Event: 997.680 Thread 0x00007fc5cd283000 Exception <a 'sun/nio/fs/UnixException'> (0x00000007a3de8a20) thrown at [/Users/java_re/workspace/8-2-build-macosx-x86_64/jdk8u211/12973/hotspot/src/share/vm/prims/jni.cpp, line 710]
Event: 997.734 Thread 0x00007fc5cebf9800 Exception <a 'java/io/FileNotFoundException'> (0x00000007a34e43e8) thrown at [/Users/java_re/workspace/8-2-build-macosx-x86_64/jdk8u211/12973/hotspot/src/share/vm/prims/jni.cpp, line 710]
Event: 997.831 Thread 0x00007fc5cebfa800 Exception <a 'java/io/FileNotFoundException'> (0x00000007a4157f88) thrown at [/Users/java_re/workspace/8-2-build-macosx-x86_64/jdk8u211/12973/hotspot/src/share/vm/prims/jni.cpp, line 710]
Event: 8748.318 Thread 0x00007fc5cc11f000 Exception <a 'sun/nio/fs/UnixException'> (0x00000007aa4637b0) thrown at [/Users/java_re/workspace/8-2-build-macosx-x86_64/jdk8u211/12973/hotspot/src/share/vm/prims/jni.cpp, line 710]
Event: 8750.699 Thread 0x00007fc5ce9a4000 Implicit null exception at 0x0000000113d01f77 to 0x0000000113d0211d
Event: 8751.537 Thread 0x00007fc5ceb30000 Exception <a 'java/lang/NoSuchMethodError': <clinit>> (0x00000007b4b88d68) thrown at [/Users/java_re/workspace/8-2-build-macosx-x86_64/jdk8u211/12973/hotspot/src/share/vm/prims/jni.cpp, line 1614]

Events (10 events):
Event: 8752.000 Thread 0x00007fc5c9023800 flushing nmethod 0x0000000114d44690
Event: 8752.002 Thread 0x00007fc5ca819800 flushing nmethod 0x0000000114f76810
Event: 8752.002 Thread 0x00007fc5ca819800 flushing nmethod 0x0000000115021350
Event: 8752.006 Thread 0x00007fc5ca819800 flushing nmethod 0x0000000115247290
Event: 8752.011 Thread 0x00007fc5ca819800 flushing nmethod 0x00000001156419d0
Event: 8752.011 Thread 0x00007fc5ca819800 flushing nmethod 0x00000001156754d0
Event: 8752.011 Thread 0x00007fc5ca819800 flushing nmethod 0x00000001156f4050
Event: 8752.011 Thread 0x00007fc5ca819800 flushing nmethod 0x00000001156fb7d0
Event: 8752.011 Thread 0x00007fc5ca819800 flushing nmethod 0x0000000115719690
Event: 8752.012 Thread 0x00007fc5ca819800 flushing nmethod 0x00000001157876d0


Dynamic libraries:
0x00007fff30d61000 	/System/Library/Frameworks/Cocoa.framework/Versions/A/Cocoa
0x00007fff3e32d000 	/System/Library/Frameworks/Security.framework/Versions/A/Security
0x00007fff2fcec000 	/System/Library/Frameworks/ApplicationServices.framework/Versions/A/ApplicationServices
0x00007fff68712000 	/usr/lib/libz.1.dylib
0x00007fff661e5000 	/usr/lib/libSystem.B.dylib
0x00007fff68036000 	/usr/lib/libobjc.A.dylib
0x00007fff31cd7000 	/System/Library/Frameworks/CoreFoundation.framework/Versions/A/CoreFoundation
0x00007fff3439c000 	/System/Library/Frameworks/Foundation.framework/Versions/C/Foundation
0x00007fff2eee1000 	/System/Library/Frameworks/AppKit.framework/Versions/C/AppKit
0x00007fff317e4000 	/System/Library/Frameworks/CoreData.framework/Versions/A/CoreData
0x00007fff62a90000 	/System/Library/PrivateFrameworks/UIFoundation.framework/Versions/A/UIFoundation
0x00007fff5d27b000 	/System/Library/PrivateFrameworks/RemoteViewServices.framework/Versions/A/RemoteViewServices
0x00007fff65520000 	/System/Library/PrivateFrameworks/XCTTargetBootstrap.framework/Versions/A/XCTTargetBootstrap
0x00007fff31bc7000 	/System/Library/Frameworks/CoreDisplay.framework/Versions/A/CoreDisplay
0x00007fff37114000 	/System/Library/Frameworks/Metal.framework/Versions/A/Metal
0x00007fff4b69c000 	/System/Library/PrivateFrameworks/DesktopServicesPriv.framework/Versions/A/DesktopServicesPriv
0x00007fff6731b000 	/usr/lib/liblangid.dylib
0x00007fff4a7f3000 	/System/Library/PrivateFrameworks/CoreSVG.framework/Versions/A/CoreSVG
0x00007fff6003d000 	/System/Library/PrivateFrameworks/SkyLight.framework/Versions/A/SkyLight
0x00007fff32159000 	/System/Library/Frameworks/CoreGraphics.framework/Versions/A/CoreGraphics
0x00007fff2da80000 	/System/Library/Frameworks/Accelerate.framework/Versions/A/Accelerate
0x00007fff68603000 	/usr/lib/libxml2.2.dylib
0x00007fff563ba000 	/System/Library/PrivateFrameworks/IconServices.framework/Versions/A/IconServices
0x00007fff34b80000 	/System/Library/Frameworks/IOSurface.framework/Versions/A/IOSurface
0x00007fff65d1d000 	/usr/lib/libDiagnosticMessagesClient.dylib
0x00007fff4b515000 	/System/Library/PrivateFrameworks/DFRFoundation.framework/Versions/A/DFRFoundation
0x00007fff670a9000 	/usr/lib/libicucore.A.dylib
0x00007fff3001e000 	/System/Library/Frameworks/AudioToolbox.framework/Versions/A/AudioToolbox
0x00007fff30100000 	/System/Library/Frameworks/AudioUnit.framework/Versions/A/AudioUnit
0x00007fff663e6000 	/usr/lib/libauto.dylib
0x00007fff4b596000 	/System/Library/PrivateFrameworks/DataDetectorsCore.framework/Versions/A/DataDetectorsCore
0x00007fff30881000 	/System/Library/Frameworks/Carbon.framework/Versions/A/Frameworks/HIToolbox.framework/Versions/A/HIToolbox
0x00007fff3d55f000 	/System/Library/Frameworks/QuartzCore.framework/Versions/A/QuartzCore
0x00007fff30bc0000 	/System/Library/Frameworks/Carbon.framework/Versions/A/Frameworks/SpeechRecognition.framework/Versions/A/SpeechRecognition
0x00007fff4ae9b000 	/System/Library/PrivateFrameworks/CoreUI.framework/Versions/A/CoreUI
0x00007fff3124a000 	/System/Library/Frameworks/CoreAudio.framework/Versions/A/CoreAudio
0x00007fff34064000 	/System/Library/Frameworks/DiskArbitration.framework/Versions/A/DiskArbitration
0x00007fff583ce000 	/System/Library/PrivateFrameworks/MultitouchSupport.framework/Versions/A/MultitouchSupport
0x00007fff66f6f000 	/usr/lib/libenergytrace.dylib
0x00007fff34adb000 	/System/Library/Frameworks/IOKit.framework/Versions/A/IOKit
0x00007fff330c7000 	/System/Library/Frameworks/CoreServices.framework/Versions/A/CoreServices
0x00007fff5a4d8000 	/System/Library/PrivateFrameworks/PerformanceAnalysis.framework/Versions/A/PerformanceAnalysis
0x00007fff3c595000 	/System/Library/Frameworks/OpenGL.framework/Versions/A/OpenGL
0x00007fff30d6f000 	/System/Library/Frameworks/ColorSync.framework/Versions/A/ColorSync
0x00007fff327e0000 	/System/Library/Frameworks/CoreImage.framework/Versions/A/CoreImage
0x00007fff33b3d000 	/System/Library/Frameworks/CoreText.framework/Versions/A/CoreText
0x00007fff34c06000 	/System/Library/Frameworks/ImageIO.framework/Versions/A/ImageIO
0x00007fff664cb000 	/usr/lib/libc++.1.dylib
0x00007fff66547000 	/usr/lib/libcompression.dylib
0x00007fff6605f000 	/usr/lib/libMobileGestalt.dylib
0x00007fff61b72000 	/System/Library/PrivateFrameworks/TextureIO.framework/Versions/A/TextureIO
0x00007fff6634c000 	/usr/lib/libate.dylib
0x00007fff565c3000 	/System/Library/PrivateFrameworks/InternationalSupport.framework/Versions/A/InternationalSupport
0x00007fff69188000 	/usr/lib/system/libcache.dylib
0x00007fff6918e000 	/usr/lib/system/libcommonCrypto.dylib
0x00007fff6919a000 	/usr/lib/system/libcompiler_rt.dylib
0x00007fff691a2000 	/usr/lib/system/libcopyfile.dylib
0x00007fff691ac000 	/usr/lib/system/libcorecrypto.dylib
0x00007fff6935a000 	/usr/lib/system/libdispatch.dylib
0x00007fff6939c000 	/usr/lib/system/libdyld.dylib
0x00007fff693d2000 	/usr/lib/system/libkeymgr.dylib
0x00007fff693e0000 	/usr/lib/system/liblaunch.dylib
0x00007fff693e1000 	/usr/lib/system/libmacho.dylib
0x00007fff693e7000 	/usr/lib/system/libquarantine.dylib
0x00007fff693ea000 	/usr/lib/system/libremovefile.dylib
0x00007fff693ec000 	/usr/lib/system/libsystem_asl.dylib
0x00007fff69404000 	/usr/lib/system/libsystem_blocks.dylib
0x00007fff69405000 	/usr/lib/system/libsystem_c.dylib
0x00007fff6948d000 	/usr/lib/system/libsystem_configuration.dylib
0x00007fff69491000 	/usr/lib/system/libsystem_coreservices.dylib
0x00007fff69495000 	/usr/lib/system/libsystem_darwin.dylib
0x00007fff6949e000 	/usr/lib/system/libsystem_dnssd.dylib
0x00007fff694a6000 	/usr/lib/system/libsystem_featureflags.dylib
0x00007fff694a8000 	/usr/lib/system/libsystem_info.dylib
0x00007fff69523000 	/usr/lib/system/libsystem_m.dylib
0x00007fff6956b000 	/usr/lib/system/libsystem_malloc.dylib
0x00007fff69593000 	/usr/lib/system/libsystem_networkextension.dylib
0x00007fff695a1000 	/usr/lib/system/libsystem_notify.dylib
0x00007fff695c0000 	/usr/lib/system/libsystem_sandbox.dylib
0x00007fff695c5000 	/usr/lib/system/libsystem_secinit.dylib
0x00007fff694f6000 	/usr/lib/system/libsystem_kernel.dylib
0x00007fff695ab000 	/usr/lib/system/libsystem_platform.dylib
0x00007fff695b5000 	/usr/lib/system/libsystem_pthread.dylib
0x00007fff695c8000 	/usr/lib/system/libsystem_symptoms.dylib
0x00007fff695d0000 	/usr/lib/system/libsystem_trace.dylib
0x00007fff695e8000 	/usr/lib/system/libunwind.dylib
0x00007fff695ee000 	/usr/lib/system/libxpc.dylib
0x00007fff6651f000 	/usr/lib/libc++abi.dylib
0x00007fff6731d000 	/usr/lib/liblzma.5.dylib
0x00007fff66f97000 	/usr/lib/libfakelink.dylib
0x00007fff662d9000 	/usr/lib/libarchive.2.dylib
0x00007fff3f4cd000 	/System/Library/Frameworks/SystemConfiguration.framework/Versions/A/SystemConfiguration
0x00007fff65c4e000 	/usr/lib/libCRFSuite.dylib
0x00007fff30476000 	/System/Library/Frameworks/CFNetwork.framework/Versions/A/CFNetwork
0x00007fff664ad000 	/usr/lib/libbsm.0.dylib
0x00007fff693d3000 	/usr/lib/system/libkxld.dylib
0x00007fff44fd7000 	/System/Library/PrivateFrameworks/AppleFSCompression.framework/Versions/A/AppleFSCompression
0x00007fff6682e000 	/usr/lib/libcoretls.dylib
0x00007fff66845000 	/usr/lib/libcoretls_cfhelpers.dylib
0x00007fff6807a000 	/usr/lib/libpam.2.dylib
0x00007fff681ad000 	/usr/lib/libsqlite3.dylib
0x00007fff685f0000 	/usr/lib/libxar.1.dylib
0x00007fff664be000 	/usr/lib/libbz2.1.0.dylib
0x00007fff66fb8000 	/usr/lib/libiconv.2.dylib
0x00007fff66534000 	/usr/lib/libcharset.1.dylib
0x00007fff67b21000 	/usr/lib/libnetwork.dylib
0x00007fff68081000 	/usr/lib/libpcap.A.dylib
0x00007fff6628e000 	/usr/lib/libapple_nghttp2.dylib
0x00007fff3347e000 	/System/Library/Frameworks/CoreServices.framework/Versions/A/Frameworks/FSEvents.framework/Versions/A/FSEvents
0x00007fff3314e000 	/System/Library/Frameworks/CoreServices.framework/Versions/A/Frameworks/CarbonCore.framework/Versions/A/CarbonCore
0x00007fff336c1000 	/System/Library/Frameworks/CoreServices.framework/Versions/A/Frameworks/Metadata.framework/Versions/A/Metadata
0x00007fff3375a000 	/System/Library/Frameworks/CoreServices.framework/Versions/A/Frameworks/OSServices.framework/Versions/A/OSServices
0x00007fff33788000 	/System/Library/Frameworks/CoreServices.framework/Versions/A/Frameworks/SearchKit.framework/Versions/A/SearchKit
0x00007fff330c8000 	/System/Library/Frameworks/CoreServices.framework/Versions/A/Frameworks/AE.framework/Versions/A/AE
0x00007fff33487000 	/System/Library/Frameworks/CoreServices.framework/Versions/A/Frameworks/LaunchServices.framework/Versions/A/LaunchServices
0x00007fff33430000 	/System/Library/Frameworks/CoreServices.framework/Versions/A/Frameworks/DictionaryServices.framework/Versions/A/DictionaryServices
0x00007fff337f0000 	/System/Library/Frameworks/CoreServices.framework/Versions/A/Frameworks/SharedFileList.framework/Versions/A/SharedFileList
0x00007fff383e9000 	/System/Library/Frameworks/NetFS.framework/Versions/A/NetFS
0x00007fff588fb000 	/System/Library/PrivateFrameworks/NetAuth.framework/Versions/A/NetAuth
0x00007fff658eb000 	/System/Library/PrivateFrameworks/login.framework/Versions/A/Frameworks/loginsupport.framework/Versions/A/loginsupport
0x00007fff6166d000 	/System/Library/PrivateFrameworks/TCC.framework/Versions/A/TCC
0x00007fff49bc2000 	/System/Library/PrivateFrameworks/CoreNLP.framework/Versions/A/CoreNLP
0x00007fff57dfe000 	/System/Library/PrivateFrameworks/MetadataUtilities.framework/Versions/A/MetadataUtilities
0x00007fff673f5000 	/usr/lib/libmecabra.dylib
0x00007fff6734d000 	/usr/lib/libmecab.dylib
0x00007fff66fa8000 	/usr/lib/libgermantok.dylib
0x00007fff66275000 	/usr/lib/libThaiTokenizer.dylib
0x00007fff65c86000 	/usr/lib/libChineseTokenizer.dylib
0x00007fff2da98000 	/System/Library/Frameworks/Accelerate.framework/Versions/A/Frameworks/vImage.framework/Versions/A/vImage
0x00007fff2ed3b000 	/System/Library/Frameworks/Accelerate.framework/Versions/A/Frameworks/vecLib.framework/Versions/A/vecLib
0x00007fff2ec7f000 	/System/Library/Frameworks/Accelerate.framework/Versions/A/Frameworks/vecLib.framework/Versions/A/libvMisc.dylib
0x00007fff2eaa5000 	/System/Library/Frameworks/Accelerate.framework/Versions/A/Frameworks/vecLib.framework/Versions/A/libvDSP.dylib
0x00007fff2e104000 	/System/Library/Frameworks/Accelerate.framework/Versions/A/Frameworks/vecLib.framework/Versions/A/libBLAS.dylib
0x00007fff2e65f000 	/System/Library/Frameworks/Accelerate.framework/Versions/A/Frameworks/vecLib.framework/Versions/A/libLAPACK.dylib
0x00007fff2ea05000 	/System/Library/Frameworks/Accelerate.framework/Versions/A/Frameworks/vecLib.framework/Versions/A/libLinearAlgebra.dylib
0x00007fff2ea92000 	/System/Library/Frameworks/Accelerate.framework/Versions/A/Frameworks/vecLib.framework/Versions/A/libSparseBLAS.dylib
0x00007fff2ea1b000 	/System/Library/Frameworks/Accelerate.framework/Versions/A/Frameworks/vecLib.framework/Versions/A/libQuadrature.dylib
0x00007fff2e36e000 	/System/Library/Frameworks/Accelerate.framework/Versions/A/Frameworks/vecLib.framework/Versions/A/libBNNS.dylib
0x00007fff2ea21000 	/System/Library/Frameworks/Accelerate.framework/Versions/A/Frameworks/vecLib.framework/Versions/A/libSparse.dylib
0x00007fff56982000 	/System/Library/PrivateFrameworks/LanguageModeling.framework/Versions/A/LanguageModeling
0x00007fff4955e000 	/System/Library/PrivateFrameworks/CoreEmoji.framework/Versions/A/CoreEmoji
0x00007fff56aa0000 	/System/Library/PrivateFrameworks/LinguisticData.framework/Versions/A/LinguisticData
0x00007fff56a51000 	/System/Library/PrivateFrameworks/Lexicon.framework/Versions/A/Lexicon
0x00007fff66535000 	/usr/lib/libcmph.dylib
0x00007fff3afbb000 	/System/Library/Frameworks/OpenDirectory.framework/Versions/A/Frameworks/CFOpenDirectory.framework/Versions/A/CFOpenDirectory
0x00007fff3afd8000 	/System/Library/Frameworks/OpenDirectory.framework/Versions/A/OpenDirectory
0x00007fff432a6000 	/System/Library/PrivateFrameworks/APFS.framework/Versions/A/APFS
0x00007fff3e680000 	/System/Library/Frameworks/SecurityFoundation.framework/Versions/A/SecurityFoundation
0x00007fff685ec000 	/usr/lib/libutil.dylib
0x00007fff4a84b000 	/System/Library/PrivateFrameworks/CoreServicesStore.framework/Versions/A/CoreServicesStore
0x00007fff3e738000 	/System/Library/Frameworks/ServiceManagement.framework/Versions/A/ServiceManagement
0x00007fff4678e000 	/System/Library/PrivateFrameworks/BackgroundTaskManagement.framework/Versions/A/BackgroundTaskManagement
0x00007fff686e9000 	/usr/lib/libxslt.1.dylib
0x00007fff4563c000 	/System/Library/PrivateFrameworks/AppleSystemInfo.framework/Versions/A/AppleSystemInfo
0x00007fff34e23000 	/System/Library/Frameworks/ImageIO.framework/Versions/A/Resources/libJPEG.dylib
0x00007fff350e2000 	/System/Library/Frameworks/ImageIO.framework/Versions/A/Resources/libTIFF.dylib
0x00007fff350c5000 	/System/Library/Frameworks/ImageIO.framework/Versions/A/Resources/libPng.dylib
0x00007fff34d64000 	/System/Library/Frameworks/ImageIO.framework/Versions/A/Resources/libGIF.dylib
0x00007fff34d68000 	/System/Library/Frameworks/ImageIO.framework/Versions/A/Resources/libJP2.dylib
0x00007fff350e0000 	/System/Library/Frameworks/ImageIO.framework/Versions/A/Resources/libRadiance.dylib
0x00007fff66f70000 	/usr/lib/libexpat.1.dylib
0x00007fff45132000 	/System/Library/PrivateFrameworks/AppleJPEG.framework/Versions/A/AppleJPEG
0x00007fff4dab8000 	/System/Library/PrivateFrameworks/FontServices.framework/libFontParser.dylib
0x00007fff64942000 	/System/Library/PrivateFrameworks/WatchdogClient.framework/Versions/A/WatchdogClient
0x00007fff5600f000 	/System/Library/PrivateFrameworks/IOAccelerator.framework/Versions/A/IOAccelerator
0x00007fff374a2000 	/System/Library/Frameworks/MetalPerformanceShaders.framework/Versions/A/MetalPerformanceShaders
0x00007fff52806000 	/System/Library/PrivateFrameworks/GPUWrangler.framework/Versions/A/GPUWrangler
0x00007fff5601a000 	/System/Library/PrivateFrameworks/IOPresentment.framework/Versions/A/IOPresentment
0x00007fff4b528000 	/System/Library/PrivateFrameworks/DSExternalDisplay.framework/Versions/A/DSExternalDisplay
0x00007fff3b941000 	/System/Library/Frameworks/OpenGL.framework/Versions/A/Libraries/libCoreFSCache.dylib
0x00007fff371f4000 	/System/Library/Frameworks/MetalPerformanceShaders.framework/Frameworks/MPSCore.framework/Versions/A/MPSCore
0x00007fff37231000 	/System/Library/Frameworks/MetalPerformanceShaders.framework/Frameworks/MPSImage.framework/Versions/A/MPSImage
0x00007fff372f3000 	/System/Library/Frameworks/MetalPerformanceShaders.framework/Frameworks/MPSNeuralNetwork.framework/Versions/A/MPSNeuralNetwork
0x00007fff372b8000 	/System/Library/Frameworks/MetalPerformanceShaders.framework/Frameworks/MPSMatrix.framework/Versions/A/MPSMatrix
0x00007fff37453000 	/System/Library/Frameworks/MetalPerformanceShaders.framework/Frameworks/MPSRayIntersector.framework/Versions/A/MPSRayIntersector
0x00007fff372dd000 	/System/Library/Frameworks/MetalPerformanceShaders.framework/Frameworks/MPSNDArray.framework/Versions/A/MPSNDArray
0x00007fff57e4b000 	/System/Library/PrivateFrameworks/MetalTools.framework/Versions/A/MetalTools
0x00007fff4445d000 	/System/Library/PrivateFrameworks/AggregateDictionary.framework/Versions/A/AggregateDictionary
0x00007fff48fe8000 	/System/Library/PrivateFrameworks/CoreAnalytics.framework/Versions/A/CoreAnalytics
0x00007fff4555a000 	/System/Library/PrivateFrameworks/AppleSauce.framework/Versions/A/AppleSauce
0x00007fff65f42000 	/usr/lib/libIOReport.dylib
0x00007fff33cf2000 	/System/Library/Frameworks/CoreVideo.framework/Versions/A/CoreVideo
0x00007fff53c72000 	/System/Library/PrivateFrameworks/GraphVisualizer.framework/Versions/A/GraphVisualizer
0x00007fff4d039000 	/System/Library/PrivateFrameworks/FaceCore.framework/Versions/A/FaceCore
0x00007fff3af62000 	/System/Library/Frameworks/OpenCL.framework/Versions/A/OpenCL
0x00007fff65d64000 	/usr/lib/libFosl_dynamic.dylib
0x00007fff592f6000 	/System/Library/PrivateFrameworks/OTSVG.framework/Versions/A/OTSVG
0x00007fff2fdf1000 	/System/Library/Frameworks/ApplicationServices.framework/Versions/A/Frameworks/ATS.framework/Versions/A/Resources/libFontRegistry.dylib
0x00007fff4dc89000 	/System/Library/PrivateFrameworks/FontServices.framework/libhvf.dylib
0x00007fff3b94c000 	/System/Library/Frameworks/OpenGL.framework/Versions/A/Libraries/libGFXShared.dylib
0x00007fff3bb29000 	/System/Library/Frameworks/OpenGL.framework/Versions/A/Libraries/libGLU.dylib
0x00007fff3b955000 	/System/Library/Frameworks/OpenGL.framework/Versions/A/Libraries/libGL.dylib
0x00007fff3b960000 	/System/Library/Frameworks/OpenGL.framework/Versions/A/Libraries/libGLImage.dylib
0x00007fff3b93e000 	/System/Library/Frameworks/OpenGL.framework/Versions/A/Libraries/libCVMSPluginSupport.dylib
0x00007fff3b947000 	/System/Library/Frameworks/OpenGL.framework/Versions/A/Libraries/libCoreVMClient.dylib
0x00007fff679c3000 	/usr/lib/libncurses.5.4.dylib
0x00007fff2fced000 	/System/Library/Frameworks/ApplicationServices.framework/Versions/A/Frameworks/ATS.framework/Versions/A/ATS
0x00007fff2feba000 	/System/Library/Frameworks/ApplicationServices.framework/Versions/A/Frameworks/ColorSyncLegacy.framework/Versions/A/ColorSyncLegacy
0x00007fff2ff59000 	/System/Library/Frameworks/ApplicationServices.framework/Versions/A/Frameworks/HIServices.framework/Versions/A/HIServices
0x00007fff2ffb0000 	/System/Library/Frameworks/ApplicationServices.framework/Versions/A/Frameworks/LangAnalysis.framework/Versions/A/LangAnalysis
0x00007fff2ffbf000 	/System/Library/Frameworks/ApplicationServices.framework/Versions/A/Frameworks/PrintCore.framework/Versions/A/PrintCore
0x00007fff30005000 	/System/Library/Frameworks/ApplicationServices.framework/Versions/A/Frameworks/QD.framework/Versions/A/QD
0x00007fff30010000 	/System/Library/Frameworks/ApplicationServices.framework/Versions/A/Frameworks/SpeechSynthesis.framework/Versions/A/SpeechSynthesis
0x00007fff2fe8a000 	/System/Library/Frameworks/ApplicationServices.framework/Versions/A/Frameworks/ATSUI.framework/Versions/A/ATSUI
0x00007fff66e04000 	/usr/lib/libcups.2.dylib
0x00007fff36551000 	/System/Library/Frameworks/Kerberos.framework/Versions/A/Kerberos
0x00007fff347d1000 	/System/Library/Frameworks/GSS.framework/Versions/A/GSS
0x00007fff68139000 	/usr/lib/libresolv.9.dylib
0x00007fff53e13000 	/System/Library/PrivateFrameworks/Heimdal.framework/Versions/A/Heimdal
0x00007fff36564000 	/System/Library/Frameworks/Kerberos.framework/Versions/A/Libraries/libHeimdalProxy.dylib
0x00007fff66fae000 	/usr/lib/libheimdal-asn1.dylib
0x00007fff4848e000 	/System/Library/PrivateFrameworks/CommonAuth.framework/Versions/A/CommonAuth
0x00007fff456d9000 	/System/Library/PrivateFrameworks/AssertionServices.framework/Versions/A/AssertionServices
0x00007fff4627c000 	/System/Library/PrivateFrameworks/AudioToolboxCore.framework/Versions/A/AudioToolboxCore
0x00007fff6559c000 	/System/Library/PrivateFrameworks/caulk.framework/Versions/A/caulk
0x00007fff4683a000 	/System/Library/PrivateFrameworks/BaseBoard.framework/Versions/A/BaseBoard
0x00007fff5d40a000 	/System/Library/PrivateFrameworks/RunningBoardServices.framework/Versions/A/RunningBoardServices
0x00007fff5a4e4000 	/System/Library/PrivateFrameworks/PersistentConnection.framework/Versions/A/PersistentConnection
0x00007fff5ce59000 	/System/Library/PrivateFrameworks/ProtocolBuffer.framework/Versions/A/ProtocolBuffer
0x00007fff484b3000 	/System/Library/PrivateFrameworks/CommonUtilities.framework/Versions/A/CommonUtilities
0x00007fff469bd000 	/System/Library/PrivateFrameworks/Bom.framework/Versions/A/Bom
0x00007fff65c11000 	/usr/lib/libAudioToolboxUtility.dylib
0x00007fff46798000 	/System/Library/PrivateFrameworks/Backup.framework/Versions/A/Backup
0x00007fff4b298000 	/System/Library/PrivateFrameworks/CrashReporterSupport.framework/Versions/A/CrashReporterSupport
0x00007fff5ef01000 	/System/Library/PrivateFrameworks/Sharing.framework/Versions/A/Sharing
0x00007fff44e7d000 	/System/Library/PrivateFrameworks/Apple80211.framework/Versions/A/Apple80211
0x00007fff464ba000 	/System/Library/PrivateFrameworks/AuthKit.framework/Versions/A/AuthKit
0x00007fff4afc8000 	/System/Library/PrivateFrameworks/CoreUtils.framework/Versions/A/CoreUtils
0x00007fff33d37000 	/System/Library/Frameworks/CoreWLAN.framework/Versions/A/CoreWLAN
0x00007fff3495c000 	/System/Library/Frameworks/IOBluetooth.framework/Versions/A/IOBluetooth
0x00007fff58149000 	/System/Library/PrivateFrameworks/MobileKeyBag.framework/Versions/A/MobileKeyBag
0x00007fff4a09e000 	/System/Library/PrivateFrameworks/CorePhoneNumbers.framework/Versions/A/CorePhoneNumbers
0x00007fff450e5000 	/System/Library/PrivateFrameworks/AppleIDAuthSupport.framework/Versions/A/AppleIDAuthSupport
0x00007fff383f6000 	/System/Library/Frameworks/Network.framework/Versions/A/Network
0x00007fff5680a000 	/System/Library/PrivateFrameworks/KeychainCircle.framework/Versions/A/KeychainCircle
0x00007fff317ac000 	/System/Library/Frameworks/CoreBluetooth.framework/Versions/A/CoreBluetooth
0x00007fff60b7d000 	/System/Library/PrivateFrameworks/SpeechRecognitionCore.framework/Versions/A/SpeechRecognitionCore
0x00007fff26335000 	/System/Library/CoreServices/Encodings/libSimplifiedChineseConverter.dylib
0x0000000110200000 	/Library/Java/JavaVirtualMachines/jdk1.8.0_211.jdk/Contents/Home/jre/lib/server/libjvm.dylib
0x00007fff684be000 	/usr/lib/libstdc++.6.dylib
0x000000010f81a000 	/Library/Java/JavaVirtualMachines/jdk1.8.0_211.jdk/Contents/Home/jre/lib/libverify.dylib
0x000000010f828000 	/Library/Java/JavaVirtualMachines/jdk1.8.0_211.jdk/Contents/Home/jre/lib/libjava.dylib
0x000000010f8a8000 	/Library/Java/JavaVirtualMachines/jdk1.8.0_211.jdk/Contents/Home/jre/lib/libzip.dylib
0x00000001279a4000 	/Library/Java/JavaVirtualMachines/jdk1.8.0_211.jdk/Contents/Home/jre/lib/libnet.dylib
0x00000001279e1000 	/Library/Java/JavaVirtualMachines/jdk1.8.0_211.jdk/Contents/Home/jre/lib/libnio.dylib
0x0000000127412000 	/Users/lantianbao/.gradle/native/30/osx-amd64/libnative-platform.dylib
0x00000001279fd000 	/Library/Java/JavaVirtualMachines/jdk1.8.0_211.jdk/Contents/Home/jre/lib/libmanagement.dylib

VM Arguments:
jvm_args: -Xmx1536m -Dfile.encoding=UTF-8 -Duser.country=CN -Duser.language=zh -Duser.variant 
java_command: org.gradle.launcher.daemon.bootstrap.GradleDaemon 5.6.4
java_class_path (initial): /Users/lantianbao/.gradle/wrapper/dists/gradle-5.6.4-all/ankdp27end7byghfw1q2sw75f/gradle-5.6.4/lib/gradle-launcher-5.6.4.jar
Launcher Type: SUN_STANDARD

Environment Variables:
JAVA_HOME=/Library/Java/JavaVirtualMachines/jdk1.8.0_211.jdk/Contents/Home
CLASSPATH=/Library/Java/JavaVirtualMachines/jdk1.8.0_211.jdk/Contents/Home/lib/tools.jar:/Library/Java/JavaVirtualMachines/jdk1.8.0_211.jdk/Contents/Home/lib/dt.jar:.
PATH=/Users/lantianbao/maven/apache-maven-3.6.3/bin:/Library/Java/JavaVirtualMachines/jdk1.8.0_211.jdk/Contents/Home/bin:/usr/local/bin:/usr/bin:/bin:/usr/sbin:/sbin:.:/Users/lantianbao/Library/Android/sdk/ndk/20.1.5948944
SHELL=/bin/bash

Signal Handlers:
SIGSEGV: [libjvm.dylib+0x5b71a7], sa_mask[0]=11111111011111110111111111111111, sa_flags=SA_ONSTACK|SA_RESTART|SA_SIGINFO
SIGBUS: [libjvm.dylib+0x5b71a7], sa_mask[0]=11111111011111110111111111111111, sa_flags=SA_RESTART|SA_SIGINFO
SIGFPE: [libjvm.dylib+0x48c8fc], sa_mask[0]=11111111011111110111111111111111, sa_flags=SA_RESTART|SA_SIGINFO
SIGPIPE: [libjvm.dylib+0x48c8fc], sa_mask[0]=11111111011111110111111111111111, sa_flags=SA_RESTART|SA_SIGINFO
SIGXFSZ: [libjvm.dylib+0x48c8fc], sa_mask[0]=11111111011111110111111111111111, sa_flags=SA_RESTART|SA_SIGINFO
SIGILL: [libjvm.dylib+0x48c8fc], sa_mask[0]=11111111011111110111111111111111, sa_flags=SA_RESTART|SA_SIGINFO
SIGUSR1: SIG_DFL, sa_mask[0]=00000000000000000000000000000000, sa_flags=none
SIGUSR2: [libjvm.dylib+0x48c41a], sa_mask[0]=00100000000000000000000000000000, sa_flags=SA_RESTART|SA_SIGINFO
SIGHUP: [libjvm.dylib+0x48a9a5], sa_mask[0]=11111111011111110111111111111111, sa_flags=SA_RESTART|SA_SIGINFO
SIGINT: [libjvm.dylib+0x48a9a5], sa_mask[0]=11111111011111110111111111111111, sa_flags=SA_RESTART|SA_SIGINFO
SIGTERM: [libjvm.dylib+0x48a9a5], sa_mask[0]=11111111011111110111111111111111, sa_flags=SA_RESTART|SA_SIGINFO
SIGQUIT: [libjvm.dylib+0x48a9a5], sa_mask[0]=11111111011111110111111111111111, sa_flags=SA_RESTART|SA_SIGINFO


---------------  S Y S T E M  ---------------

OS:Bsduname:Darwin 19.2.0 Darwin Kernel Version 19.2.0: Sat Nov  9 03:47:04 PST 2019; root:xnu-6153.61.1~20/RELEASE_X86_64 x86_64
rlimit: STACK 8192k, CORE 0k, NPROC 1392, NOFILE 10240, AS infinity
load average:3.52 3.12 3.04

CPU:total 4 (initial active 4) (2 cores per cpu, 2 threads per core) family 6 model 69 stepping 1, cmov, cx8, fxsr, mmx, sse, sse2, sse3, ssse3, sse4.1, sse4.2, popcnt, avx, avx2, aes, clmul, erms, lzcnt, ht, tsc, tscinvbit, bmi1, bmi2

Memory: 4k page, physical 8388608k(168732k free)

/proc/meminfo:


vm_info: Java HotSpot(TM) 64-Bit Server VM (25.211-b12) for bsd-amd64 JRE (1.8.0_211-b12), built on Apr  1 2019 20:53:18 by "java_re" with gcc 4.2.1 (Based on Apple Inc. build 5658) (LLVM build 2336.11.00)

time: Mon Apr 27 23:01:14 2020
timezone: CST
elapsed time: 8752 seconds (0d 2h 25m 52s)

