#
# A fatal error has been detected by the Java Runtime Environment:
#
#  SIGSEGV (0xb) at pc=0x000000010f468e4a, pid=31318, tid=0x0000000000004503
#
# JRE version: Java(TM) SE Runtime Environment (8.0_211-b12) (build 1.8.0_211-b12)
# Java VM: Java HotSpot(TM) 64-Bit Server VM (25.211-b12 mixed mode bsd-amd64 compressed oops)
# Problematic frame:
# V  [libjvm.dylib+0x68e4a]
#
# Failed to write core dump. Core dumps have been disabled. To enable core dumping, try "ulimit -c unlimited" before starting Java again
#
# If you would like to submit a bug report, please visit:
#   http://bugreport.java.com/bugreport/crash.jsp
#

---------------  T H R E A D  ---------------

Current thread (0x00007ff6e801d000):  JavaThread "C2 CompilerThread1" daemon [_thread_in_native, id=17667, stack(0x000070000f007000,0x000070000f107000)]

siginfo: si_signo: 11 (SIGSEGV), si_code: 0 (unknown), si_addr: 0x0000000000000000

Registers:
RAX=0x00027ff6eb178250, RBX=0x00007ff6e76939d0, RCX=0x0000000000000002, RDX=0x00007ff6e7693a88
RSP=0x000070000f103410, RBP=0x000070000f103420, RSI=0x0000000000000002, RDI=0x00007ff6eb177f30
R8 =0x0000000000000000, R9 =0x00000000ffffff01, R10=0x00007ff6e786c801, R11=0x0000000000000401
R12=0x00007ff6e783d800, R13=0x000070000f106000, R14=0x00007ff6eb177f30, R15=0x00007ff6e783e100
RIP=0x000000010f468e4a, EFLAGS=0x0000000000010293, ERR=0x0000000000000000
  TRAPNO=0x000000000000000d

Top of Stack: (sp=0x000070000f103410)
0x000070000f103410:   00007ff6eb177f30 00007ff6e81dd2d8
0x000070000f103420:   000070000f1037d0 000000010f8da366
0x000070000f103430:   00007ff600000001 0000700088ca6c00
0x000070000f103440:   000070000f1036f8 000000010000003e
0x000070000f103450:   000070000f103470 00007ff6e783d890
0x000070000f103460:   000001490f1034c0 0000000000000110
0x000070000f103470:   00007ff6ee0d3450 00007ff6ee0d3490
0x000070000f103480:   0000000000000fbe 000000012bcf4540
0x000070000f103490:   00007ff6e81a5d10 0000000000066530
0x000070000f1034a0:   000000010f1045a0 000000012bc8e010
0x000070000f1034b0:   000070000f1046b0 0000000000000110
0x000070000f1034c0:   fffffffe00000001 00007ff6e786c810
0x000070000f1034d0:   00007ff6e7868c10 00007ff6eed8e410
0x000070000f1034e0:   0000000200000002 00007ff6e81dd2d8
0x000070000f1034f0:   0000000000011e68 0000000000000001
0x000070000f103500:   00007ff6e86d12d0 00007ff6e783d010
0x000070000f103510:   0000000000000000 00007ff6e86d0a50
0x000070000f103520:   0000000100000002 000000000000003c
0x000070000f103530:   0000000000000011 0000000000000001
0x000070000f103540:   000070000f1045a0 00007ff6e76939d0
0x000070000f103550:   00007ff6e81a5d00 0101010105555455
0x000070000f103560:   0101010101010101 0000000001010101
0x000070000f103570:   0000000000000000 0000000000000000
0x000070000f103580:   000015d000000000 000070000f103a88
0x000070000f103590:   000000010000000f 00007ff6ea9a9e10
0x000070000f1035a0:   000015d000000110 000070000f103a88
0x000070000f1035b0:   000000000000000f 00007ff6e6dc5810
0x000070000f1035c0:   0000077f2bc8e0c0 000070000f103a88
0x000070000f1035d0:   00007ff6ed0da350 00007ff6ed0da360
0x000070000f1035e0:   00007ff6ed0da738 00000000000003d8
0x000070000f1035f0:   0000000000000000 000015d000000000
0x000070000f103600:   000070000f103a88 000000000000000f 

Instructions: (pc=0x000000010f468e4a)
0x000000010f468e2a:   f3 49 89 fe 41 8b 76 20 41 3b 76 24 75 10 4c 89
0x000000010f468e3a:   f7 e8 a2 ae 40 00 41 8b 76 20 49 8b 46 10 89 f1
0x000000010f468e4a:   48 89 1c c8 ff c1 41 89 4e 20 5b 41 5e 5d c3 90
0x000000010f468e5a:   55 48 89 e5 41 57 41 56 41 54 53 48 89 d3 41 89 

Register to memory mapping:

RAX=0x00027ff6eb178250 is an unknown value
RBX=0x00007ff6e76939d0 is an unknown value
RCX=0x0000000000000002 is an unknown value
RDX=0x00007ff6e7693a88 is an unknown value
RSP=0x000070000f103410 is pointing into the stack for thread: 0x00007ff6e801d000
RBP=0x000070000f103420 is pointing into the stack for thread: 0x00007ff6e801d000
RSI=0x0000000000000002 is an unknown value
RDI=0x00007ff6eb177f30 is an unknown value
R8 =0x0000000000000000 is an unknown value
R9 =0x00000000ffffff01 is an unknown value
R10=0x00007ff6e786c801 is an unknown value
R11=0x0000000000000401 is an unknown value
R12=0x00007ff6e783d800 is an unknown value
R13=0x000070000f106000 is pointing into the stack for thread: 0x00007ff6e801d000
R14=0x00007ff6eb177f30 is an unknown value
R15=0x00007ff6e783e100 is an unknown value


Stack: [0x000070000f007000,0x000070000f107000],  sp=0x000070000f103410,  free space=1009k
Native frames: (J=compiled Java code, j=interpreted, Vv=VM code, C=native code)
V  [libjvm.dylib+0x68e4a]
V  [libjvm.dylib+0x4da366]
V  [libjvm.dylib+0x161d0b]
V  [libjvm.dylib+0x1b0adc]
V  [libjvm.dylib+0x1b4cd9]
V  [libjvm.dylib+0x1511fe]
V  [libjvm.dylib+0x1b8376]
V  [libjvm.dylib+0x1ba8bd]
V  [libjvm.dylib+0x570b93]
V  [libjvm.dylib+0x57228e]
V  [libjvm.dylib+0x48f30a]
C  [libsystem_pthread.dylib+0x5e65]  _pthread_start+0x94
C  [libsystem_pthread.dylib+0x183b]  thread_start+0xf
C  0x0000000000000000


Current CompileTask:
C2:17093896 34281 %     4       com.android.tools.r8.u.c.M::a @ 153 (3068 bytes)


---------------  P R O C E S S  ---------------

Java Threads: ( => current thread )
  0x00007ff6eb120800 JavaThread "stdout" [_thread_in_native, id=39699, stack(0x000070001187f000,0x000070001197f000)]
  0x00007ff6e7f1e800 JavaThread "stderr" [_thread_in_native, id=43335, stack(0x000070001177c000,0x000070001187c000)]
  0x00007ff6eb0fe000 JavaThread "process reaper" daemon [_thread_in_native, id=38407, stack(0x000070000ecfb000,0x000070000ed23000)]
  0x00007ff6eb2c3800 JavaThread "pool-33-thread-1" [_thread_blocked, id=28939, stack(0x0000700011679000,0x0000700011779000)]
  0x00007ff6e7a90000 JavaThread "WorkerExecutor Queue Thread 2" [_thread_blocked, id=41039, stack(0x0000700011576000,0x0000700011676000)]
  0x00007ff6e76ec000 JavaThread "WorkerExecutor Queue" [_thread_blocked, id=23103, stack(0x0000700011473000,0x0000700011573000)]
  0x00007ff6e7b7b800 JavaThread "Cache worker for Java compile cache (/Users/lantianbao/AndroidStudioProjects/fenggtaii/lt_smart_pasture/.gradle/5.6.4/javaCompile)" [_thread_blocked, id=41491, stack(0x0000700011370000,0x0000700011470000)]
  0x00007ff6eb703800 JavaThread "Cache worker for execution history cache (/Users/lantianbao/AndroidStudioProjects/fenggtaii/lt_smart_pasture/.gradle/5.6.4/executionHistory)" [_thread_blocked, id=39231, stack(0x000070001116a000,0x000070001126a000)]
  0x00007ff6e80a5800 JavaThread "Execution worker for ':' Thread 3" [_thread_in_Java, id=23571, stack(0x0000700011067000,0x0000700011167000)]
  0x00007ff6ebb9f800 JavaThread "Execution worker for ':' Thread 2" [_thread_in_Java, id=37963, stack(0x0000700010f64000,0x0000700011064000)]
  0x00007ff6e8485800 JavaThread "Execution worker for ':'" [_thread_in_Java, id=31043, stack(0x0000700010e61000,0x0000700010f61000)]
  0x00007ff6ea7d7800 JavaThread "Cache worker for file content cache (/Users/lantianbao/AndroidStudioProjects/fenggtaii/lt_smart_pasture/.gradle/5.6.4/fileContent)" [_thread_blocked, id=36359, stack(0x0000700010d5e000,0x0000700010e5e000)]
  0x00007ff6ee4c4000 JavaThread "Cache worker for Build Output Cleanup Cache (/Users/lantianbao/AndroidStudioProjects/fenggtaii/lt_smart_pasture/.gradle/buildOutputCleanup)" [_thread_blocked, id=40523, stack(0x0000700010a55000,0x0000700010b55000)]
  0x00007ff6e80c8000 JavaThread "pool-32-thread-1" [_thread_blocked, id=30795, stack(0x0000700010952000,0x0000700010a52000)]
  0x00007ff6eb385000 JavaThread "Build operations Thread 4" [_thread_blocked, id=31291, stack(0x000070001084f000,0x000070001094f000)]
  0x00007ff6ee696800 JavaThread "Build operations Thread 3" [_thread_blocked, id=39427, stack(0x000070001074c000,0x000070001084c000)]
  0x00007ff6eb672800 JavaThread "Build operations Thread 2" [_thread_blocked, id=37199, stack(0x0000700010649000,0x0000700010749000)]
  0x00007ff6eb267800 JavaThread "Build operations" [_thread_blocked, id=22599, stack(0x0000700010546000,0x0000700010646000)]
  0x00007ff6eb494800 JavaThread "Cache worker for cache directory md-rule (/Users/lantianbao/.gradle/caches/5.6.4/md-rule)" [_thread_blocked, id=41999, stack(0x0000700010340000,0x0000700010440000)]
  0x00007ff6ee695800 JavaThread "Cache worker for cache directory md-supplier (/Users/lantianbao/.gradle/caches/5.6.4/md-supplier)" [_thread_blocked, id=23355, stack(0x000070001023d000,0x000070001033d000)]
  0x00007ff6eb524000 JavaThread "Cache worker for file hash cache (/Users/lantianbao/AndroidStudioProjects/fenggtaii/lt_smart_pasture/.gradle/5.6.4/fileHashes)" [_thread_blocked, id=26955, stack(0x000070001013a000,0x000070001023a000)]
  0x00007ff6ebca7000 JavaThread "Thread-435" [_thread_blocked, id=16451, stack(0x000070000fd2e000,0x000070000fe2e000)]
  0x00007ff6ee08a000 JavaThread "Stdin handler" [_thread_blocked, id=19211, stack(0x000070000fc2b000,0x000070000fd2b000)]
  0x00007ff6e8162800 JavaThread "Asynchronous log dispatcher for DefaultDaemonConnection: socket connection from /127.0.0.1:58884 to /127.0.0.1:59289" [_thread_blocked, id=16187, stack(0x000070000fb28000,0x000070000fc28000)]
  0x00007ff6ee2fa800 JavaThread "Daemon worker Thread 17" [_thread_in_Java, id=21779, stack(0x000070000fa25000,0x000070000fb25000)]
  0x00007ff6e9572800 JavaThread "Cancel handler" [_thread_blocked, id=27983, stack(0x000070000f922000,0x000070000fa22000)]
  0x00007ff6e7fa6000 JavaThread "Handler for socket connection from /127.0.0.1:58884 to /127.0.0.1:59289" [_thread_in_native, id=27467, stack(0x000070000f81f000,0x000070000f91f000)]
  0x00007ff6eb53d800 JavaThread "Daemon Thread 17" [_thread_blocked, id=11531, stack(0x000070000f71c000,0x000070000f81c000)]
  0x00007ff6e7915000 JavaThread "Cache worker for Java compile cache (/Users/lantianbao/.gradle/caches/5.6.4/javaCompile)" [_thread_blocked, id=38915, stack(0x000070001126d000,0x000070001136d000)]
  0x00007ff6ec77b000 JavaThread "Cache worker for file content cache (/Users/lantianbao/.gradle/caches/5.6.4/fileContent)" [_thread_blocked, id=28419, stack(0x0000700010c5b000,0x0000700010d5b000)]
  0x00007ff6ec77c000 JavaThread "Memory manager" [_thread_blocked, id=28163, stack(0x0000700010b58000,0x0000700010c58000)]
  0x00007ff6ebb29800 JavaThread "Cache worker for execution history cache (/Users/lantianbao/.gradle/caches/5.6.4/executionHistory)" [_thread_blocked, id=26371, stack(0x0000700010443000,0x0000700010543000)]
  0x00007ff6e69b0000 JavaThread "Cache worker for journal cache (/Users/lantianbao/.gradle/caches/journal-1)" [_thread_blocked, id=24835, stack(0x0000700010037000,0x0000700010137000)]
  0x00007ff6e69ae000 JavaThread "File lock request listener" [_thread_in_native, id=43011, stack(0x000070000ff34000,0x0000700010034000)]
  0x00007ff6e69ad000 JavaThread "Cache worker for file hash cache (/Users/lantianbao/.gradle/caches/5.6.4/fileHashes)" [_thread_blocked, id=24067, stack(0x000070000fe31000,0x000070000ff31000)]
  0x00007ff6e782b000 JavaThread "Daemon periodic checks" [_thread_blocked, id=16643, stack(0x000070000f619000,0x000070000f719000)]
  0x00007ff6e782a800 JavaThread "Incoming local TCP Connector on port 58884" [_thread_in_native, id=16899, stack(0x000070000f516000,0x000070000f616000)]
  0x00007ff6e74e1000 JavaThread "Daemon health stats" [_thread_blocked, id=14595, stack(0x000070000f413000,0x000070000f513000)]
  0x00007ff6e781a000 JavaThread "Service Thread" daemon [_thread_blocked, id=13827, stack(0x000070000f20d000,0x000070000f30d000)]
  0x00007ff6e7809000 JavaThread "C1 CompilerThread2" daemon [_thread_blocked, id=13571, stack(0x000070000f10a000,0x000070000f20a000)]
=>0x00007ff6e801d000 JavaThread "C2 CompilerThread1" daemon [_thread_in_native, id=17667, stack(0x000070000f007000,0x000070000f107000)]
  0x00007ff6e6853800 JavaThread "C2 CompilerThread0" daemon [_thread_in_native, id=17923, stack(0x000070000ef04000,0x000070000f004000)]
  0x00007ff6e8011800 JavaThread "Signal Dispatcher" daemon [_thread_blocked, id=18435, stack(0x000070000ee01000,0x000070000ef01000)]
  0x00007ff6e800f000 JavaThread "Finalizer" daemon [_thread_blocked, id=20739, stack(0x000070000ebf8000,0x000070000ecf8000)]
  0x00007ff6e7000000 JavaThread "Reference Handler" daemon [_thread_blocked, id=21251, stack(0x000070000eaf5000,0x000070000ebf5000)]
  0x00007ff6e6805000 JavaThread "main" [_thread_blocked, id=3843, stack(0x000070000e4e3000,0x000070000e5e3000)]

Other Threads:
  0x00007ff6e6823800 VMThread [stack: 0x000070000e9f2000,0x000070000eaf2000] [id=21507]
  0x00007ff6e7804800 WatcherThread [stack: 0x000070000f310000,0x000070000f410000] [id=14339]

VM state:not at safepoint (normal execution)

VM Mutex/Monitor currently owned by a thread: None

heap address: 0x0000000760000000, size: 1536 MB, Compressed Oops mode: Zero based, Oop shift amount: 3
Narrow klass base: 0x0000000000000000, Narrow klass shift: 3
Compressed class space size: 1073741824 Address: 0x00000007c0000000

Heap:
 PSYoungGen      total 424960K, used 378350K [0x00000007a0000000, 0x00000007c0000000, 0x00000007c0000000)
  eden space 340992K, 89% used [0x00000007a0000000,0x00000007b28b76b8,0x00000007b4d00000)
  from space 83968K, 88% used [0x00000007bae00000,0x00000007bf6c4338,0x00000007c0000000)
  to   space 91648K, 0% used [0x00000007b4d00000,0x00000007b4d00000,0x00000007ba680000)
 ParOldGen       total 260608K, used 115953K [0x0000000760000000, 0x000000076fe80000, 0x00000007a0000000)
  object space 260608K, 44% used [0x0000000760000000,0x000000076713c6f0,0x000000076fe80000)
 Metaspace       used 109376K, capacity 119106K, committed 119424K, reserved 1153024K
  class space    used 14118K, capacity 16163K, committed 16256K, reserved 1048576K

Card table byte_map: [0x0000000110779000,0x0000000110a7a000] byte_map_base: 0x000000010cc79000

Marking Bits: (ParMarkBitMap*) 0x000000010fcfbe40
 Begin Bits: [0x0000000110c7a000, 0x000000011247a000)
 End Bits:   [0x000000011247a000, 0x0000000113c7a000)

Polling page: 0x000000010eb66000

CodeCache: size=245760Kb used=83953Kb max_used=83953Kb free=161806Kb
 bounds [0x0000000118aea000, 0x000000011dd6a000, 0x0000000127aea000]
 total_blobs=25629 nmethods=24738 adapters=799
 compilation: enabled

Compilation events (10 events):
Event: 17093.695 Thread 0x00007ff6e7809000 34551       2       com.android.tools.r8.code.Q0::x (11 bytes)
Event: 17093.696 Thread 0x00007ff6e7809000 nmethod 34551 0x000000011dd60090 code [0x000000011dd60200, 0x000000011dd60388]
Event: 17093.697 Thread 0x00007ff6e7809000 34552       1       com.android.tools.r8.u.b.Q0::i0 (2 bytes)
Event: 17093.698 Thread 0x00007ff6e7809000 nmethod 34552 0x000000011dd60410 code [0x000000011dd60560, 0x000000011dd60670]
Event: 17093.765 Thread 0x00007ff6e7809000 34553       3       com.android.tools.r8.ir.regalloc.i::a (523 bytes)
Event: 17093.771 Thread 0x00007ff6e7809000 nmethod 34553 0x000000011dd606d0 code [0x000000011dd60ca0, 0x000000011dd64798]
Event: 17093.815 Thread 0x00007ff6e7809000 34556       1       com.android.tools.r8.u.b.C0::v2 (3 bytes)
Event: 17093.816 Thread 0x00007ff6e7809000 nmethod 34556 0x000000011dd67190 code [0x000000011dd672e0, 0x000000011dd673f0]
Event: 17093.816 Thread 0x00007ff6e7809000 34557       2       com.android.tools.r8.u.b.c1::z2 (20 bytes)
Event: 17093.817 Thread 0x00007ff6e7809000 nmethod 34557 0x000000011dd67450 code [0x000000011dd67600, 0x000000011dd67a48]

GC Heap History (10 events):
Event: 17079.530 GC heap before
{Heap before GC invocations=42 (full 4):
 PSYoungGen      total 454144K, used 427301K [0x00000007a0000000, 0x00000007bfc00000, 0x00000007c0000000)
  eden space 390144K, 100% used [0x00000007a0000000,0x00000007b7d00000,0x00000007b7d00000)
  from space 64000K, 58% used [0x00000007b7d00000,0x00000007ba149650,0x00000007bbb80000)
  to   space 62464K, 0% used [0x00000007bbf00000,0x00000007bbf00000,0x00000007bfc00000)
 ParOldGen       total 260608K, used 109436K [0x0000000760000000, 0x000000076fe80000, 0x00000007a0000000)
  object space 260608K, 41% used [0x0000000760000000,0x0000000766adf0e8,0x000000076fe80000)
 Metaspace       used 106374K, capacity 115798K, committed 115968K, reserved 1148928K
  class space    used 13787K, capacity 15749K, committed 15872K, reserved 1048576K
Event: 17080.009 GC heap after
Heap after GC invocations=42 (full 4):
 PSYoungGen      total 458240K, used 30397K [0x00000007a0000000, 0x00000007bfa80000, 0x00000007c0000000)
  eden space 397312K, 0% used [0x00000007a0000000,0x00000007a0000000,0x00000007b8400000)
  from space 60928K, 49% used [0x00000007bbf00000,0x00000007bdcaf458,0x00000007bfa80000)
  to   space 60416K, 0% used [0x00000007b8400000,0x00000007b8400000,0x00000007bbf00000)
 ParOldGen       total 260608K, used 109548K [0x0000000760000000, 0x000000076fe80000, 0x00000007a0000000)
  object space 260608K, 42% used [0x0000000760000000,0x0000000766afb0e8,0x000000076fe80000)
 Metaspace       used 106374K, capacity 115798K, committed 115968K, reserved 1148928K
  class space    used 13787K, capacity 15749K, committed 15872K, reserved 1048576K
}
Event: 17088.284 GC heap before
{Heap before GC invocations=43 (full 4):
 PSYoungGen      total 458240K, used 427709K [0x00000007a0000000, 0x00000007bfa80000, 0x00000007c0000000)
  eden space 397312K, 100% used [0x00000007a0000000,0x00000007b8400000,0x00000007b8400000)
  from space 60928K, 49% used [0x00000007bbf00000,0x00000007bdcaf458,0x00000007bfa80000)
  to   space 60416K, 0% used [0x00000007b8400000,0x00000007b8400000,0x00000007bbf00000)
 ParOldGen       total 260608K, used 109548K [0x0000000760000000, 0x000000076fe80000, 0x00000007a0000000)
  object space 260608K, 42% used [0x0000000760000000,0x0000000766afb0e8,0x000000076fe80000)
 Metaspace       used 108944K, capacity 118592K, committed 118784K, reserved 1153024K
  class space    used 14054K, capacity 16090K, committed 16128K, reserved 1048576K
Event: 17088.479 GC heap after
Heap after GC invocations=43 (full 4):
 PSYoungGen      total 457728K, used 60386K [0x00000007a0000000, 0x00000007c0000000, 0x00000007c0000000)
  eden space 397312K, 0% used [0x00000007a0000000,0x00000007a0000000,0x00000007b8400000)
  from space 60416K, 99% used [0x00000007b8400000,0x00000007bbef8be8,0x00000007bbf00000)
  to   space 66560K, 0% used [0x00000007bbf00000,0x00000007bbf00000,0x00000007c0000000)
 ParOldGen       total 260608K, used 113868K [0x0000000760000000, 0x000000076fe80000, 0x00000007a0000000)
  object space 260608K, 43% used [0x0000000760000000,0x0000000766f33080,0x000000076fe80000)
 Metaspace       used 108944K, capacity 118592K, committed 118784K, reserved 1153024K
  class space    used 14054K, capacity 16090K, committed 16128K, reserved 1048576K
}
Event: 17090.033 GC heap before
{Heap before GC invocations=44 (full 4):
 PSYoungGen      total 457728K, used 457698K [0x00000007a0000000, 0x00000007c0000000, 0x00000007c0000000)
  eden space 397312K, 100% used [0x00000007a0000000,0x00000007b8400000,0x00000007b8400000)
  from space 60416K, 99% used [0x00000007b8400000,0x00000007bbef8be8,0x00000007bbf00000)
  to   space 66560K, 0% used [0x00000007bbf00000,0x00000007bbf00000,0x00000007c0000000)
 ParOldGen       total 260608K, used 113868K [0x0000000760000000, 0x000000076fe80000, 0x00000007a0000000)
  object space 260608K, 43% used [0x0000000760000000,0x0000000766f33080,0x000000076fe80000)
 Metaspace       used 109177K, capacity 118868K, committed 119168K, reserved 1153024K
  class space    used 14103K, capacity 16158K, committed 16256K, reserved 1048576K
Event: 17090.160 GC heap after
Heap after GC invocations=44 (full 4):
 PSYoungGen      total 436224K, used 66540K [0x00000007a0000000, 0x00000007c0000000, 0x00000007c0000000)
  eden space 369664K, 0% used [0x00000007a0000000,0x00000007a0000000,0x00000007b6900000)
  from space 66560K, 99% used [0x00000007bbf00000,0x00000007bfffb3e8,0x00000007c0000000)
  to   space 77312K, 0% used [0x00000007b6900000,0x00000007b6900000,0x00000007bb480000)
 ParOldGen       total 260608K, used 115342K [0x0000000760000000, 0x000000076fe80000, 0x00000007a0000000)
  object space 260608K, 44% used [0x0000000760000000,0x00000007670a3900,0x000000076fe80000)
 Metaspace       used 109177K, capacity 118868K, committed 119168K, reserved 1153024K
  class space    used 14103K, capacity 16158K, committed 16256K, reserved 1048576K
}
Event: 17091.588 GC heap before
{Heap before GC invocations=45 (full 4):
 PSYoungGen      total 436224K, used 436204K [0x00000007a0000000, 0x00000007c0000000, 0x00000007c0000000)
  eden space 369664K, 100% used [0x00000007a0000000,0x00000007b6900000,0x00000007b6900000)
  from space 66560K, 99% used [0x00000007bbf00000,0x00000007bfffb3e8,0x00000007c0000000)
  to   space 77312K, 0% used [0x00000007b6900000,0x00000007b6900000,0x00000007bb480000)
 ParOldGen       total 260608K, used 115342K [0x0000000760000000, 0x000000076fe80000, 0x00000007a0000000)
  object space 260608K, 44% used [0x0000000760000000,0x00000007670a3900,0x000000076fe80000)
 Metaspace       used 109340K, capacity 119018K, committed 119168K, reserved 1153024K
  class space    used 14116K, capacity 16161K, committed 16256K, reserved 1048576K
Event: 17091.658 GC heap after
Heap after GC invocations=45 (full 4):
 PSYoungGen      total 438272K, used 68429K [0x00000007a0000000, 0x00000007c0000000, 0x00000007c0000000)
  eden space 369664K, 0% used [0x00000007a0000000,0x00000007a0000000,0x00000007b6900000)
  from space 68608K, 99% used [0x00000007b6900000,0x00000007babd3618,0x00000007bac00000)
  to   space 83968K, 0% used [0x00000007bae00000,0x00000007bae00000,0x00000007c0000000)
 ParOldGen       total 260608K, used 115726K [0x0000000760000000, 0x000000076fe80000, 0x00000007a0000000)
  object space 260608K, 44% used [0x0000000760000000,0x0000000767103900,0x000000076fe80000)
 Metaspace       used 109340K, capacity 119018K, committed 119168K, reserved 1153024K
  class space    used 14116K, capacity 16161K, committed 16256K, reserved 1048576K
}
Event: 17092.955 GC heap before
{Heap before GC invocations=46 (full 4):
 PSYoungGen      total 438272K, used 438093K [0x00000007a0000000, 0x00000007c0000000, 0x00000007c0000000)
  eden space 369664K, 100% used [0x00000007a0000000,0x00000007b6900000,0x00000007b6900000)
  from space 68608K, 99% used [0x00000007b6900000,0x00000007babd3618,0x00000007bac00000)
  to   space 83968K, 0% used [0x00000007bae00000,0x00000007bae00000,0x00000007c0000000)
 ParOldGen       total 260608K, used 115726K [0x0000000760000000, 0x000000076fe80000, 0x00000007a0000000)
  object space 260608K, 44% used [0x0000000760000000,0x0000000767103900,0x000000076fe80000)
 Metaspace       used 109363K, capacity 119032K, committed 119168K, reserved 1153024K
  class space    used 14117K, capacity 16162K, committed 16256K, reserved 1048576K
Event: 17093.020 GC heap after
Heap after GC invocations=46 (full 4):
 PSYoungGen      total 424960K, used 74512K [0x00000007a0000000, 0x00000007c0000000, 0x00000007c0000000)
  eden space 340992K, 0% used [0x00000007a0000000,0x00000007a0000000,0x00000007b4d00000)
  from space 83968K, 88% used [0x00000007bae00000,0x00000007bf6c4338,0x00000007c0000000)
  to   space 91648K, 0% used [0x00000007b4d00000,0x00000007b4d00000,0x00000007ba680000)
 ParOldGen       total 260608K, used 115953K [0x0000000760000000, 0x000000076fe80000, 0x00000007a0000000)
  object space 260608K, 44% used [0x0000000760000000,0x000000076713c6f0,0x000000076fe80000)
 Metaspace       used 109363K, capacity 119032K, committed 119168K, reserved 1153024K
  class space    used 14117K, capacity 16162K, committed 16256K, reserved 1048576K
}

Deoptimization events (10 events):
Event: 17091.497 Thread 0x00007ff6ebb9f800 Uncommon trap: reason=bimorphic action=maybe_recompile pc=0x0000000118cc7a54 method=org.gradle.internal.execution.steps.SkipUpToDateStep.lambda$execute$0(Lorg/gradle/internal/execution/IncrementalChangesContext;Lorg/gradle/internal/execution/history/chang
Event: 17091.754 Thread 0x00007ff6ee2fa800 Uncommon trap: reason=class_check action=maybe_recompile pc=0x000000011cccbf24 method=com.android.tools.r8.ir.optimize.r.a(Lcom/android/tools/r8/u/b/T;)V @ 385
Event: 17091.757 Thread 0x00007ff6ee2fa800 Uncommon trap: reason=class_check action=maybe_recompile pc=0x000000011cccbf24 method=com.android.tools.r8.ir.optimize.r.a(Lcom/android/tools/r8/u/b/T;)V @ 385
Event: 17091.792 Thread 0x00007ff6e8485800 Uncommon trap: reason=class_check action=maybe_recompile pc=0x0000000119ee3650 method=com.android.tools.r8.u.b.g1.a(Ljava/util/function/Predicate;)Lcom/android/tools/r8/u/b/g1; @ 38
Event: 17092.103 Thread 0x00007ff6e80a5800 Uncommon trap: reason=unstable_if action=reinterpret pc=0x000000011acd3328 method=java.util.TimSort.mergeCollapse()V @ 61
Event: 17093.204 Thread 0x00007ff6ee2fa800 Uncommon trap: reason=unstable_if action=reinterpret pc=0x000000011ccc6480 method=com.android.tools.r8.v.a.a.a.f.c0.get(I)Ljava/lang/Object; @ 8
Event: 17093.221 Thread 0x00007ff6ee2fa800 Uncommon trap: reason=class_check action=maybe_recompile pc=0x000000011dcf24c0 method=com.android.tools.r8.u.a.h.e.b(Lcom/android/tools/r8/u/b/d0;)V @ 244
Event: 17093.221 Thread 0x00007ff6e8485800 Uncommon trap: reason=class_check action=maybe_recompile pc=0x0000000119ee3650 method=com.android.tools.r8.u.b.g1.a(Ljava/util/function/Predicate;)Lcom/android/tools/r8/u/b/g1; @ 38
Event: 17093.614 Thread 0x00007ff6ee2fa800 Uncommon trap: reason=class_check action=maybe_recompile pc=0x0000000119ee3650 method=com.android.tools.r8.u.b.g1.a(Ljava/util/function/Predicate;)Lcom/android/tools/r8/u/b/g1; @ 38
Event: 17093.622 Thread 0x00007ff6ee2fa800 Uncommon trap: reason=class_check action=maybe_recompile pc=0x0000000119ee3650 method=com.android.tools.r8.u.b.g1.a(Ljava/util/function/Predicate;)Lcom/android/tools/r8/u/b/g1; @ 38

Classes redefined (0 events):
No events

Internal exceptions (10 events):
Event: 17083.106 Thread 0x00007ff6e76ec000 Exception <a 'java/lang/NoSuchMethodError': java.lang.Object.lambda$negate$1(Ljava/lang/Object;)Z> (0x00000007a7074488) thrown at [/Users/java_re/workspace/8-2-build-macosx-x86_64/jdk8u211/12973/hotspot/src/share/vm/interpreter/linkResolver.cpp, line 620]
Event: 17086.046 Thread 0x00007ff6e76ec000 Exception <a 'sun/nio/fs/UnixException'> (0x00000007aa634278) thrown at [/Users/java_re/workspace/8-2-build-macosx-x86_64/jdk8u211/12973/hotspot/src/share/vm/prims/jni.cpp, line 710]
Event: 17088.149 Thread 0x00007ff6e80a5800 Exception <a 'sun/nio/fs/UnixException'> (0x00000007b4bde818) thrown at [/Users/java_re/workspace/8-2-build-macosx-x86_64/jdk8u211/12973/hotspot/src/share/vm/prims/jni.cpp, line 710]
Event: 17088.194 Thread 0x00007ff6e80a5800 Exception <a 'sun/nio/fs/UnixException'> (0x00000007b5fbe3e8) thrown at [/Users/java_re/workspace/8-2-build-macosx-x86_64/jdk8u211/12973/hotspot/src/share/vm/prims/jni.cpp, line 710]
Event: 17088.208 Thread 0x00007ff6e80a5800 Exception <a 'sun/nio/fs/UnixException'> (0x00000007b645e8d0) thrown at [/Users/java_re/workspace/8-2-build-macosx-x86_64/jdk8u211/12973/hotspot/src/share/vm/prims/jni.cpp, line 710]
Event: 17088.229 Thread 0x00007ff6ee2fa800 Implicit null exception at 0x000000011c8fe778 to 0x000000011c90238d
Event: 17088.499 Thread 0x00007ff6ebb9f800 Exception <a 'sun/nio/fs/UnixException'> (0x00000007a057ae50) thrown at [/Users/java_re/workspace/8-2-build-macosx-x86_64/jdk8u211/12973/hotspot/src/share/vm/prims/jni.cpp, line 710]
Event: 17088.619 Thread 0x00007ff6ee2fa800 Exception <a 'sun/nio/fs/UnixException'> (0x00000007a3c4aa58) thrown at [/Users/java_re/workspace/8-2-build-macosx-x86_64/jdk8u211/12973/hotspot/src/share/vm/prims/jni.cpp, line 710]
Event: 17090.512 Thread 0x00007ff6e80a5800 Exception <a 'sun/nio/fs/UnixException'> (0x00000007a57592f0) thrown at [/Users/java_re/workspace/8-2-build-macosx-x86_64/jdk8u211/12973/hotspot/src/share/vm/prims/jni.cpp, line 710]
Event: 17091.466 Thread 0x00007ff6ebb9f800 Exception <a 'sun/nio/fs/UnixException'> (0x00000007b3c25ec0) thrown at [/Users/java_re/workspace/8-2-build-macosx-x86_64/jdk8u211/12973/hotspot/src/share/vm/prims/jni.cpp, line 710]

Events (10 events):
Event: 17093.816 Thread 0x00007ff6e80a5800 DEOPT PACKING pc=0x000000011dc6d59f sp=0x0000700011163870
Event: 17093.816 Thread 0x00007ff6e80a5800 DEOPT UNPACKING pc=0x0000000118b31784 sp=0x00007000111637a0 mode 0
Event: 17093.820 Thread 0x00007ff6ee2fa800 DEOPT PACKING pc=0x000000011dbac200 sp=0x000070000fb1eb70
Event: 17093.820 Thread 0x00007ff6ee2fa800 DEOPT UNPACKING pc=0x0000000118b31784 sp=0x000070000fb1e9f8 mode 0
Event: 17093.820 Thread 0x00007ff6ee2fa800 DEOPT PACKING pc=0x000000011dadc3fb sp=0x000070000fb1eb50
Event: 17093.820 Thread 0x00007ff6ee2fa800 DEOPT UNPACKING pc=0x0000000118b31784 sp=0x000070000fb1e890 mode 0
Event: 17093.827 Thread 0x00007ff6e8485800 DEOPT PACKING pc=0x000000011db8ef4d sp=0x0000700010f5d490
Event: 17093.827 Thread 0x00007ff6e8485800 DEOPT UNPACKING pc=0x0000000118b31784 sp=0x0000700010f5d4e8 mode 0
Event: 17093.835 Thread 0x00007ff6e80a5800 DEOPT PACKING pc=0x000000011b540ce7 sp=0x0000700011163320
Event: 17093.835 Thread 0x00007ff6e80a5800 DEOPT UNPACKING pc=0x0000000118b31784 sp=0x00007000111630b8 mode 0


Dynamic libraries:
0x00007fff313b5000 	/System/Library/Frameworks/Cocoa.framework/Versions/A/Cocoa
0x00007fff3e981000 	/System/Library/Frameworks/Security.framework/Versions/A/Security
0x00007fff30340000 	/System/Library/Frameworks/ApplicationServices.framework/Versions/A/ApplicationServices
0x00007fff68d66000 	/usr/lib/libz.1.dylib
0x00007fff66839000 	/usr/lib/libSystem.B.dylib
0x00007fff6868a000 	/usr/lib/libobjc.A.dylib
0x00007fff3232b000 	/System/Library/Frameworks/CoreFoundation.framework/Versions/A/CoreFoundation
0x00007fff349f0000 	/System/Library/Frameworks/Foundation.framework/Versions/C/Foundation
0x00007fff2f535000 	/System/Library/Frameworks/AppKit.framework/Versions/C/AppKit
0x00007fff31e38000 	/System/Library/Frameworks/CoreData.framework/Versions/A/CoreData
0x00007fff630e4000 	/System/Library/PrivateFrameworks/UIFoundation.framework/Versions/A/UIFoundation
0x00007fff5d8cf000 	/System/Library/PrivateFrameworks/RemoteViewServices.framework/Versions/A/RemoteViewServices
0x00007fff65b74000 	/System/Library/PrivateFrameworks/XCTTargetBootstrap.framework/Versions/A/XCTTargetBootstrap
0x00007fff3221b000 	/System/Library/Frameworks/CoreDisplay.framework/Versions/A/CoreDisplay
0x00007fff37768000 	/System/Library/Frameworks/Metal.framework/Versions/A/Metal
0x00007fff4bcf0000 	/System/Library/PrivateFrameworks/DesktopServicesPriv.framework/Versions/A/DesktopServicesPriv
0x00007fff6796f000 	/usr/lib/liblangid.dylib
0x00007fff4ae47000 	/System/Library/PrivateFrameworks/CoreSVG.framework/Versions/A/CoreSVG
0x00007fff60691000 	/System/Library/PrivateFrameworks/SkyLight.framework/Versions/A/SkyLight
0x00007fff327ad000 	/System/Library/Frameworks/CoreGraphics.framework/Versions/A/CoreGraphics
0x00007fff2e0d4000 	/System/Library/Frameworks/Accelerate.framework/Versions/A/Accelerate
0x00007fff68c57000 	/usr/lib/libxml2.2.dylib
0x00007fff56a0e000 	/System/Library/PrivateFrameworks/IconServices.framework/Versions/A/IconServices
0x00007fff351d4000 	/System/Library/Frameworks/IOSurface.framework/Versions/A/IOSurface
0x00007fff66371000 	/usr/lib/libDiagnosticMessagesClient.dylib
0x00007fff4bb69000 	/System/Library/PrivateFrameworks/DFRFoundation.framework/Versions/A/DFRFoundation
0x00007fff676fd000 	/usr/lib/libicucore.A.dylib
0x00007fff30672000 	/System/Library/Frameworks/AudioToolbox.framework/Versions/A/AudioToolbox
0x00007fff30754000 	/System/Library/Frameworks/AudioUnit.framework/Versions/A/AudioUnit
0x00007fff66a3a000 	/usr/lib/libauto.dylib
0x00007fff4bbea000 	/System/Library/PrivateFrameworks/DataDetectorsCore.framework/Versions/A/DataDetectorsCore
0x00007fff30ed5000 	/System/Library/Frameworks/Carbon.framework/Versions/A/Frameworks/HIToolbox.framework/Versions/A/HIToolbox
0x00007fff3dbb3000 	/System/Library/Frameworks/QuartzCore.framework/Versions/A/QuartzCore
0x00007fff31214000 	/System/Library/Frameworks/Carbon.framework/Versions/A/Frameworks/SpeechRecognition.framework/Versions/A/SpeechRecognition
0x00007fff4b4ef000 	/System/Library/PrivateFrameworks/CoreUI.framework/Versions/A/CoreUI
0x00007fff3189e000 	/System/Library/Frameworks/CoreAudio.framework/Versions/A/CoreAudio
0x00007fff346b8000 	/System/Library/Frameworks/DiskArbitration.framework/Versions/A/DiskArbitration
0x00007fff58a22000 	/System/Library/PrivateFrameworks/MultitouchSupport.framework/Versions/A/MultitouchSupport
0x00007fff675c3000 	/usr/lib/libenergytrace.dylib
0x00007fff3512f000 	/System/Library/Frameworks/IOKit.framework/Versions/A/IOKit
0x00007fff3371b000 	/System/Library/Frameworks/CoreServices.framework/Versions/A/CoreServices
0x00007fff5ab2c000 	/System/Library/PrivateFrameworks/PerformanceAnalysis.framework/Versions/A/PerformanceAnalysis
0x00007fff3cbe9000 	/System/Library/Frameworks/OpenGL.framework/Versions/A/OpenGL
0x00007fff313c3000 	/System/Library/Frameworks/ColorSync.framework/Versions/A/ColorSync
0x00007fff32e34000 	/System/Library/Frameworks/CoreImage.framework/Versions/A/CoreImage
0x00007fff34191000 	/System/Library/Frameworks/CoreText.framework/Versions/A/CoreText
0x00007fff3525a000 	/System/Library/Frameworks/ImageIO.framework/Versions/A/ImageIO
0x00007fff66b1f000 	/usr/lib/libc++.1.dylib
0x00007fff66b9b000 	/usr/lib/libcompression.dylib
0x00007fff666b3000 	/usr/lib/libMobileGestalt.dylib
0x00007fff621c6000 	/System/Library/PrivateFrameworks/TextureIO.framework/Versions/A/TextureIO
0x00007fff669a0000 	/usr/lib/libate.dylib
0x00007fff56c17000 	/System/Library/PrivateFrameworks/InternationalSupport.framework/Versions/A/InternationalSupport
0x00007fff697dc000 	/usr/lib/system/libcache.dylib
0x00007fff697e2000 	/usr/lib/system/libcommonCrypto.dylib
0x00007fff697ee000 	/usr/lib/system/libcompiler_rt.dylib
0x00007fff697f6000 	/usr/lib/system/libcopyfile.dylib
0x00007fff69800000 	/usr/lib/system/libcorecrypto.dylib
0x00007fff699ae000 	/usr/lib/system/libdispatch.dylib
0x00007fff699f0000 	/usr/lib/system/libdyld.dylib
0x00007fff69a26000 	/usr/lib/system/libkeymgr.dylib
0x00007fff69a34000 	/usr/lib/system/liblaunch.dylib
0x00007fff69a35000 	/usr/lib/system/libmacho.dylib
0x00007fff69a3b000 	/usr/lib/system/libquarantine.dylib
0x00007fff69a3e000 	/usr/lib/system/libremovefile.dylib
0x00007fff69a40000 	/usr/lib/system/libsystem_asl.dylib
0x00007fff69a58000 	/usr/lib/system/libsystem_blocks.dylib
0x00007fff69a59000 	/usr/lib/system/libsystem_c.dylib
0x00007fff69ae1000 	/usr/lib/system/libsystem_configuration.dylib
0x00007fff69ae5000 	/usr/lib/system/libsystem_coreservices.dylib
0x00007fff69ae9000 	/usr/lib/system/libsystem_darwin.dylib
0x00007fff69af2000 	/usr/lib/system/libsystem_dnssd.dylib
0x00007fff69afa000 	/usr/lib/system/libsystem_featureflags.dylib
0x00007fff69afc000 	/usr/lib/system/libsystem_info.dylib
0x00007fff69b77000 	/usr/lib/system/libsystem_m.dylib
0x00007fff69bbf000 	/usr/lib/system/libsystem_malloc.dylib
0x00007fff69be7000 	/usr/lib/system/libsystem_networkextension.dylib
0x00007fff69bf5000 	/usr/lib/system/libsystem_notify.dylib
0x00007fff69c14000 	/usr/lib/system/libsystem_sandbox.dylib
0x00007fff69c19000 	/usr/lib/system/libsystem_secinit.dylib
0x00007fff69b4a000 	/usr/lib/system/libsystem_kernel.dylib
0x00007fff69bff000 	/usr/lib/system/libsystem_platform.dylib
0x00007fff69c09000 	/usr/lib/system/libsystem_pthread.dylib
0x00007fff69c1c000 	/usr/lib/system/libsystem_symptoms.dylib
0x00007fff69c24000 	/usr/lib/system/libsystem_trace.dylib
0x00007fff69c3c000 	/usr/lib/system/libunwind.dylib
0x00007fff69c42000 	/usr/lib/system/libxpc.dylib
0x00007fff66b73000 	/usr/lib/libc++abi.dylib
0x00007fff67971000 	/usr/lib/liblzma.5.dylib
0x00007fff675eb000 	/usr/lib/libfakelink.dylib
0x00007fff6692d000 	/usr/lib/libarchive.2.dylib
0x00007fff3fb21000 	/System/Library/Frameworks/SystemConfiguration.framework/Versions/A/SystemConfiguration
0x00007fff662a2000 	/usr/lib/libCRFSuite.dylib
0x00007fff30aca000 	/System/Library/Frameworks/CFNetwork.framework/Versions/A/CFNetwork
0x00007fff66b01000 	/usr/lib/libbsm.0.dylib
0x00007fff69a27000 	/usr/lib/system/libkxld.dylib
0x00007fff4562b000 	/System/Library/PrivateFrameworks/AppleFSCompression.framework/Versions/A/AppleFSCompression
0x00007fff66e82000 	/usr/lib/libcoretls.dylib
0x00007fff66e99000 	/usr/lib/libcoretls_cfhelpers.dylib
0x00007fff686ce000 	/usr/lib/libpam.2.dylib
0x00007fff68801000 	/usr/lib/libsqlite3.dylib
0x00007fff68c44000 	/usr/lib/libxar.1.dylib
0x00007fff66b12000 	/usr/lib/libbz2.1.0.dylib
0x00007fff6760c000 	/usr/lib/libiconv.2.dylib
0x00007fff66b88000 	/usr/lib/libcharset.1.dylib
0x00007fff68175000 	/usr/lib/libnetwork.dylib
0x00007fff686d5000 	/usr/lib/libpcap.A.dylib
0x00007fff668e2000 	/usr/lib/libapple_nghttp2.dylib
0x00007fff33ad2000 	/System/Library/Frameworks/CoreServices.framework/Versions/A/Frameworks/FSEvents.framework/Versions/A/FSEvents
0x00007fff337a2000 	/System/Library/Frameworks/CoreServices.framework/Versions/A/Frameworks/CarbonCore.framework/Versions/A/CarbonCore
0x00007fff33d15000 	/System/Library/Frameworks/CoreServices.framework/Versions/A/Frameworks/Metadata.framework/Versions/A/Metadata
0x00007fff33dae000 	/System/Library/Frameworks/CoreServices.framework/Versions/A/Frameworks/OSServices.framework/Versions/A/OSServices
0x00007fff33ddc000 	/System/Library/Frameworks/CoreServices.framework/Versions/A/Frameworks/SearchKit.framework/Versions/A/SearchKit
0x00007fff3371c000 	/System/Library/Frameworks/CoreServices.framework/Versions/A/Frameworks/AE.framework/Versions/A/AE
0x00007fff33adb000 	/System/Library/Frameworks/CoreServices.framework/Versions/A/Frameworks/LaunchServices.framework/Versions/A/LaunchServices
0x00007fff33a84000 	/System/Library/Frameworks/CoreServices.framework/Versions/A/Frameworks/DictionaryServices.framework/Versions/A/DictionaryServices
0x00007fff33e44000 	/System/Library/Frameworks/CoreServices.framework/Versions/A/Frameworks/SharedFileList.framework/Versions/A/SharedFileList
0x00007fff38a3d000 	/System/Library/Frameworks/NetFS.framework/Versions/A/NetFS
0x00007fff58f4f000 	/System/Library/PrivateFrameworks/NetAuth.framework/Versions/A/NetAuth
0x00007fff65f3f000 	/System/Library/PrivateFrameworks/login.framework/Versions/A/Frameworks/loginsupport.framework/Versions/A/loginsupport
0x00007fff61cc1000 	/System/Library/PrivateFrameworks/TCC.framework/Versions/A/TCC
0x00007fff4a216000 	/System/Library/PrivateFrameworks/CoreNLP.framework/Versions/A/CoreNLP
0x00007fff58452000 	/System/Library/PrivateFrameworks/MetadataUtilities.framework/Versions/A/MetadataUtilities
0x00007fff67a49000 	/usr/lib/libmecabra.dylib
0x00007fff679a1000 	/usr/lib/libmecab.dylib
0x00007fff675fc000 	/usr/lib/libgermantok.dylib
0x00007fff668c9000 	/usr/lib/libThaiTokenizer.dylib
0x00007fff662da000 	/usr/lib/libChineseTokenizer.dylib
0x00007fff2e0ec000 	/System/Library/Frameworks/Accelerate.framework/Versions/A/Frameworks/vImage.framework/Versions/A/vImage
0x00007fff2f38f000 	/System/Library/Frameworks/Accelerate.framework/Versions/A/Frameworks/vecLib.framework/Versions/A/vecLib
0x00007fff2f2d3000 	/System/Library/Frameworks/Accelerate.framework/Versions/A/Frameworks/vecLib.framework/Versions/A/libvMisc.dylib
0x00007fff2f0f9000 	/System/Library/Frameworks/Accelerate.framework/Versions/A/Frameworks/vecLib.framework/Versions/A/libvDSP.dylib
0x00007fff2e758000 	/System/Library/Frameworks/Accelerate.framework/Versions/A/Frameworks/vecLib.framework/Versions/A/libBLAS.dylib
0x00007fff2ecb3000 	/System/Library/Frameworks/Accelerate.framework/Versions/A/Frameworks/vecLib.framework/Versions/A/libLAPACK.dylib
0x00007fff2f059000 	/System/Library/Frameworks/Accelerate.framework/Versions/A/Frameworks/vecLib.framework/Versions/A/libLinearAlgebra.dylib
0x00007fff2f0e6000 	/System/Library/Frameworks/Accelerate.framework/Versions/A/Frameworks/vecLib.framework/Versions/A/libSparseBLAS.dylib
0x00007fff2f06f000 	/System/Library/Frameworks/Accelerate.framework/Versions/A/Frameworks/vecLib.framework/Versions/A/libQuadrature.dylib
0x00007fff2e9c2000 	/System/Library/Frameworks/Accelerate.framework/Versions/A/Frameworks/vecLib.framework/Versions/A/libBNNS.dylib
0x00007fff2f075000 	/System/Library/Frameworks/Accelerate.framework/Versions/A/Frameworks/vecLib.framework/Versions/A/libSparse.dylib
0x00007fff56fd6000 	/System/Library/PrivateFrameworks/LanguageModeling.framework/Versions/A/LanguageModeling
0x00007fff49bb2000 	/System/Library/PrivateFrameworks/CoreEmoji.framework/Versions/A/CoreEmoji
0x00007fff570f4000 	/System/Library/PrivateFrameworks/LinguisticData.framework/Versions/A/LinguisticData
0x00007fff570a5000 	/System/Library/PrivateFrameworks/Lexicon.framework/Versions/A/Lexicon
0x00007fff66b89000 	/usr/lib/libcmph.dylib
0x00007fff3b60f000 	/System/Library/Frameworks/OpenDirectory.framework/Versions/A/Frameworks/CFOpenDirectory.framework/Versions/A/CFOpenDirectory
0x00007fff3b62c000 	/System/Library/Frameworks/OpenDirectory.framework/Versions/A/OpenDirectory
0x00007fff438fa000 	/System/Library/PrivateFrameworks/APFS.framework/Versions/A/APFS
0x00007fff3ecd4000 	/System/Library/Frameworks/SecurityFoundation.framework/Versions/A/SecurityFoundation
0x00007fff68c40000 	/usr/lib/libutil.dylib
0x00007fff4ae9f000 	/System/Library/PrivateFrameworks/CoreServicesStore.framework/Versions/A/CoreServicesStore
0x00007fff3ed8c000 	/System/Library/Frameworks/ServiceManagement.framework/Versions/A/ServiceManagement
0x00007fff46de2000 	/System/Library/PrivateFrameworks/BackgroundTaskManagement.framework/Versions/A/BackgroundTaskManagement
0x00007fff68d3d000 	/usr/lib/libxslt.1.dylib
0x00007fff45c90000 	/System/Library/PrivateFrameworks/AppleSystemInfo.framework/Versions/A/AppleSystemInfo
0x00007fff35477000 	/System/Library/Frameworks/ImageIO.framework/Versions/A/Resources/libJPEG.dylib
0x00007fff35736000 	/System/Library/Frameworks/ImageIO.framework/Versions/A/Resources/libTIFF.dylib
0x00007fff35719000 	/System/Library/Frameworks/ImageIO.framework/Versions/A/Resources/libPng.dylib
0x00007fff353b8000 	/System/Library/Frameworks/ImageIO.framework/Versions/A/Resources/libGIF.dylib
0x00007fff353bc000 	/System/Library/Frameworks/ImageIO.framework/Versions/A/Resources/libJP2.dylib
0x00007fff35734000 	/System/Library/Frameworks/ImageIO.framework/Versions/A/Resources/libRadiance.dylib
0x00007fff675c4000 	/usr/lib/libexpat.1.dylib
0x00007fff45786000 	/System/Library/PrivateFrameworks/AppleJPEG.framework/Versions/A/AppleJPEG
0x00007fff4e10c000 	/System/Library/PrivateFrameworks/FontServices.framework/libFontParser.dylib
0x00007fff64f96000 	/System/Library/PrivateFrameworks/WatchdogClient.framework/Versions/A/WatchdogClient
0x00007fff56663000 	/System/Library/PrivateFrameworks/IOAccelerator.framework/Versions/A/IOAccelerator
0x00007fff37af6000 	/System/Library/Frameworks/MetalPerformanceShaders.framework/Versions/A/MetalPerformanceShaders
0x00007fff52e5a000 	/System/Library/PrivateFrameworks/GPUWrangler.framework/Versions/A/GPUWrangler
0x00007fff5666e000 	/System/Library/PrivateFrameworks/IOPresentment.framework/Versions/A/IOPresentment
0x00007fff4bb7c000 	/System/Library/PrivateFrameworks/DSExternalDisplay.framework/Versions/A/DSExternalDisplay
0x00007fff3bf95000 	/System/Library/Frameworks/OpenGL.framework/Versions/A/Libraries/libCoreFSCache.dylib
0x00007fff37848000 	/System/Library/Frameworks/MetalPerformanceShaders.framework/Frameworks/MPSCore.framework/Versions/A/MPSCore
0x00007fff37885000 	/System/Library/Frameworks/MetalPerformanceShaders.framework/Frameworks/MPSImage.framework/Versions/A/MPSImage
0x00007fff37947000 	/System/Library/Frameworks/MetalPerformanceShaders.framework/Frameworks/MPSNeuralNetwork.framework/Versions/A/MPSNeuralNetwork
0x00007fff3790c000 	/System/Library/Frameworks/MetalPerformanceShaders.framework/Frameworks/MPSMatrix.framework/Versions/A/MPSMatrix
0x00007fff37aa7000 	/System/Library/Frameworks/MetalPerformanceShaders.framework/Frameworks/MPSRayIntersector.framework/Versions/A/MPSRayIntersector
0x00007fff37931000 	/System/Library/Frameworks/MetalPerformanceShaders.framework/Frameworks/MPSNDArray.framework/Versions/A/MPSNDArray
0x00007fff5849f000 	/System/Library/PrivateFrameworks/MetalTools.framework/Versions/A/MetalTools
0x00007fff44ab1000 	/System/Library/PrivateFrameworks/AggregateDictionary.framework/Versions/A/AggregateDictionary
0x00007fff4963c000 	/System/Library/PrivateFrameworks/CoreAnalytics.framework/Versions/A/CoreAnalytics
0x00007fff45bae000 	/System/Library/PrivateFrameworks/AppleSauce.framework/Versions/A/AppleSauce
0x00007fff66596000 	/usr/lib/libIOReport.dylib
0x00007fff34346000 	/System/Library/Frameworks/CoreVideo.framework/Versions/A/CoreVideo
0x00007fff542c6000 	/System/Library/PrivateFrameworks/GraphVisualizer.framework/Versions/A/GraphVisualizer
0x00007fff4d68d000 	/System/Library/PrivateFrameworks/FaceCore.framework/Versions/A/FaceCore
0x00007fff3b5b6000 	/System/Library/Frameworks/OpenCL.framework/Versions/A/OpenCL
0x00007fff663b8000 	/usr/lib/libFosl_dynamic.dylib
0x00007fff5994a000 	/System/Library/PrivateFrameworks/OTSVG.framework/Versions/A/OTSVG
0x00007fff30445000 	/System/Library/Frameworks/ApplicationServices.framework/Versions/A/Frameworks/ATS.framework/Versions/A/Resources/libFontRegistry.dylib
0x00007fff4e2dd000 	/System/Library/PrivateFrameworks/FontServices.framework/libhvf.dylib
0x00007fff3bfa0000 	/System/Library/Frameworks/OpenGL.framework/Versions/A/Libraries/libGFXShared.dylib
0x00007fff3c17d000 	/System/Library/Frameworks/OpenGL.framework/Versions/A/Libraries/libGLU.dylib
0x00007fff3bfa9000 	/System/Library/Frameworks/OpenGL.framework/Versions/A/Libraries/libGL.dylib
0x00007fff3bfb4000 	/System/Library/Frameworks/OpenGL.framework/Versions/A/Libraries/libGLImage.dylib
0x00007fff3bf92000 	/System/Library/Frameworks/OpenGL.framework/Versions/A/Libraries/libCVMSPluginSupport.dylib
0x00007fff3bf9b000 	/System/Library/Frameworks/OpenGL.framework/Versions/A/Libraries/libCoreVMClient.dylib
0x00007fff68017000 	/usr/lib/libncurses.5.4.dylib
0x00007fff30341000 	/System/Library/Frameworks/ApplicationServices.framework/Versions/A/Frameworks/ATS.framework/Versions/A/ATS
0x00007fff3050e000 	/System/Library/Frameworks/ApplicationServices.framework/Versions/A/Frameworks/ColorSyncLegacy.framework/Versions/A/ColorSyncLegacy
0x00007fff305ad000 	/System/Library/Frameworks/ApplicationServices.framework/Versions/A/Frameworks/HIServices.framework/Versions/A/HIServices
0x00007fff30604000 	/System/Library/Frameworks/ApplicationServices.framework/Versions/A/Frameworks/LangAnalysis.framework/Versions/A/LangAnalysis
0x00007fff30613000 	/System/Library/Frameworks/ApplicationServices.framework/Versions/A/Frameworks/PrintCore.framework/Versions/A/PrintCore
0x00007fff30659000 	/System/Library/Frameworks/ApplicationServices.framework/Versions/A/Frameworks/QD.framework/Versions/A/QD
0x00007fff30664000 	/System/Library/Frameworks/ApplicationServices.framework/Versions/A/Frameworks/SpeechSynthesis.framework/Versions/A/SpeechSynthesis
0x00007fff304de000 	/System/Library/Frameworks/ApplicationServices.framework/Versions/A/Frameworks/ATSUI.framework/Versions/A/ATSUI
0x00007fff67458000 	/usr/lib/libcups.2.dylib
0x00007fff36ba5000 	/System/Library/Frameworks/Kerberos.framework/Versions/A/Kerberos
0x00007fff34e25000 	/System/Library/Frameworks/GSS.framework/Versions/A/GSS
0x00007fff6878d000 	/usr/lib/libresolv.9.dylib
0x00007fff54467000 	/System/Library/PrivateFrameworks/Heimdal.framework/Versions/A/Heimdal
0x00007fff36bb8000 	/System/Library/Frameworks/Kerberos.framework/Versions/A/Libraries/libHeimdalProxy.dylib
0x00007fff67602000 	/usr/lib/libheimdal-asn1.dylib
0x00007fff48ae2000 	/System/Library/PrivateFrameworks/CommonAuth.framework/Versions/A/CommonAuth
0x00007fff45d2d000 	/System/Library/PrivateFrameworks/AssertionServices.framework/Versions/A/AssertionServices
0x00007fff468d0000 	/System/Library/PrivateFrameworks/AudioToolboxCore.framework/Versions/A/AudioToolboxCore
0x00007fff65bf0000 	/System/Library/PrivateFrameworks/caulk.framework/Versions/A/caulk
0x00007fff46e8e000 	/System/Library/PrivateFrameworks/BaseBoard.framework/Versions/A/BaseBoard
0x00007fff5da5e000 	/System/Library/PrivateFrameworks/RunningBoardServices.framework/Versions/A/RunningBoardServices
0x00007fff5ab38000 	/System/Library/PrivateFrameworks/PersistentConnection.framework/Versions/A/PersistentConnection
0x00007fff5d4ad000 	/System/Library/PrivateFrameworks/ProtocolBuffer.framework/Versions/A/ProtocolBuffer
0x00007fff48b07000 	/System/Library/PrivateFrameworks/CommonUtilities.framework/Versions/A/CommonUtilities
0x00007fff47011000 	/System/Library/PrivateFrameworks/Bom.framework/Versions/A/Bom
0x00007fff66265000 	/usr/lib/libAudioToolboxUtility.dylib
0x00007fff46dec000 	/System/Library/PrivateFrameworks/Backup.framework/Versions/A/Backup
0x00007fff4b8ec000 	/System/Library/PrivateFrameworks/CrashReporterSupport.framework/Versions/A/CrashReporterSupport
0x00007fff5f555000 	/System/Library/PrivateFrameworks/Sharing.framework/Versions/A/Sharing
0x00007fff454d1000 	/System/Library/PrivateFrameworks/Apple80211.framework/Versions/A/Apple80211
0x00007fff46b0e000 	/System/Library/PrivateFrameworks/AuthKit.framework/Versions/A/AuthKit
0x00007fff4b61c000 	/System/Library/PrivateFrameworks/CoreUtils.framework/Versions/A/CoreUtils
0x00007fff3438b000 	/System/Library/Frameworks/CoreWLAN.framework/Versions/A/CoreWLAN
0x00007fff34fb0000 	/System/Library/Frameworks/IOBluetooth.framework/Versions/A/IOBluetooth
0x00007fff5879d000 	/System/Library/PrivateFrameworks/MobileKeyBag.framework/Versions/A/MobileKeyBag
0x00007fff4a6f2000 	/System/Library/PrivateFrameworks/CorePhoneNumbers.framework/Versions/A/CorePhoneNumbers
0x00007fff45739000 	/System/Library/PrivateFrameworks/AppleIDAuthSupport.framework/Versions/A/AppleIDAuthSupport
0x00007fff38a4a000 	/System/Library/Frameworks/Network.framework/Versions/A/Network
0x00007fff56e5e000 	/System/Library/PrivateFrameworks/KeychainCircle.framework/Versions/A/KeychainCircle
0x00007fff31e00000 	/System/Library/Frameworks/CoreBluetooth.framework/Versions/A/CoreBluetooth
0x00007fff611d1000 	/System/Library/PrivateFrameworks/SpeechRecognitionCore.framework/Versions/A/SpeechRecognitionCore
0x00007fff26989000 	/System/Library/CoreServices/Encodings/libSimplifiedChineseConverter.dylib
0x000000010f400000 	/Library/Java/JavaVirtualMachines/jdk1.8.0_211.jdk/Contents/Home/jre/lib/server/libjvm.dylib
0x00007fff68b12000 	/usr/lib/libstdc++.6.dylib
0x000000010eb22000 	/Library/Java/JavaVirtualMachines/jdk1.8.0_211.jdk/Contents/Home/jre/lib/libverify.dylib
0x000000010eb30000 	/Library/Java/JavaVirtualMachines/jdk1.8.0_211.jdk/Contents/Home/jre/lib/libjava.dylib
0x000000010ebb0000 	/Library/Java/JavaVirtualMachines/jdk1.8.0_211.jdk/Contents/Home/jre/lib/libzip.dylib
0x0000000117cb3000 	/Library/Java/JavaVirtualMachines/jdk1.8.0_211.jdk/Contents/Home/jre/lib/libnet.dylib
0x00000001176e2000 	/Library/Java/JavaVirtualMachines/jdk1.8.0_211.jdk/Contents/Home/jre/lib/libnio.dylib
0x0000000117613000 	/Users/lantianbao/.gradle/native/30/osx-amd64/libnative-platform.dylib
0x000000011806d000 	/Library/Java/JavaVirtualMachines/jdk1.8.0_211.jdk/Contents/Home/jre/lib/libmanagement.dylib

VM Arguments:
jvm_args: -Xmx1536m -Dfile.encoding=UTF-8 -Duser.country=CN -Duser.language=zh -Duser.variant 
java_command: org.gradle.launcher.daemon.bootstrap.GradleDaemon 5.6.4
java_class_path (initial): /Users/lantianbao/.gradle/wrapper/dists/gradle-5.6.4-all/ankdp27end7byghfw1q2sw75f/gradle-5.6.4/lib/gradle-launcher-5.6.4.jar
Launcher Type: SUN_STANDARD

Environment Variables:
JAVA_HOME=/Library/Java/JavaVirtualMachines/jdk1.8.0_211.jdk/Contents/Home
CLASSPATH=/Library/Java/JavaVirtualMachines/jdk1.8.0_211.jdk/Contents/Home/lib/tools.jar:/Library/Java/JavaVirtualMachines/jdk1.8.0_211.jdk/Contents/Home/lib/dt.jar:.
PATH=/Library/Java/JavaVirtualMachines/jdk1.8.0_211.jdk/Contents/Home/bin:/usr/local/bin:/usr/bin:/bin:/usr/sbin:/sbin:.:/Users/lantianbao/Library/Android/sdk/ndk/20.1.5948944
SHELL=/bin/bash

Signal Handlers:
SIGSEGV: [libjvm.dylib+0x5b71a7], sa_mask[0]=11111111011111110111111111111111, sa_flags=SA_ONSTACK|SA_RESTART|SA_SIGINFO
SIGBUS: [libjvm.dylib+0x5b71a7], sa_mask[0]=11111111011111110111111111111111, sa_flags=SA_RESTART|SA_SIGINFO
SIGFPE: [libjvm.dylib+0x48c8fc], sa_mask[0]=11111111011111110111111111111111, sa_flags=SA_RESTART|SA_SIGINFO
SIGPIPE: [libjvm.dylib+0x48c8fc], sa_mask[0]=11111111011111110111111111111111, sa_flags=SA_RESTART|SA_SIGINFO
SIGXFSZ: [libjvm.dylib+0x48c8fc], sa_mask[0]=11111111011111110111111111111111, sa_flags=SA_RESTART|SA_SIGINFO
SIGILL: [libjvm.dylib+0x48c8fc], sa_mask[0]=11111111011111110111111111111111, sa_flags=SA_RESTART|SA_SIGINFO
SIGUSR1: SIG_DFL, sa_mask[0]=00000000000000000000000000000000, sa_flags=none
SIGUSR2: [libjvm.dylib+0x48c41a], sa_mask[0]=00100000000000000000000000000000, sa_flags=SA_RESTART|SA_SIGINFO
SIGHUP: [libjvm.dylib+0x48a9a5], sa_mask[0]=11111111011111110111111111111111, sa_flags=SA_RESTART|SA_SIGINFO
SIGINT: [libjvm.dylib+0x48a9a5], sa_mask[0]=11111111011111110111111111111111, sa_flags=SA_RESTART|SA_SIGINFO
SIGTERM: [libjvm.dylib+0x48a9a5], sa_mask[0]=11111111011111110111111111111111, sa_flags=SA_RESTART|SA_SIGINFO
SIGQUIT: [libjvm.dylib+0x48a9a5], sa_mask[0]=11111111011111110111111111111111, sa_flags=SA_RESTART|SA_SIGINFO


---------------  S Y S T E M  ---------------

OS:Bsduname:Darwin 19.2.0 Darwin Kernel Version 19.2.0: Sat Nov  9 03:47:04 PST 2019; root:xnu-6153.61.1~20/RELEASE_X86_64 x86_64
rlimit: STACK 8192k, CORE 0k, NPROC 1392, NOFILE 10240, AS infinity
load average:7.53 3.87 2.83

CPU:total 4 (initial active 4) (2 cores per cpu, 2 threads per core) family 6 model 69 stepping 1, cmov, cx8, fxsr, mmx, sse, sse2, sse3, ssse3, sse4.1, sse4.2, popcnt, avx, avx2, aes, clmul, erms, lzcnt, ht, tsc, tscinvbit, bmi1, bmi2

Memory: 4k page, physical 8388608k(664144k free)

/proc/meminfo:


vm_info: Java HotSpot(TM) 64-Bit Server VM (25.211-b12) for bsd-amd64 JRE (1.8.0_211-b12), built on Apr  1 2019 20:53:18 by "java_re" with gcc 4.2.1 (Based on Apple Inc. build 5658) (LLVM build 2336.11.00)

time: Tue Apr 21 21:29:09 2020
timezone: CST
elapsed time: 17093 seconds (0d 4h 44m 53s)

