#
# A fatal error has been detected by the Java Runtime Environment:
#
#  SIGSEGV (0xb) at pc=0x00000001054341c6, pid=5590, tid=0x0000000000004b03
#
# JRE version: Java(TM) SE Runtime Environment (8.0_211-b12) (build 1.8.0_211-b12)
# Java VM: Java HotSpot(TM) 64-Bit Server VM (25.211-b12 mixed mode bsd-amd64 compressed oops)
# Problematic frame:
# V  [libjvm.dylib+0x4341c6]  Matcher::xform(Node*, int)+0xfc
#
# Failed to write core dump. Core dumps have been disabled. To enable core dumping, try "ulimit -c unlimited" before starting Java again
#
# If you would like to submit a bug report, please visit:
#   http://bugreport.java.com/bugreport/crash.jsp
#

---------------  T H R E A D  ---------------

Current thread (0x00007feb6f876800):  JavaThread "C2 CompilerThread0" daemon [_thread_in_native, id=19203, stack(0x0000700007ae7000,0x0000700007be7000)]

siginfo: si_signo: 11 (SIGSEGV), si_code: 0 (unknown), si_addr: 0x0000000000000000

Registers:
RAX=0x0000000000000000, RBX=0x00027feb74f4aa38, RCX=0x00007feb6fb36fe8, RDX=0x0000000105610363
RSP=0x0000700007be39d0, RBP=0x0000700007be3a40, RSI=0x00027feb74f4aa38, RDI=0x0000000000000000
R8 =0x0000000000000000, R9 =0xffffffff00000000, R10=0x0000000105840678, R11=0x0000000003d8f738
R12=0x0000000000000000, R13=0x00007feb73d29e40, R14=0x00007feb6fb34b70, R15=0x0000000000000000
RIP=0x00000001054341c6, EFLAGS=0x0000000000010246, ERR=0x0000000000000000
  TRAPNO=0x000000000000000d

Top of Stack: (sp=0x0000700007be39d0)
0x0000700007be39d0:   0000700007be4780 0000700007be5118
0x0000700007be39e0:   00007feb6f424150 0000000000007fd8
0x0000700007be39f0:   0000700007be4760 000000010f659f40
0x0000700007be3a00:   000000010f682e90 000000010f657010
0x0000700007be3a10:   00007feb6f424150 0000700007be4760
0x0000700007be3a20:   0000000000000010 00007feb74e6d288
0x0000700007be3a30:   0000000000000afa 0000700007be6040
0x0000700007be3a40:   0000700007be3ae0 0000000105436dae
0x0000700007be3a50:   00007feb6fb89f50 0000700007be6208
0x0000700007be3a60:   0000000000000000 0000000000000000
0x0000700007be3a70:   4000000000000000 0000000000000000
0x0000700007be3a80:   0000000000000000 0000700007be5358
0x0000700007be3a90:   0000000000000001 00007feb75f9fdf0
0x0000700007be3aa0:   00000001055e682b 0000700007be4558
0x0000700007be3ab0:   0000700007be3ae0 0000700007be6040
0x0000700007be3ac0:   00007feb75f9fdf0 0000700007be6040
0x0000700007be3ad0:   0000700007be4760 0000700007be4558
0x0000700007be3ae0:   0000700007be5400 00000001051b0a01
0x0000700007be3af0:   0000000000000000 0000000000000000
0x0000700007be3b00:   0000000000000000 0000000000000000
0x0000700007be3b10:   0000000000000000 0000000000000000
0x0000700007be3b20:   0000000000000000 0000000000000000
0x0000700007be3b30:   0000000000000000 0000000000000000
0x0000700007be3b40:   0000000000000000 0000000000000000
0x0000700007be3b50:   0000000000000000 0000000000000000
0x0000700007be3b60:   0000000000000000 0000000000000000
0x0000700007be3b70:   0000000000000000 0000000000000000
0x0000700007be3b80:   0000000000000000 0000000000000000
0x0000700007be3b90:   0000000000000000 0000000000000000
0x0000700007be3ba0:   0000000000000000 0000000000000000
0x0000700007be3bb0:   0000000000000000 0000000000000000
0x0000700007be3bc0:   0000000000000000 0000000000000000 

Instructions: (pc=0x00000001054341c6)
0x00000001054341a6:   b0 48 8b 78 10 48 81 c7 98 01 00 00 48 89 de e8
0x00000001054341b6:   02 06 c7 ff 84 c0 74 08 49 89 de e9 eb 01 00 00
0x00000001054341c6:   8b 43 28 4c 8b 75 b0 4d 8b 76 30 4d 8b 34 c6 4d
0x00000001054341d6:   85 f6 0f 85 cc 01 00 00 48 8b 7d b0 48 89 de e8 

Register to memory mapping:

RAX=0x0000000000000000 is an unknown value
RBX=0x00027feb74f4aa38 is an unknown value
RCX=0x00007feb6fb36fe8 is an unknown value
RDX=0x0000000105610363: _ZN13JfrRepository27chunk_file_jfr_ext_dot_partE+0xc3eb in /Library/Java/JavaVirtualMachines/jdk1.8.0_211.jdk/Contents/Home/jre/lib/server/libjvm.dylib at 0x0000000105000000
RSP=0x0000700007be39d0 is pointing into the stack for thread: 0x00007feb6f876800
RBP=0x0000700007be3a40 is pointing into the stack for thread: 0x00007feb6f876800
RSI=0x00027feb74f4aa38 is an unknown value
RDI=0x0000000000000000 is an unknown value
R8 =0x0000000000000000 is an unknown value
R9 =0xffffffff00000000 is an unknown value
R10=0x0000000105840678: _ZL8tc_mutex+0x18 in /Library/Java/JavaVirtualMachines/jdk1.8.0_211.jdk/Contents/Home/jre/lib/server/libjvm.dylib at 0x0000000105000000
R11=0x0000000003d8f738 is an unknown value
R12=0x0000000000000000 is an unknown value
R13=0x00007feb73d29e40 is an unknown value
R14=0x00007feb6fb34b70 is an unknown value
R15=0x0000000000000000 is an unknown value


Stack: [0x0000700007ae7000,0x0000700007be7000],  sp=0x0000700007be39d0,  free space=1010k
Native frames: (J=compiled Java code, j=interpreted, Vv=VM code, C=native code)
V  [libjvm.dylib+0x4341c6]  Matcher::xform(Node*, int)+0xfc
V  [libjvm.dylib+0x436dae]  Matcher::match()+0x5f2
V  [libjvm.dylib+0x1b0a01]  Compile::Code_Gen()+0x73
V  [libjvm.dylib+0x1b4cd9]  Compile::Compile(ciEnv*, C2Compiler*, ciMethod*, int, bool, bool, bool)+0x98d
V  [libjvm.dylib+0x1511fe]  C2Compiler::compile_method(ciEnv*, ciMethod*, int)+0xb2
V  [libjvm.dylib+0x1b8376]  CompileBroker::invoke_compiler_on_method(CompileTask*)+0x5b2
V  [libjvm.dylib+0x1ba8bd]  CompileBroker::compiler_thread_loop()+0x291
V  [libjvm.dylib+0x570b93]  JavaThread::thread_main_inner()+0x9b
V  [libjvm.dylib+0x57228e]  JavaThread::run()+0x1c2
V  [libjvm.dylib+0x48f30a]  java_start(Thread*)+0xf6
C  [libsystem_pthread.dylib+0x5e65]  _pthread_start+0x94
C  [libsystem_pthread.dylib+0x183b]  thread_start+0xf
C  0x0000000000000000


Current CompileTask:
C2: 883028 22162       4       java.io.ObjectOutputStream::writeClassDescriptor (6 bytes)


---------------  P R O C E S S  ---------------

Java Threads: ( => current thread )
  0x00007feb76247800 JavaThread "Cache worker for execution history cache (/Users/lantianbao/AndroidStudioProjects/fenggtaii/lt_smart_pasture/.gradle/5.6.4/executionHistory)" [_thread_blocked, id=24339, stack(0x0000700009d4d000,0x0000700009e4d000)]
  0x00007feb73344000 JavaThread "Execution worker for ':' Thread 3" [_thread_in_native, id=25619, stack(0x0000700009c4a000,0x0000700009d4a000)]
  0x00007feb73303800 JavaThread "Execution worker for ':' Thread 2" [_thread_blocked, id=24083, stack(0x0000700009b47000,0x0000700009c47000)]
  0x00007feb73303000 JavaThread "Execution worker for ':'" [_thread_in_Java, id=38159, stack(0x0000700009a44000,0x0000700009b44000)]
  0x00007feb725e2800 JavaThread "Cache worker for file content cache (/Users/lantianbao/AndroidStudioProjects/fenggtaii/lt_smart_pasture/.gradle/5.6.4/fileContent)" [_thread_blocked, id=37131, stack(0x0000700009941000,0x0000700009a41000)]
  0x00007feb71157000 JavaThread "Cache worker for Build Output Cleanup Cache (/Users/lantianbao/AndroidStudioProjects/fenggtaii/lt_smart_pasture/.gradle/buildOutputCleanup)" [_thread_blocked, id=37387, stack(0x0000700009638000,0x0000700009738000)]
  0x00007feb71748800 JavaThread "pool-7-thread-1" [_thread_blocked, id=27407, stack(0x0000700009535000,0x0000700009635000)]
  0x00007feb7629e000 JavaThread "Build operations Thread 4" [_thread_blocked, id=19995, stack(0x0000700009432000,0x0000700009532000)]
  0x00007feb76538000 JavaThread "Build operations Thread 3" [_thread_blocked, id=21779, stack(0x000070000932f000,0x000070000942f000)]
  0x00007feb6fa8a000 JavaThread "Build operations Thread 2" [_thread_blocked, id=42515, stack(0x000070000922c000,0x000070000932c000)]
  0x00007feb706d1000 JavaThread "Build operations" [_thread_blocked, id=39955, stack(0x0000700009129000,0x0000700009229000)]
  0x00007feb6f885800 JavaThread "Cache worker for cache directory md-rule (/Users/lantianbao/.gradle/caches/5.6.4/md-rule)" [_thread_blocked, id=40211, stack(0x0000700008f23000,0x0000700009023000)]
  0x00007feb725e3800 JavaThread "Cache worker for cache directory md-supplier (/Users/lantianbao/.gradle/caches/5.6.4/md-supplier)" [_thread_blocked, id=29199, stack(0x0000700008e20000,0x0000700008f20000)]
  0x00007feb707c6000 JavaThread "Cache worker for file hash cache (/Users/lantianbao/AndroidStudioProjects/fenggtaii/lt_smart_pasture/.gradle/5.6.4/fileHashes)" [_thread_blocked, id=22035, stack(0x0000700008d1d000,0x0000700008e1d000)]
  0x00007feb761f4000 JavaThread "Thread-101" [_thread_blocked, id=30223, stack(0x0000700008911000,0x0000700008a11000)]
  0x00007feb73db0000 JavaThread "Stdin handler" [_thread_blocked, id=16143, stack(0x000070000880e000,0x000070000890e000)]
  0x00007feb766c5000 JavaThread "Asynchronous log dispatcher for DefaultDaemonConnection: socket connection from /127.0.0.1:56123 to /127.0.0.1:59899" [_thread_blocked, id=38671, stack(0x000070000870b000,0x000070000880b000)]
  0x00007feb748b8000 JavaThread "Daemon worker Thread 4" [_thread_in_native, id=27151, stack(0x0000700008608000,0x0000700008708000)]
  0x00007feb73307800 JavaThread "Cancel handler" [_thread_blocked, id=28175, stack(0x0000700008505000,0x0000700008605000)]
  0x00007feb74ff6800 JavaThread "Handler for socket connection from /127.0.0.1:56123 to /127.0.0.1:59899" [_thread_in_native, id=35599, stack(0x0000700008402000,0x0000700008502000)]
  0x00007feb73306800 JavaThread "Daemon Thread 4" [_thread_blocked, id=16911, stack(0x00007000082ff000,0x00007000083ff000)]
  0x00007feb725a6000 JavaThread "Cache worker for Java compile cache (/Users/lantianbao/.gradle/caches/5.6.4/javaCompile)" [_thread_blocked, id=37891, stack(0x0000700009e50000,0x0000700009f50000)]
  0x00007feb751ef000 JavaThread "Cache worker for file content cache (/Users/lantianbao/.gradle/caches/5.6.4/fileContent)" [_thread_blocked, id=39171, stack(0x000070000983e000,0x000070000993e000)]
  0x00007feb72687000 JavaThread "Memory manager" [_thread_blocked, id=26627, stack(0x000070000973b000,0x000070000983b000)]
  0x00007feb75115000 JavaThread "Cache worker for execution history cache (/Users/lantianbao/.gradle/caches/5.6.4/executionHistory)" [_thread_blocked, id=40451, stack(0x0000700009026000,0x0000700009126000)]
  0x00007feb7010d000 JavaThread "Cache worker for journal cache (/Users/lantianbao/.gradle/caches/journal-1)" [_thread_blocked, id=41475, stack(0x0000700008c1a000,0x0000700008d1a000)]
  0x00007feb714bf800 JavaThread "File lock request listener" [_thread_in_native, id=41731, stack(0x0000700008b17000,0x0000700008c17000)]
  0x00007feb709bd000 JavaThread "Cache worker for file hash cache (/Users/lantianbao/.gradle/caches/5.6.4/fileHashes)" [_thread_blocked, id=23043, stack(0x0000700008a14000,0x0000700008b14000)]
  0x00007feb71499800 JavaThread "Daemon periodic checks" [_thread_blocked, id=17411, stack(0x00007000081fc000,0x00007000082fc000)]
  0x00007feb6f961000 JavaThread "Incoming local TCP Connector on port 56123" [_thread_in_native, id=15875, stack(0x00007000080f9000,0x00007000081f9000)]
  0x00007feb70f2f000 JavaThread "Daemon health stats" [_thread_blocked, id=15363, stack(0x0000700007ff6000,0x00007000080f6000)]
  0x00007feb7083d000 JavaThread "Service Thread" daemon [_thread_blocked, id=18435, stack(0x0000700007df0000,0x0000700007ef0000)]
  0x00007feb70822000 JavaThread "C1 CompilerThread2" daemon [_thread_in_native, id=14595, stack(0x0000700007ced000,0x0000700007ded000)]
  0x00007feb70821000 JavaThread "C2 CompilerThread1" daemon [_thread_in_native, id=18947, stack(0x0000700007bea000,0x0000700007cea000)]
=>0x00007feb6f876800 JavaThread "C2 CompilerThread0" daemon [_thread_in_native, id=19203, stack(0x0000700007ae7000,0x0000700007be7000)]
  0x00007feb6f875800 JavaThread "Signal Dispatcher" daemon [_thread_blocked, id=13827, stack(0x00007000079e4000,0x0000700007ae4000)]
  0x00007feb70813800 JavaThread "Finalizer" daemon [_thread_blocked, id=21251, stack(0x00007000077db000,0x00007000078db000)]
  0x00007feb70803800 JavaThread "Reference Handler" daemon [_thread_blocked, id=11523, stack(0x00007000076d8000,0x00007000077d8000)]
  0x00007feb70800800 JavaThread "main" [_thread_blocked, id=3331, stack(0x00007000070c6000,0x00007000071c6000)]

Other Threads:
  0x00007feb6f843000 VMThread [stack: 0x00007000075d5000,0x00007000076d5000] [id=11267]
  0x00007feb70804000 WatcherThread [stack: 0x0000700007ef3000,0x0000700007ff3000] [id=17923]

VM state:not at safepoint (normal execution)

VM Mutex/Monitor currently owned by a thread: None

heap address: 0x0000000760000000, size: 1536 MB, Compressed Oops mode: Zero based, Oop shift amount: 3
Narrow klass base: 0x0000000000000000, Narrow klass shift: 3
Compressed class space size: 1073741824 Address: 0x00000007c0000000

Heap:
 PSYoungGen      total 442880K, used 278915K [0x00000007a0000000, 0x00000007c0000000, 0x00000007c0000000)
  eden space 361472K, 69% used [0x00000007a0000000,0x00000007af6dfce0,0x00000007b6100000)
  from space 81408K, 32% used [0x00000007b6100000,0x00000007b7a81260,0x00000007bb080000)
  to   space 77824K, 0% used [0x00000007bb400000,0x00000007bb400000,0x00000007c0000000)
 ParOldGen       total 292864K, used 99468K [0x0000000760000000, 0x0000000771e00000, 0x00000007a0000000)
  object space 292864K, 33% used [0x0000000760000000,0x00000007661231d0,0x0000000771e00000)
 Metaspace       used 94413K, capacity 100424K, committed 100608K, reserved 1136640K
  class space    used 12500K, capacity 13772K, committed 13824K, reserved 1048576K

Card table byte_map: [0x0000000106400000,0x0000000106701000] byte_map_base: 0x0000000102900000

Marking Bits: (ParMarkBitMap*) 0x00000001058fbe40
 Begin Bits: [0x0000000106901000, 0x0000000108101000)
 End Bits:   [0x0000000108101000, 0x0000000109901000)

Polling page: 0x00000001047fe000

CodeCache: size=245760Kb used=55836Kb max_used=55836Kb free=189923Kb
 bounds [0x0000000114786000, 0x0000000117e56000, 0x0000000123786000]
 total_blobs=18739 nmethods=17871 adapters=779
 compilation: enabled

Compilation events (10 events):
Event: 882.989 Thread 0x00007feb70822000 nmethod 22139 0x0000000117e46d90 code [0x0000000117e46f00, 0x0000000117e47168]
Event: 882.991 Thread 0x00007feb70822000 22140       3       org.objectweb.asm.MethodWriter::visitLineNumber (50 bytes)
Event: 882.994 Thread 0x00007feb70822000 nmethod 22140 0x0000000117e47250 code [0x0000000117e473e0, 0x0000000117e47818]
Event: 882.994 Thread 0x00007feb70822000 22150       3       org.gradle.internal.serialize.DefaultSerializerRegistry$TaggedTypeSerializer::map (110 bytes)
Event: 882.996 Thread 0x00007feb70822000 nmethod 22150 0x0000000117e47a10 code [0x0000000117e47d20, 0x0000000117e496a8]
Event: 882.997 Thread 0x00007feb70822000 22119       3       org.gradle.execution.plan.Node::isFailed (20 bytes)
Event: 882.997 Thread 0x00007feb70822000 nmethod 22119 0x0000000117e4a310 code [0x0000000117e4a480, 0x0000000117e4a7c8]
Event: 882.997 Thread 0x00007feb70822000 22127       3       com.android.tools.build.jetifier.core.type.JavaType::<init> (72 bytes)
Event: 882.999 Thread 0x00007feb70822000 nmethod 22127 0x0000000117e4a850 code [0x0000000117e4aac0, 0x0000000117e4b858]
Event: 882.999 Thread 0x00007feb70822000 22135       3       kotlin.text.StringsKt__StringsKt::indexOf$default (26 bytes)

GC Heap History (10 events):
Event: 156.042 GC heap before
{Heap before GC invocations=15 (full 3):
 PSYoungGen      total 348160K, used 348141K [0x00000007a0000000, 0x00000007bd800000, 0x00000007c0000000)
  eden space 305664K, 100% used [0x00000007a0000000,0x00000007b2a80000,0x00000007b2a80000)
  from space 42496K, 99% used [0x00000007b2a80000,0x00000007b53fb700,0x00000007b5400000)
  to   space 64512K, 0% used [0x00000007b9900000,0x00000007b9900000,0x00000007bd800000)
 ParOldGen       total 163840K, used 98333K [0x0000000760000000, 0x000000076a000000, 0x00000007a0000000)
  object space 163840K, 60% used [0x0000000760000000,0x0000000766007668,0x000000076a000000)
 Metaspace       used 87925K, capacity 93084K, committed 93184K, reserved 1130496K
  class space    used 11870K, capacity 13002K, committed 13056K, reserved 1048576K
Event: 156.236 GC heap after
Heap after GC invocations=15 (full 3):
 PSYoungGen      total 419328K, used 33785K [0x00000007a0000000, 0x00000007bda80000, 0x00000007c0000000)
  eden space 354816K, 0% used [0x00000007a0000000,0x00000007a0000000,0x00000007b5a80000)
  from space 64512K, 52% used [0x00000007b9900000,0x00000007bb9fe7f0,0x00000007bd800000)
  to   space 64000K, 0% used [0x00000007b5a80000,0x00000007b5a80000,0x00000007b9900000)
 ParOldGen       total 163840K, used 137712K [0x0000000760000000, 0x000000076a000000, 0x00000007a0000000)
  object space 163840K, 84% used [0x0000000760000000,0x000000076867c238,0x000000076a000000)
 Metaspace       used 87925K, capacity 93084K, committed 93184K, reserved 1130496K
  class space    used 11870K, capacity 13002K, committed 13056K, reserved 1048576K
}
Event: 156.236 GC heap before
{Heap before GC invocations=16 (full 4):
 PSYoungGen      total 419328K, used 33785K [0x00000007a0000000, 0x00000007bda80000, 0x00000007c0000000)
  eden space 354816K, 0% used [0x00000007a0000000,0x00000007a0000000,0x00000007b5a80000)
  from space 64512K, 52% used [0x00000007b9900000,0x00000007bb9fe7f0,0x00000007bd800000)
  to   space 64000K, 0% used [0x00000007b5a80000,0x00000007b5a80000,0x00000007b9900000)
 ParOldGen       total 163840K, used 137712K [0x0000000760000000, 0x000000076a000000, 0x00000007a0000000)
  object space 163840K, 84% used [0x0000000760000000,0x000000076867c238,0x000000076a000000)
 Metaspace       used 87925K, capacity 93084K, committed 93184K, reserved 1130496K
  class space    used 11870K, capacity 13002K, committed 13056K, reserved 1048576K
Event: 156.844 GC heap after
Heap after GC invocations=16 (full 4):
 PSYoungGen      total 419328K, used 0K [0x00000007a0000000, 0x00000007bda80000, 0x00000007c0000000)
  eden space 354816K, 0% used [0x00000007a0000000,0x00000007a0000000,0x00000007b5a80000)
  from space 64512K, 0% used [0x00000007b9900000,0x00000007b9900000,0x00000007bd800000)
  to   space 64000K, 0% used [0x00000007b5a80000,0x00000007b5a80000,0x00000007b9900000)
 ParOldGen       total 292864K, used 99444K [0x0000000760000000, 0x0000000771e00000, 0x00000007a0000000)
  object space 292864K, 33% used [0x0000000760000000,0x000000076611d1d0,0x0000000771e00000)
 Metaspace       used 87499K, capacity 92396K, committed 93184K, reserved 1130496K
  class space    used 11796K, capacity 12874K, committed 13056K, reserved 1048576K
}
Event: 211.563 GC heap before
{Heap before GC invocations=17 (full 4):
 PSYoungGen      total 419328K, used 354816K [0x00000007a0000000, 0x00000007bda80000, 0x00000007c0000000)
  eden space 354816K, 100% used [0x00000007a0000000,0x00000007b5a80000,0x00000007b5a80000)
  from space 64512K, 0% used [0x00000007b9900000,0x00000007b9900000,0x00000007bd800000)
  to   space 64000K, 0% used [0x00000007b5a80000,0x00000007b5a80000,0x00000007b9900000)
 ParOldGen       total 292864K, used 99444K [0x0000000760000000, 0x0000000771e00000, 0x00000007a0000000)
  object space 292864K, 33% used [0x0000000760000000,0x000000076611d1d0,0x0000000771e00000)
 Metaspace       used 91179K, capacity 96790K, committed 96896K, reserved 1132544K
  class space    used 12237K, capacity 13423K, committed 13440K, reserved 1048576K
Event: 211.661 GC heap after
Heap after GC invocations=17 (full 4):
 PSYoungGen      total 418816K, used 59140K [0x00000007a0000000, 0x00000007c0000000, 0x00000007c0000000)
  eden space 354816K, 0% used [0x00000007a0000000,0x00000007a0000000,0x00000007b5a80000)
  from space 64000K, 92% used [0x00000007b5a80000,0x00000007b9441008,0x00000007b9900000)
  to   space 72704K, 0% used [0x00000007bb900000,0x00000007bb900000,0x00000007c0000000)
 ParOldGen       total 292864K, used 99452K [0x0000000760000000, 0x0000000771e00000, 0x00000007a0000000)
  object space 292864K, 33% used [0x0000000760000000,0x000000076611f1d0,0x0000000771e00000)
 Metaspace       used 91179K, capacity 96790K, committed 96896K, reserved 1132544K
  class space    used 12237K, capacity 13423K, committed 13440K, reserved 1048576K
}
Event: 281.534 GC heap before
{Heap before GC invocations=18 (full 4):
 PSYoungGen      total 418816K, used 413956K [0x00000007a0000000, 0x00000007c0000000, 0x00000007c0000000)
  eden space 354816K, 100% used [0x00000007a0000000,0x00000007b5a80000,0x00000007b5a80000)
  from space 64000K, 92% used [0x00000007b5a80000,0x00000007b9441008,0x00000007b9900000)
  to   space 72704K, 0% used [0x00000007bb900000,0x00000007bb900000,0x00000007c0000000)
 ParOldGen       total 292864K, used 99452K [0x0000000760000000, 0x0000000771e00000, 0x00000007a0000000)
  object space 292864K, 33% used [0x0000000760000000,0x000000076611f1d0,0x0000000771e00000)
 Metaspace       used 92332K, capacity 98178K, committed 98432K, reserved 1134592K
  class space    used 12338K, capacity 13609K, committed 13696K, reserved 1048576K
Event: 281.641 GC heap after
Heap after GC invocations=18 (full 4):
 PSYoungGen      total 434176K, used 63917K [0x00000007a0000000, 0x00000007c0000000, 0x00000007c0000000)
  eden space 361472K, 0% used [0x00000007a0000000,0x00000007a0000000,0x00000007b6100000)
  from space 72704K, 87% used [0x00000007bb900000,0x00000007bf76b420,0x00000007c0000000)
  to   space 81408K, 0% used [0x00000007b6100000,0x00000007b6100000,0x00000007bb080000)
 ParOldGen       total 292864K, used 99460K [0x0000000760000000, 0x0000000771e00000, 0x00000007a0000000)
  object space 292864K, 33% used [0x0000000760000000,0x00000007661211d0,0x0000000771e00000)
 Metaspace       used 92332K, capacity 98178K, committed 98432K, reserved 1134592K
  class space    used 12338K, capacity 13609K, committed 13696K, reserved 1048576K
}
Event: 881.199 GC heap before
{Heap before GC invocations=19 (full 4):
 PSYoungGen      total 434176K, used 425389K [0x00000007a0000000, 0x00000007c0000000, 0x00000007c0000000)
  eden space 361472K, 100% used [0x00000007a0000000,0x00000007b6100000,0x00000007b6100000)
  from space 72704K, 87% used [0x00000007bb900000,0x00000007bf76b420,0x00000007c0000000)
  to   space 81408K, 0% used [0x00000007b6100000,0x00000007b6100000,0x00000007bb080000)
 ParOldGen       total 292864K, used 99460K [0x0000000760000000, 0x0000000771e00000, 0x00000007a0000000)
  object space 292864K, 33% used [0x0000000760000000,0x00000007661211d0,0x0000000771e00000)
 Metaspace       used 93403K, capacity 99386K, committed 99584K, reserved 1134592K
  class space    used 12423K, capacity 13705K, committed 13824K, reserved 1048576K
Event: 881.243 GC heap after
Heap after GC invocations=19 (full 4):
 PSYoungGen      total 442880K, used 26116K [0x00000007a0000000, 0x00000007c0000000, 0x00000007c0000000)
  eden space 361472K, 0% used [0x00000007a0000000,0x00000007a0000000,0x00000007b6100000)
  from space 81408K, 32% used [0x00000007b6100000,0x00000007b7a81260,0x00000007bb080000)
  to   space 77824K, 0% used [0x00000007bb400000,0x00000007bb400000,0x00000007c0000000)
 ParOldGen       total 292864K, used 99468K [0x0000000760000000, 0x0000000771e00000, 0x00000007a0000000)
  object space 292864K, 33% used [0x0000000760000000,0x00000007661231d0,0x0000000771e00000)
 Metaspace       used 93403K, capacity 99386K, committed 99584K, reserved 1134592K
  class space    used 12423K, capacity 13705K, committed 13824K, reserved 1048576K
}

Deoptimization events (10 events):
Event: 283.540 Thread 0x00007feb706c8800 Uncommon trap: reason=unstable_if action=reinterpret pc=0x0000000116e49de8 method=com.android.tools.r8.utils.O.d(I)Z @ 45
Event: 284.375 Thread 0x00007feb706c8800 Uncommon trap: reason=class_check action=maybe_recompile pc=0x00000001174a49c4 method=com.android.tools.r8.u.c.o.a(Lcom/android/tools/r8/u/c/M;IZ)V @ 472
Event: 284.588 Thread 0x00007feb706c8800 Uncommon trap: reason=class_check action=maybe_recompile pc=0x00000001174a49c4 method=com.android.tools.r8.u.c.o.a(Lcom/android/tools/r8/u/c/M;IZ)V @ 472
Event: 284.808 Thread 0x00007feb7564b800 Uncommon trap: reason=class_check action=maybe_recompile pc=0x0000000114d03248 method=java.io.DataInputStream.readUnsignedShort()I @ 4
Event: 284.808 Thread 0x00007feb7564b800 Uncommon trap: reason=class_check action=maybe_recompile pc=0x0000000114d03248 method=java.io.DataInputStream.readUnsignedShort()I @ 4
Event: 880.284 Thread 0x00007feb748b8000 Uncommon trap: reason=bimorphic action=maybe_recompile pc=0x0000000115a4b050 method=org.gradle.internal.service.DefaultServiceRegistry.find(Ljava/lang/reflect/Type;)Ljava/lang/Object; @ 22
Event: 880.584 Thread 0x00007feb748b8000 Uncommon trap: reason=speculate_class_check action=maybe_recompile pc=0x0000000115bbc88c method=com.google.common.collect.ImmutableList.listIterator(I)Lcom/google/common/collect/UnmodifiableListIterator; @ 2
Event: 881.978 Thread 0x00007feb73344000 Uncommon trap: reason=null_assert action=make_not_entrant pc=0x0000000117c273dc method=org.gradle.internal.snapshot.impl.DefaultValueSnapshotter.processValue(Ljava/lang/Object;Lorg/gradle/internal/snapshot/impl/DefaultValueSnapshotter$ValueVisitor;)Ljava/
Event: 882.123 Thread 0x00007feb73303000 Uncommon trap: reason=unstable_if action=reinterpret pc=0x0000000115b36e68 method=com.sun.org.apache.xerces.internal.util.SymbolTable.addSymbol([CII)Ljava/lang/String; @ 64
Event: 882.421 Thread 0x00007feb73344000 Uncommon trap: reason=null_check action=make_not_entrant pc=0x0000000117d371f0 method=org.gradle.internal.snapshot.impl.DefaultFileSystemMirror.getMetadata(Ljava/lang/String;)Lorg/gradle/internal/file/FileMetadataSnapshot; @ 37

Classes redefined (0 events):
No events

Internal exceptions (10 events):
Event: 278.604 Thread 0x00007feb706c8800 Exception <a 'sun/nio/fs/UnixException'> (0x00000007a63e8220) thrown at [/Users/java_re/workspace/8-2-build-macosx-x86_64/jdk8u211/12973/hotspot/src/share/vm/prims/jni.cpp, line 710]
Event: 282.378 Thread 0x00007feb71748800 Exception <a 'sun/nio/fs/UnixException'> (0x00000007a40c4ac8) thrown at [/Users/java_re/workspace/8-2-build-macosx-x86_64/jdk8u211/12973/hotspot/src/share/vm/prims/jni.cpp, line 710]
Event: 282.378 Thread 0x00007feb71748800 Exception <a 'sun/nio/fs/UnixException'> (0x00000007a40c5498) thrown at [/Users/java_re/workspace/8-2-build-macosx-x86_64/jdk8u211/12973/hotspot/src/share/vm/prims/jni.cpp, line 710]
Event: 283.403 Thread 0x00007feb752f4800 Exception <a 'sun/nio/fs/UnixException'> (0x00000007a8ecd4b8) thrown at [/Users/java_re/workspace/8-2-build-macosx-x86_64/jdk8u211/12973/hotspot/src/share/vm/prims/jni.cpp, line 710]
Event: 283.403 Thread 0x00007feb752f4800 Exception <a 'sun/nio/fs/UnixException'> (0x00000007a8ecde88) thrown at [/Users/java_re/workspace/8-2-build-macosx-x86_64/jdk8u211/12973/hotspot/src/share/vm/prims/jni.cpp, line 710]
Event: 284.089 Thread 0x00007feb6ff36800 Exception <a 'java/io/FileNotFoundException'> (0x00000007aca3fcd0) thrown at [/Users/java_re/workspace/8-2-build-macosx-x86_64/jdk8u211/12973/hotspot/src/share/vm/prims/jni.cpp, line 710]
Event: 284.241 Thread 0x00007feb73b20000 Exception <a 'java/io/FileNotFoundException'> (0x00000007ad5dafd0) thrown at [/Users/java_re/workspace/8-2-build-macosx-x86_64/jdk8u211/12973/hotspot/src/share/vm/prims/jni.cpp, line 710]
Event: 284.738 Thread 0x00007feb706c8800 Exception <a 'sun/nio/fs/UnixException'> (0x00000007afbc8ea8) thrown at [/Users/java_re/workspace/8-2-build-macosx-x86_64/jdk8u211/12973/hotspot/src/share/vm/prims/jni.cpp, line 710]
Event: 880.607 Thread 0x00007feb748b8000 Exception <a 'sun/nio/fs/UnixException'> (0x00000007b2dd9cd8) thrown at [/Users/java_re/workspace/8-2-build-macosx-x86_64/jdk8u211/12973/hotspot/src/share/vm/prims/jni.cpp, line 710]
Event: 882.421 Thread 0x00007feb73344000 Implicit null exception at 0x0000000117d35f93 to 0x0000000117d371e1

Events (10 events):
Event: 882.771 Thread 0x00007feb70822000 flushing nmethod 0x00000001162b37d0
Event: 882.771 Thread 0x00007feb70822000 flushing nmethod 0x00000001162b6ed0
Event: 882.771 Thread 0x00007feb70822000 flushing nmethod 0x00000001162cbf50
Event: 882.778 Thread 0x00007feb70822000 flushing nmethod 0x0000000116750410
Event: 882.863 Executing VM operation: RevokeBias
Event: 882.863 Executing VM operation: RevokeBias done
Event: 882.869 Executing VM operation: RevokeBias
Event: 882.870 Executing VM operation: RevokeBias done
Event: 882.872 Executing VM operation: RevokeBias
Event: 882.872 Executing VM operation: RevokeBias done


Dynamic libraries:
0x00007fff313b5000 	/System/Library/Frameworks/Cocoa.framework/Versions/A/Cocoa
0x00007fff3e981000 	/System/Library/Frameworks/Security.framework/Versions/A/Security
0x00007fff30340000 	/System/Library/Frameworks/ApplicationServices.framework/Versions/A/ApplicationServices
0x00007fff68d66000 	/usr/lib/libz.1.dylib
0x00007fff66839000 	/usr/lib/libSystem.B.dylib
0x00007fff6868a000 	/usr/lib/libobjc.A.dylib
0x00007fff3232b000 	/System/Library/Frameworks/CoreFoundation.framework/Versions/A/CoreFoundation
0x00007fff349f0000 	/System/Library/Frameworks/Foundation.framework/Versions/C/Foundation
0x00007fff2f535000 	/System/Library/Frameworks/AppKit.framework/Versions/C/AppKit
0x00007fff31e38000 	/System/Library/Frameworks/CoreData.framework/Versions/A/CoreData
0x00007fff630e4000 	/System/Library/PrivateFrameworks/UIFoundation.framework/Versions/A/UIFoundation
0x00007fff5d8cf000 	/System/Library/PrivateFrameworks/RemoteViewServices.framework/Versions/A/RemoteViewServices
0x00007fff65b74000 	/System/Library/PrivateFrameworks/XCTTargetBootstrap.framework/Versions/A/XCTTargetBootstrap
0x00007fff3221b000 	/System/Library/Frameworks/CoreDisplay.framework/Versions/A/CoreDisplay
0x00007fff37768000 	/System/Library/Frameworks/Metal.framework/Versions/A/Metal
0x00007fff4bcf0000 	/System/Library/PrivateFrameworks/DesktopServicesPriv.framework/Versions/A/DesktopServicesPriv
0x00007fff6796f000 	/usr/lib/liblangid.dylib
0x00007fff4ae47000 	/System/Library/PrivateFrameworks/CoreSVG.framework/Versions/A/CoreSVG
0x00007fff60691000 	/System/Library/PrivateFrameworks/SkyLight.framework/Versions/A/SkyLight
0x00007fff327ad000 	/System/Library/Frameworks/CoreGraphics.framework/Versions/A/CoreGraphics
0x00007fff2e0d4000 	/System/Library/Frameworks/Accelerate.framework/Versions/A/Accelerate
0x00007fff68c57000 	/usr/lib/libxml2.2.dylib
0x00007fff56a0e000 	/System/Library/PrivateFrameworks/IconServices.framework/Versions/A/IconServices
0x00007fff351d4000 	/System/Library/Frameworks/IOSurface.framework/Versions/A/IOSurface
0x00007fff66371000 	/usr/lib/libDiagnosticMessagesClient.dylib
0x00007fff4bb69000 	/System/Library/PrivateFrameworks/DFRFoundation.framework/Versions/A/DFRFoundation
0x00007fff676fd000 	/usr/lib/libicucore.A.dylib
0x00007fff30672000 	/System/Library/Frameworks/AudioToolbox.framework/Versions/A/AudioToolbox
0x00007fff30754000 	/System/Library/Frameworks/AudioUnit.framework/Versions/A/AudioUnit
0x00007fff66a3a000 	/usr/lib/libauto.dylib
0x00007fff4bbea000 	/System/Library/PrivateFrameworks/DataDetectorsCore.framework/Versions/A/DataDetectorsCore
0x00007fff30ed5000 	/System/Library/Frameworks/Carbon.framework/Versions/A/Frameworks/HIToolbox.framework/Versions/A/HIToolbox
0x00007fff3dbb3000 	/System/Library/Frameworks/QuartzCore.framework/Versions/A/QuartzCore
0x00007fff31214000 	/System/Library/Frameworks/Carbon.framework/Versions/A/Frameworks/SpeechRecognition.framework/Versions/A/SpeechRecognition
0x00007fff4b4ef000 	/System/Library/PrivateFrameworks/CoreUI.framework/Versions/A/CoreUI
0x00007fff3189e000 	/System/Library/Frameworks/CoreAudio.framework/Versions/A/CoreAudio
0x00007fff346b8000 	/System/Library/Frameworks/DiskArbitration.framework/Versions/A/DiskArbitration
0x00007fff58a22000 	/System/Library/PrivateFrameworks/MultitouchSupport.framework/Versions/A/MultitouchSupport
0x00007fff675c3000 	/usr/lib/libenergytrace.dylib
0x00007fff3512f000 	/System/Library/Frameworks/IOKit.framework/Versions/A/IOKit
0x00007fff3371b000 	/System/Library/Frameworks/CoreServices.framework/Versions/A/CoreServices
0x00007fff5ab2c000 	/System/Library/PrivateFrameworks/PerformanceAnalysis.framework/Versions/A/PerformanceAnalysis
0x00007fff3cbe9000 	/System/Library/Frameworks/OpenGL.framework/Versions/A/OpenGL
0x00007fff313c3000 	/System/Library/Frameworks/ColorSync.framework/Versions/A/ColorSync
0x00007fff32e34000 	/System/Library/Frameworks/CoreImage.framework/Versions/A/CoreImage
0x00007fff34191000 	/System/Library/Frameworks/CoreText.framework/Versions/A/CoreText
0x00007fff3525a000 	/System/Library/Frameworks/ImageIO.framework/Versions/A/ImageIO
0x00007fff66b1f000 	/usr/lib/libc++.1.dylib
0x00007fff66b9b000 	/usr/lib/libcompression.dylib
0x00007fff666b3000 	/usr/lib/libMobileGestalt.dylib
0x00007fff621c6000 	/System/Library/PrivateFrameworks/TextureIO.framework/Versions/A/TextureIO
0x00007fff669a0000 	/usr/lib/libate.dylib
0x00007fff56c17000 	/System/Library/PrivateFrameworks/InternationalSupport.framework/Versions/A/InternationalSupport
0x00007fff697dc000 	/usr/lib/system/libcache.dylib
0x00007fff697e2000 	/usr/lib/system/libcommonCrypto.dylib
0x00007fff697ee000 	/usr/lib/system/libcompiler_rt.dylib
0x00007fff697f6000 	/usr/lib/system/libcopyfile.dylib
0x00007fff69800000 	/usr/lib/system/libcorecrypto.dylib
0x00007fff699ae000 	/usr/lib/system/libdispatch.dylib
0x00007fff699f0000 	/usr/lib/system/libdyld.dylib
0x00007fff69a26000 	/usr/lib/system/libkeymgr.dylib
0x00007fff69a34000 	/usr/lib/system/liblaunch.dylib
0x00007fff69a35000 	/usr/lib/system/libmacho.dylib
0x00007fff69a3b000 	/usr/lib/system/libquarantine.dylib
0x00007fff69a3e000 	/usr/lib/system/libremovefile.dylib
0x00007fff69a40000 	/usr/lib/system/libsystem_asl.dylib
0x00007fff69a58000 	/usr/lib/system/libsystem_blocks.dylib
0x00007fff69a59000 	/usr/lib/system/libsystem_c.dylib
0x00007fff69ae1000 	/usr/lib/system/libsystem_configuration.dylib
0x00007fff69ae5000 	/usr/lib/system/libsystem_coreservices.dylib
0x00007fff69ae9000 	/usr/lib/system/libsystem_darwin.dylib
0x00007fff69af2000 	/usr/lib/system/libsystem_dnssd.dylib
0x00007fff69afa000 	/usr/lib/system/libsystem_featureflags.dylib
0x00007fff69afc000 	/usr/lib/system/libsystem_info.dylib
0x00007fff69b77000 	/usr/lib/system/libsystem_m.dylib
0x00007fff69bbf000 	/usr/lib/system/libsystem_malloc.dylib
0x00007fff69be7000 	/usr/lib/system/libsystem_networkextension.dylib
0x00007fff69bf5000 	/usr/lib/system/libsystem_notify.dylib
0x00007fff69c14000 	/usr/lib/system/libsystem_sandbox.dylib
0x00007fff69c19000 	/usr/lib/system/libsystem_secinit.dylib
0x00007fff69b4a000 	/usr/lib/system/libsystem_kernel.dylib
0x00007fff69bff000 	/usr/lib/system/libsystem_platform.dylib
0x00007fff69c09000 	/usr/lib/system/libsystem_pthread.dylib
0x00007fff69c1c000 	/usr/lib/system/libsystem_symptoms.dylib
0x00007fff69c24000 	/usr/lib/system/libsystem_trace.dylib
0x00007fff69c3c000 	/usr/lib/system/libunwind.dylib
0x00007fff69c42000 	/usr/lib/system/libxpc.dylib
0x00007fff66b73000 	/usr/lib/libc++abi.dylib
0x00007fff67971000 	/usr/lib/liblzma.5.dylib
0x00007fff675eb000 	/usr/lib/libfakelink.dylib
0x00007fff6692d000 	/usr/lib/libarchive.2.dylib
0x00007fff3fb21000 	/System/Library/Frameworks/SystemConfiguration.framework/Versions/A/SystemConfiguration
0x00007fff662a2000 	/usr/lib/libCRFSuite.dylib
0x00007fff30aca000 	/System/Library/Frameworks/CFNetwork.framework/Versions/A/CFNetwork
0x00007fff66b01000 	/usr/lib/libbsm.0.dylib
0x00007fff69a27000 	/usr/lib/system/libkxld.dylib
0x00007fff4562b000 	/System/Library/PrivateFrameworks/AppleFSCompression.framework/Versions/A/AppleFSCompression
0x00007fff66e82000 	/usr/lib/libcoretls.dylib
0x00007fff66e99000 	/usr/lib/libcoretls_cfhelpers.dylib
0x00007fff686ce000 	/usr/lib/libpam.2.dylib
0x00007fff68801000 	/usr/lib/libsqlite3.dylib
0x00007fff68c44000 	/usr/lib/libxar.1.dylib
0x00007fff66b12000 	/usr/lib/libbz2.1.0.dylib
0x00007fff6760c000 	/usr/lib/libiconv.2.dylib
0x00007fff66b88000 	/usr/lib/libcharset.1.dylib
0x00007fff68175000 	/usr/lib/libnetwork.dylib
0x00007fff686d5000 	/usr/lib/libpcap.A.dylib
0x00007fff668e2000 	/usr/lib/libapple_nghttp2.dylib
0x00007fff33ad2000 	/System/Library/Frameworks/CoreServices.framework/Versions/A/Frameworks/FSEvents.framework/Versions/A/FSEvents
0x00007fff337a2000 	/System/Library/Frameworks/CoreServices.framework/Versions/A/Frameworks/CarbonCore.framework/Versions/A/CarbonCore
0x00007fff33d15000 	/System/Library/Frameworks/CoreServices.framework/Versions/A/Frameworks/Metadata.framework/Versions/A/Metadata
0x00007fff33dae000 	/System/Library/Frameworks/CoreServices.framework/Versions/A/Frameworks/OSServices.framework/Versions/A/OSServices
0x00007fff33ddc000 	/System/Library/Frameworks/CoreServices.framework/Versions/A/Frameworks/SearchKit.framework/Versions/A/SearchKit
0x00007fff3371c000 	/System/Library/Frameworks/CoreServices.framework/Versions/A/Frameworks/AE.framework/Versions/A/AE
0x00007fff33adb000 	/System/Library/Frameworks/CoreServices.framework/Versions/A/Frameworks/LaunchServices.framework/Versions/A/LaunchServices
0x00007fff33a84000 	/System/Library/Frameworks/CoreServices.framework/Versions/A/Frameworks/DictionaryServices.framework/Versions/A/DictionaryServices
0x00007fff33e44000 	/System/Library/Frameworks/CoreServices.framework/Versions/A/Frameworks/SharedFileList.framework/Versions/A/SharedFileList
0x00007fff38a3d000 	/System/Library/Frameworks/NetFS.framework/Versions/A/NetFS
0x00007fff58f4f000 	/System/Library/PrivateFrameworks/NetAuth.framework/Versions/A/NetAuth
0x00007fff65f3f000 	/System/Library/PrivateFrameworks/login.framework/Versions/A/Frameworks/loginsupport.framework/Versions/A/loginsupport
0x00007fff61cc1000 	/System/Library/PrivateFrameworks/TCC.framework/Versions/A/TCC
0x00007fff4a216000 	/System/Library/PrivateFrameworks/CoreNLP.framework/Versions/A/CoreNLP
0x00007fff58452000 	/System/Library/PrivateFrameworks/MetadataUtilities.framework/Versions/A/MetadataUtilities
0x00007fff67a49000 	/usr/lib/libmecabra.dylib
0x00007fff679a1000 	/usr/lib/libmecab.dylib
0x00007fff675fc000 	/usr/lib/libgermantok.dylib
0x00007fff668c9000 	/usr/lib/libThaiTokenizer.dylib
0x00007fff662da000 	/usr/lib/libChineseTokenizer.dylib
0x00007fff2e0ec000 	/System/Library/Frameworks/Accelerate.framework/Versions/A/Frameworks/vImage.framework/Versions/A/vImage
0x00007fff2f38f000 	/System/Library/Frameworks/Accelerate.framework/Versions/A/Frameworks/vecLib.framework/Versions/A/vecLib
0x00007fff2f2d3000 	/System/Library/Frameworks/Accelerate.framework/Versions/A/Frameworks/vecLib.framework/Versions/A/libvMisc.dylib
0x00007fff2f0f9000 	/System/Library/Frameworks/Accelerate.framework/Versions/A/Frameworks/vecLib.framework/Versions/A/libvDSP.dylib
0x00007fff2e758000 	/System/Library/Frameworks/Accelerate.framework/Versions/A/Frameworks/vecLib.framework/Versions/A/libBLAS.dylib
0x00007fff2ecb3000 	/System/Library/Frameworks/Accelerate.framework/Versions/A/Frameworks/vecLib.framework/Versions/A/libLAPACK.dylib
0x00007fff2f059000 	/System/Library/Frameworks/Accelerate.framework/Versions/A/Frameworks/vecLib.framework/Versions/A/libLinearAlgebra.dylib
0x00007fff2f0e6000 	/System/Library/Frameworks/Accelerate.framework/Versions/A/Frameworks/vecLib.framework/Versions/A/libSparseBLAS.dylib
0x00007fff2f06f000 	/System/Library/Frameworks/Accelerate.framework/Versions/A/Frameworks/vecLib.framework/Versions/A/libQuadrature.dylib
0x00007fff2e9c2000 	/System/Library/Frameworks/Accelerate.framework/Versions/A/Frameworks/vecLib.framework/Versions/A/libBNNS.dylib
0x00007fff2f075000 	/System/Library/Frameworks/Accelerate.framework/Versions/A/Frameworks/vecLib.framework/Versions/A/libSparse.dylib
0x00007fff56fd6000 	/System/Library/PrivateFrameworks/LanguageModeling.framework/Versions/A/LanguageModeling
0x00007fff49bb2000 	/System/Library/PrivateFrameworks/CoreEmoji.framework/Versions/A/CoreEmoji
0x00007fff570f4000 	/System/Library/PrivateFrameworks/LinguisticData.framework/Versions/A/LinguisticData
0x00007fff570a5000 	/System/Library/PrivateFrameworks/Lexicon.framework/Versions/A/Lexicon
0x00007fff66b89000 	/usr/lib/libcmph.dylib
0x00007fff3b60f000 	/System/Library/Frameworks/OpenDirectory.framework/Versions/A/Frameworks/CFOpenDirectory.framework/Versions/A/CFOpenDirectory
0x00007fff3b62c000 	/System/Library/Frameworks/OpenDirectory.framework/Versions/A/OpenDirectory
0x00007fff438fa000 	/System/Library/PrivateFrameworks/APFS.framework/Versions/A/APFS
0x00007fff3ecd4000 	/System/Library/Frameworks/SecurityFoundation.framework/Versions/A/SecurityFoundation
0x00007fff68c40000 	/usr/lib/libutil.dylib
0x00007fff4ae9f000 	/System/Library/PrivateFrameworks/CoreServicesStore.framework/Versions/A/CoreServicesStore
0x00007fff3ed8c000 	/System/Library/Frameworks/ServiceManagement.framework/Versions/A/ServiceManagement
0x00007fff46de2000 	/System/Library/PrivateFrameworks/BackgroundTaskManagement.framework/Versions/A/BackgroundTaskManagement
0x00007fff68d3d000 	/usr/lib/libxslt.1.dylib
0x00007fff45c90000 	/System/Library/PrivateFrameworks/AppleSystemInfo.framework/Versions/A/AppleSystemInfo
0x00007fff35477000 	/System/Library/Frameworks/ImageIO.framework/Versions/A/Resources/libJPEG.dylib
0x00007fff35736000 	/System/Library/Frameworks/ImageIO.framework/Versions/A/Resources/libTIFF.dylib
0x00007fff35719000 	/System/Library/Frameworks/ImageIO.framework/Versions/A/Resources/libPng.dylib
0x00007fff353b8000 	/System/Library/Frameworks/ImageIO.framework/Versions/A/Resources/libGIF.dylib
0x00007fff353bc000 	/System/Library/Frameworks/ImageIO.framework/Versions/A/Resources/libJP2.dylib
0x00007fff35734000 	/System/Library/Frameworks/ImageIO.framework/Versions/A/Resources/libRadiance.dylib
0x00007fff675c4000 	/usr/lib/libexpat.1.dylib
0x00007fff45786000 	/System/Library/PrivateFrameworks/AppleJPEG.framework/Versions/A/AppleJPEG
0x00007fff4e10c000 	/System/Library/PrivateFrameworks/FontServices.framework/libFontParser.dylib
0x00007fff64f96000 	/System/Library/PrivateFrameworks/WatchdogClient.framework/Versions/A/WatchdogClient
0x00007fff56663000 	/System/Library/PrivateFrameworks/IOAccelerator.framework/Versions/A/IOAccelerator
0x00007fff37af6000 	/System/Library/Frameworks/MetalPerformanceShaders.framework/Versions/A/MetalPerformanceShaders
0x00007fff52e5a000 	/System/Library/PrivateFrameworks/GPUWrangler.framework/Versions/A/GPUWrangler
0x00007fff5666e000 	/System/Library/PrivateFrameworks/IOPresentment.framework/Versions/A/IOPresentment
0x00007fff4bb7c000 	/System/Library/PrivateFrameworks/DSExternalDisplay.framework/Versions/A/DSExternalDisplay
0x00007fff3bf95000 	/System/Library/Frameworks/OpenGL.framework/Versions/A/Libraries/libCoreFSCache.dylib
0x00007fff37848000 	/System/Library/Frameworks/MetalPerformanceShaders.framework/Frameworks/MPSCore.framework/Versions/A/MPSCore
0x00007fff37885000 	/System/Library/Frameworks/MetalPerformanceShaders.framework/Frameworks/MPSImage.framework/Versions/A/MPSImage
0x00007fff37947000 	/System/Library/Frameworks/MetalPerformanceShaders.framework/Frameworks/MPSNeuralNetwork.framework/Versions/A/MPSNeuralNetwork
0x00007fff3790c000 	/System/Library/Frameworks/MetalPerformanceShaders.framework/Frameworks/MPSMatrix.framework/Versions/A/MPSMatrix
0x00007fff37aa7000 	/System/Library/Frameworks/MetalPerformanceShaders.framework/Frameworks/MPSRayIntersector.framework/Versions/A/MPSRayIntersector
0x00007fff37931000 	/System/Library/Frameworks/MetalPerformanceShaders.framework/Frameworks/MPSNDArray.framework/Versions/A/MPSNDArray
0x00007fff5849f000 	/System/Library/PrivateFrameworks/MetalTools.framework/Versions/A/MetalTools
0x00007fff44ab1000 	/System/Library/PrivateFrameworks/AggregateDictionary.framework/Versions/A/AggregateDictionary
0x00007fff4963c000 	/System/Library/PrivateFrameworks/CoreAnalytics.framework/Versions/A/CoreAnalytics
0x00007fff45bae000 	/System/Library/PrivateFrameworks/AppleSauce.framework/Versions/A/AppleSauce
0x00007fff66596000 	/usr/lib/libIOReport.dylib
0x00007fff34346000 	/System/Library/Frameworks/CoreVideo.framework/Versions/A/CoreVideo
0x00007fff542c6000 	/System/Library/PrivateFrameworks/GraphVisualizer.framework/Versions/A/GraphVisualizer
0x00007fff4d68d000 	/System/Library/PrivateFrameworks/FaceCore.framework/Versions/A/FaceCore
0x00007fff3b5b6000 	/System/Library/Frameworks/OpenCL.framework/Versions/A/OpenCL
0x00007fff663b8000 	/usr/lib/libFosl_dynamic.dylib
0x00007fff5994a000 	/System/Library/PrivateFrameworks/OTSVG.framework/Versions/A/OTSVG
0x00007fff30445000 	/System/Library/Frameworks/ApplicationServices.framework/Versions/A/Frameworks/ATS.framework/Versions/A/Resources/libFontRegistry.dylib
0x00007fff4e2dd000 	/System/Library/PrivateFrameworks/FontServices.framework/libhvf.dylib
0x00007fff3bfa0000 	/System/Library/Frameworks/OpenGL.framework/Versions/A/Libraries/libGFXShared.dylib
0x00007fff3c17d000 	/System/Library/Frameworks/OpenGL.framework/Versions/A/Libraries/libGLU.dylib
0x00007fff3bfa9000 	/System/Library/Frameworks/OpenGL.framework/Versions/A/Libraries/libGL.dylib
0x00007fff3bfb4000 	/System/Library/Frameworks/OpenGL.framework/Versions/A/Libraries/libGLImage.dylib
0x00007fff3bf92000 	/System/Library/Frameworks/OpenGL.framework/Versions/A/Libraries/libCVMSPluginSupport.dylib
0x00007fff3bf9b000 	/System/Library/Frameworks/OpenGL.framework/Versions/A/Libraries/libCoreVMClient.dylib
0x00007fff68017000 	/usr/lib/libncurses.5.4.dylib
0x00007fff30341000 	/System/Library/Frameworks/ApplicationServices.framework/Versions/A/Frameworks/ATS.framework/Versions/A/ATS
0x00007fff3050e000 	/System/Library/Frameworks/ApplicationServices.framework/Versions/A/Frameworks/ColorSyncLegacy.framework/Versions/A/ColorSyncLegacy
0x00007fff305ad000 	/System/Library/Frameworks/ApplicationServices.framework/Versions/A/Frameworks/HIServices.framework/Versions/A/HIServices
0x00007fff30604000 	/System/Library/Frameworks/ApplicationServices.framework/Versions/A/Frameworks/LangAnalysis.framework/Versions/A/LangAnalysis
0x00007fff30613000 	/System/Library/Frameworks/ApplicationServices.framework/Versions/A/Frameworks/PrintCore.framework/Versions/A/PrintCore
0x00007fff30659000 	/System/Library/Frameworks/ApplicationServices.framework/Versions/A/Frameworks/QD.framework/Versions/A/QD
0x00007fff30664000 	/System/Library/Frameworks/ApplicationServices.framework/Versions/A/Frameworks/SpeechSynthesis.framework/Versions/A/SpeechSynthesis
0x00007fff304de000 	/System/Library/Frameworks/ApplicationServices.framework/Versions/A/Frameworks/ATSUI.framework/Versions/A/ATSUI
0x00007fff67458000 	/usr/lib/libcups.2.dylib
0x00007fff36ba5000 	/System/Library/Frameworks/Kerberos.framework/Versions/A/Kerberos
0x00007fff34e25000 	/System/Library/Frameworks/GSS.framework/Versions/A/GSS
0x00007fff6878d000 	/usr/lib/libresolv.9.dylib
0x00007fff54467000 	/System/Library/PrivateFrameworks/Heimdal.framework/Versions/A/Heimdal
0x00007fff36bb8000 	/System/Library/Frameworks/Kerberos.framework/Versions/A/Libraries/libHeimdalProxy.dylib
0x00007fff67602000 	/usr/lib/libheimdal-asn1.dylib
0x00007fff48ae2000 	/System/Library/PrivateFrameworks/CommonAuth.framework/Versions/A/CommonAuth
0x00007fff45d2d000 	/System/Library/PrivateFrameworks/AssertionServices.framework/Versions/A/AssertionServices
0x00007fff468d0000 	/System/Library/PrivateFrameworks/AudioToolboxCore.framework/Versions/A/AudioToolboxCore
0x00007fff65bf0000 	/System/Library/PrivateFrameworks/caulk.framework/Versions/A/caulk
0x00007fff46e8e000 	/System/Library/PrivateFrameworks/BaseBoard.framework/Versions/A/BaseBoard
0x00007fff5da5e000 	/System/Library/PrivateFrameworks/RunningBoardServices.framework/Versions/A/RunningBoardServices
0x00007fff5ab38000 	/System/Library/PrivateFrameworks/PersistentConnection.framework/Versions/A/PersistentConnection
0x00007fff5d4ad000 	/System/Library/PrivateFrameworks/ProtocolBuffer.framework/Versions/A/ProtocolBuffer
0x00007fff48b07000 	/System/Library/PrivateFrameworks/CommonUtilities.framework/Versions/A/CommonUtilities
0x00007fff47011000 	/System/Library/PrivateFrameworks/Bom.framework/Versions/A/Bom
0x00007fff66265000 	/usr/lib/libAudioToolboxUtility.dylib
0x00007fff46dec000 	/System/Library/PrivateFrameworks/Backup.framework/Versions/A/Backup
0x00007fff4b8ec000 	/System/Library/PrivateFrameworks/CrashReporterSupport.framework/Versions/A/CrashReporterSupport
0x00007fff5f555000 	/System/Library/PrivateFrameworks/Sharing.framework/Versions/A/Sharing
0x00007fff454d1000 	/System/Library/PrivateFrameworks/Apple80211.framework/Versions/A/Apple80211
0x00007fff46b0e000 	/System/Library/PrivateFrameworks/AuthKit.framework/Versions/A/AuthKit
0x00007fff4b61c000 	/System/Library/PrivateFrameworks/CoreUtils.framework/Versions/A/CoreUtils
0x00007fff3438b000 	/System/Library/Frameworks/CoreWLAN.framework/Versions/A/CoreWLAN
0x00007fff34fb0000 	/System/Library/Frameworks/IOBluetooth.framework/Versions/A/IOBluetooth
0x00007fff5879d000 	/System/Library/PrivateFrameworks/MobileKeyBag.framework/Versions/A/MobileKeyBag
0x00007fff4a6f2000 	/System/Library/PrivateFrameworks/CorePhoneNumbers.framework/Versions/A/CorePhoneNumbers
0x00007fff45739000 	/System/Library/PrivateFrameworks/AppleIDAuthSupport.framework/Versions/A/AppleIDAuthSupport
0x00007fff38a4a000 	/System/Library/Frameworks/Network.framework/Versions/A/Network
0x00007fff56e5e000 	/System/Library/PrivateFrameworks/KeychainCircle.framework/Versions/A/KeychainCircle
0x00007fff31e00000 	/System/Library/Frameworks/CoreBluetooth.framework/Versions/A/CoreBluetooth
0x00007fff611d1000 	/System/Library/PrivateFrameworks/SpeechRecognitionCore.framework/Versions/A/SpeechRecognitionCore
0x00007fff26989000 	/System/Library/CoreServices/Encodings/libSimplifiedChineseConverter.dylib
0x0000000105000000 	/Library/Java/JavaVirtualMachines/jdk1.8.0_211.jdk/Contents/Home/jre/lib/server/libjvm.dylib
0x00007fff68b12000 	/usr/lib/libstdc++.6.dylib
0x00000001047f0000 	/Library/Java/JavaVirtualMachines/jdk1.8.0_211.jdk/Contents/Home/jre/lib/libverify.dylib
0x0000000105fb9000 	/Library/Java/JavaVirtualMachines/jdk1.8.0_211.jdk/Contents/Home/jre/lib/libjava.dylib
0x0000000106037000 	/Library/Java/JavaVirtualMachines/jdk1.8.0_211.jdk/Contents/Home/jre/lib/libzip.dylib
0x000000010dae6000 	/Library/Java/JavaVirtualMachines/jdk1.8.0_211.jdk/Contents/Home/jre/lib/libnet.dylib
0x000000010d9bc000 	/Library/Java/JavaVirtualMachines/jdk1.8.0_211.jdk/Contents/Home/jre/lib/libnio.dylib
0x000000010d2e2000 	/Users/lantianbao/.gradle/native/30/osx-amd64/libnative-platform.dylib
0x000000010dbaf000 	/Library/Java/JavaVirtualMachines/jdk1.8.0_211.jdk/Contents/Home/jre/lib/libmanagement.dylib

VM Arguments:
jvm_args: -Xmx1536m -Dfile.encoding=UTF-8 -Duser.country=CN -Duser.language=zh -Duser.variant 
java_command: org.gradle.launcher.daemon.bootstrap.GradleDaemon 5.6.4
java_class_path (initial): /Users/lantianbao/.gradle/wrapper/dists/gradle-5.6.4-all/ankdp27end7byghfw1q2sw75f/gradle-5.6.4/lib/gradle-launcher-5.6.4.jar
Launcher Type: SUN_STANDARD

Environment Variables:
JAVA_HOME=/Library/Java/JavaVirtualMachines/jdk1.8.0_211.jdk/Contents/Home
CLASSPATH=/Library/Java/JavaVirtualMachines/jdk1.8.0_211.jdk/Contents/Home/lib/tools.jar:/Library/Java/JavaVirtualMachines/jdk1.8.0_211.jdk/Contents/Home/lib/dt.jar:.
PATH=/Library/Java/JavaVirtualMachines/jdk1.8.0_211.jdk/Contents/Home/bin:/usr/local/bin:/usr/bin:/bin:/usr/sbin:/sbin:.:/Users/lantianbao/Library/Android/sdk/ndk/20.1.5948944
SHELL=/bin/bash

Signal Handlers:
SIGSEGV: [libjvm.dylib+0x5b71a7], sa_mask[0]=11111111011111110111111111111111, sa_flags=SA_ONSTACK|SA_RESTART|SA_SIGINFO
SIGBUS: [libjvm.dylib+0x5b71a7], sa_mask[0]=11111111011111110111111111111111, sa_flags=SA_RESTART|SA_SIGINFO
SIGFPE: [libjvm.dylib+0x48c8fc], sa_mask[0]=11111111011111110111111111111111, sa_flags=SA_RESTART|SA_SIGINFO
SIGPIPE: [libjvm.dylib+0x48c8fc], sa_mask[0]=11111111011111110111111111111111, sa_flags=SA_RESTART|SA_SIGINFO
SIGXFSZ: [libjvm.dylib+0x48c8fc], sa_mask[0]=11111111011111110111111111111111, sa_flags=SA_RESTART|SA_SIGINFO
SIGILL: [libjvm.dylib+0x48c8fc], sa_mask[0]=11111111011111110111111111111111, sa_flags=SA_RESTART|SA_SIGINFO
SIGUSR1: SIG_DFL, sa_mask[0]=00000000000000000000000000000000, sa_flags=none
SIGUSR2: [libjvm.dylib+0x48c41a], sa_mask[0]=00100000000000000000000000000000, sa_flags=SA_RESTART|SA_SIGINFO
SIGHUP: [libjvm.dylib+0x48a9a5], sa_mask[0]=11111111011111110111111111111111, sa_flags=SA_RESTART|SA_SIGINFO
SIGINT: [libjvm.dylib+0x48a9a5], sa_mask[0]=11111111011111110111111111111111, sa_flags=SA_RESTART|SA_SIGINFO
SIGTERM: [libjvm.dylib+0x48a9a5], sa_mask[0]=11111111011111110111111111111111, sa_flags=SA_RESTART|SA_SIGINFO
SIGQUIT: [libjvm.dylib+0x48a9a5], sa_mask[0]=11111111011111110111111111111111, sa_flags=SA_RESTART|SA_SIGINFO


---------------  S Y S T E M  ---------------

OS:Bsduname:Darwin 19.2.0 Darwin Kernel Version 19.2.0: Sat Nov  9 03:47:04 PST 2019; root:xnu-6153.61.1~20/RELEASE_X86_64 x86_64
rlimit: STACK 8192k, CORE 0k, NPROC 1392, NOFILE 10240, AS infinity
load average:2.16 2.88 3.34

CPU:total 4 (initial active 4) (2 cores per cpu, 2 threads per core) family 6 model 69 stepping 1, cmov, cx8, fxsr, mmx, sse, sse2, sse3, ssse3, sse4.1, sse4.2, popcnt, avx, avx2, aes, clmul, erms, lzcnt, ht, tsc, tscinvbit, bmi1, bmi2

Memory: 4k page, physical 8388608k(33680k free)

/proc/meminfo:


vm_info: Java HotSpot(TM) 64-Bit Server VM (25.211-b12) for bsd-amd64 JRE (1.8.0_211-b12), built on Apr  1 2019 20:53:18 by "java_re" with gcc 4.2.1 (Based on Apple Inc. build 5658) (LLVM build 2336.11.00)

time: Sun Apr 19 19:25:53 2020
timezone: CST
elapsed time: 883 seconds (0d 0h 14m 43s)

