#
# A fatal error has been detected by the Java Runtime Environment:
#
#  SIGSEGV (0xb) at pc=0x000000010f2343b1, pid=1925, tid=0x0000000000004803
#
# JRE version: Java(TM) SE Runtime Environment (8.0_211-b12) (build 1.8.0_211-b12)
# Java VM: Java HotSpot(TM) 64-Bit Server VM (25.211-b12 mixed mode bsd-amd64 compressed oops)
# Problematic frame:
# V  [libjvm.dylib+0x4343b1]  Matcher::xform(Node*, int)+0x2e7
#
# Failed to write core dump. Core dumps have been disabled. To enable core dumping, try "ulimit -c unlimited" before starting Java again
#
# If you would like to submit a bug report, please visit:
#   http://bugreport.java.com/bugreport/crash.jsp
#

---------------  T H R E A D  ---------------

Current thread (0x00007fddb0835800):  JavaThread "C2 CompilerThread0" daemon [_thread_in_native, id=18435, stack(0x000070000b9e1000,0x000070000bae1000)]

siginfo: si_signo: 11 (SIGSEGV), si_code: 0 (unknown), si_addr: 0x0000000000000000

Registers:
RAX=0x0000000129363f60, RBX=0x00007fddb16f6fa8, RCX=0x00007fddb4d10a10, RDX=0x000000010f410363
RSP=0x000070000badd9d0, RBP=0x000070000badda40, RSI=0x00007fddb16f6fa8, RDI=0x0000000000000000
R8 =0x0000000000000000, R9 =0x0000000000000012, R10=0x000000000000006e, R11=0x00000000000019a0
R12=0x0000000000000000, R13=0x00007fddb5b8a818, R14=0x0002000000000000, R15=0x00007fddb409c798
RIP=0x000000010f2343b1, EFLAGS=0x0000000000010206, ERR=0x0000000000000000
  TRAPNO=0x000000000000000d

Top of Stack: (sp=0x000070000badd9d0)
0x000070000badd9d0:   000070000bade780 000070000badf118
0x000070000badd9e0:   00007fddafc13ae0 0000000000007fd8
0x000070000badd9f0:   000070000bade760 0000000129363f60
0x000070000badda00:   0000000129405010 0000000129362010
0x000070000badda10:   00007fddafc13ae0 000070000bade760
0x000070000badda20:   0000000000000012 00007fddb5bc1a78
0x000070000badda30:   00000000000028c0 000070000bae0040
0x000070000badda40:   000070000baddae0 000000010f236dae
0x000070000badda50:   00007fddb4ce16c0 000070000bae0208
0x000070000badda60:   0000000000000000 0000000000000000
0x000070000badda70:   4000000000000000 0000000000000000
0x000070000badda80:   0000000000000000 0000000000100000
0x000070000badda90:   0000000000000000 0000000000000000
0x000070000baddaa0:   0000000000000000 0000000000000000
0x000070000baddab0:   000070000baddae0 000070000bae0040
0x000070000baddac0:   00007fddaff362f0 000070000bae0040
0x000070000baddad0:   000070000bade760 000070000bade558
0x000070000baddae0:   000070000badf400 000000010efb0a01
0x000070000baddaf0:   0000000000000000 0000000000000000
0x000070000baddb00:   0000000000000000 0000000000000000
0x000070000baddb10:   0000000000000000 0000000000000000
0x000070000baddb20:   0000000000000000 0000000000000000
0x000070000baddb30:   0000000000000000 0000000000000000
0x000070000baddb40:   0000000000000000 0000000000000000
0x000070000baddb50:   0000000000000000 0000000000000000
0x000070000baddb60:   0000000000000000 0000000000000000
0x000070000baddb70:   0000000000000000 0000000000000000
0x000070000baddb80:   0000000000000000 0000000000000000
0x000070000baddb90:   0000000000000000 0000000000000000
0x000070000baddba0:   0000000000000000 0000000000000000
0x000070000baddbb0:   0000000000000000 0000000000000000
0x000070000baddbc0:   0000000000000000 0000000000000000 

Instructions: (pc=0x000000010f2343b1)
0x000000010f234391:   85 c0 74 15 49 63 cc 49 8b 55 18 48 8b 0c ca 8b
0x000000010f2343a1:   55 ac 0f b6 d2 48 89 04 d1 48 8b 45 b8 4c 89 30
0x000000010f2343b1:   41 8b 76 28 48 8b 7d 98 e8 16 c4 c6 ff 85 c0 74
0x000000010f2343c1:   08 4c 89 f3 e9 99 02 00 00 44 8b 7b 18 eb 62 44 

Register to memory mapping:

RAX=0x0000000129363f60 is an unknown value
RBX=0x00007fddb16f6fa8 is an unknown value
RCX=0x00007fddb4d10a10 is an unknown value
RDX=0x000000010f410363: _ZN13JfrRepository27chunk_file_jfr_ext_dot_partE+0xc3eb in /Library/Java/JavaVirtualMachines/jdk1.8.0_211.jdk/Contents/Home/jre/lib/server/libjvm.dylib at 0x000000010ee00000
RSP=0x000070000badd9d0 is pointing into the stack for thread: 0x00007fddb0835800
RBP=0x000070000badda40 is pointing into the stack for thread: 0x00007fddb0835800
RSI=0x00007fddb16f6fa8 is an unknown value
RDI=0x0000000000000000 is an unknown value
R8 =0x0000000000000000 is an unknown value
R9 =0x0000000000000012 is an unknown value
R10=0x000000000000006e is an unknown value
R11=0x00000000000019a0 is an unknown value
R12=0x0000000000000000 is an unknown value
R13=0x00007fddb5b8a818 is an unknown value
R14=0x0002000000000000 is an unknown value
R15=0x00007fddb409c798 is an unknown value


Stack: [0x000070000b9e1000,0x000070000bae1000],  sp=0x000070000badd9d0,  free space=1010k
Native frames: (J=compiled Java code, j=interpreted, Vv=VM code, C=native code)
V  [libjvm.dylib+0x4343b1]  Matcher::xform(Node*, int)+0x2e7
V  [libjvm.dylib+0x436dae]  Matcher::match()+0x5f2
V  [libjvm.dylib+0x1b0a01]  Compile::Code_Gen()+0x73
V  [libjvm.dylib+0x1b4cd9]  Compile::Compile(ciEnv*, C2Compiler*, ciMethod*, int, bool, bool, bool)+0x98d
V  [libjvm.dylib+0x1511fe]  C2Compiler::compile_method(ciEnv*, ciMethod*, int)+0xb2
V  [libjvm.dylib+0x1b8376]  CompileBroker::invoke_compiler_on_method(CompileTask*)+0x5b2
V  [libjvm.dylib+0x1ba8bd]  CompileBroker::compiler_thread_loop()+0x291
V  [libjvm.dylib+0x570b93]  JavaThread::thread_main_inner()+0x9b
V  [libjvm.dylib+0x57228e]  JavaThread::run()+0x1c2
V  [libjvm.dylib+0x48f30a]  java_start(Thread*)+0xf6
C  [libsystem_pthread.dylib+0x5e65]  _pthread_start+0x94
C  [libsystem_pthread.dylib+0x183b]  thread_start+0xf
C  0x0000000000000000


Current CompileTask:
C2:   5513 2344   !   4       java.net.URLClassLoader$1::run (63 bytes)


---------------  P R O C E S S  ---------------

Java Threads: ( => current thread )
  0x00007fddb591d800 JavaThread "Cache worker for execution history cache (/Users/lantianbao/.gradle/caches/5.6.4/executionHistory)" [_thread_blocked, id=40451, stack(0x000070000cf20000,0x000070000d020000)]
  0x00007fddb5277800 JavaThread "Cache worker for cache directory md-rule (/Users/lantianbao/.gradle/caches/5.6.4/md-rule)" [_thread_blocked, id=40963, stack(0x000070000ce1d000,0x000070000cf1d000)]
  0x00007fddb527a800 JavaThread "Cache worker for cache directory md-supplier (/Users/lantianbao/.gradle/caches/5.6.4/md-supplier)" [_thread_blocked, id=24067, stack(0x000070000cd1a000,0x000070000ce1a000)]
  0x00007fddb1ac1000 JavaThread "Cache worker for file hash cache (/Users/lantianbao/AndroidStudioProjects/lt_smart_pasture/.gradle/5.6.4/fileHashes)" [_thread_blocked, id=23811, stack(0x000070000cc17000,0x000070000cd17000)]
  0x00007fddb0951000 JavaThread "Cache worker for journal cache (/Users/lantianbao/.gradle/caches/journal-1)" [_thread_blocked, id=41731, stack(0x000070000cb14000,0x000070000cc14000)]
  0x00007fddb08dc800 JavaThread "File lock request listener" [_thread_in_native, id=23555, stack(0x000070000ca11000,0x000070000cb11000)]
  0x00007fddb092f000 JavaThread "Cache worker for file hash cache (/Users/lantianbao/.gradle/caches/5.6.4/fileHashes)" [_thread_blocked, id=42499, stack(0x000070000c90e000,0x000070000ca0e000)]
  0x00007fddb0071000 JavaThread "Thread-9" [_thread_blocked, id=42755, stack(0x000070000c80b000,0x000070000c90b000)]
  0x00007fddb08cd000 JavaThread "Stdin handler" [_thread_blocked, id=22787, stack(0x000070000c708000,0x000070000c808000)]
  0x00007fddb08cc800 JavaThread "Asynchronous log dispatcher for DefaultDaemonConnection: socket connection from /127.0.0.1:49815 to /127.0.0.1:49816" [_thread_blocked, id=22531, stack(0x000070000c605000,0x000070000c705000)]
  0x00007fddb0898800 JavaThread "Daemon worker" [_thread_in_vm, id=22275, stack(0x000070000c502000,0x000070000c602000)]
  0x00007fddb0898000 JavaThread "Cancel handler" [_thread_blocked, id=21763, stack(0x000070000c3ff000,0x000070000c4ff000)]
  0x00007fddb005a800 JavaThread "Handler for socket connection from /127.0.0.1:49815 to /127.0.0.1:49816" [_thread_in_native, id=16131, stack(0x000070000c2fc000,0x000070000c3fc000)]
  0x00007fddb029e800 JavaThread "Daemon" [_thread_blocked, id=15363, stack(0x000070000c1f9000,0x000070000c2f9000)]
  0x00007fddb1367000 JavaThread "Daemon periodic checks" [_thread_blocked, id=16387, stack(0x000070000c0f6000,0x000070000c1f6000)]
  0x00007fddb2021800 JavaThread "Incoming local TCP Connector on port 49815" [_thread_in_native, id=14851, stack(0x000070000bff3000,0x000070000c0f3000)]
  0x00007fddb0ff7800 JavaThread "Daemon health stats" [_thread_blocked, id=14595, stack(0x000070000bef0000,0x000070000bff0000)]
  0x00007fddb0029800 JavaThread "Service Thread" daemon [_thread_blocked, id=14083, stack(0x000070000bcea000,0x000070000bdea000)]
  0x00007fddb0838800 JavaThread "C1 CompilerThread2" daemon [_thread_in_native, id=17667, stack(0x000070000bbe7000,0x000070000bce7000)]
  0x00007fddb0837800 JavaThread "C2 CompilerThread1" daemon [_thread_in_native, id=17923, stack(0x000070000bae4000,0x000070000bbe4000)]
=>0x00007fddb0835800 JavaThread "C2 CompilerThread0" daemon [_thread_in_native, id=18435, stack(0x000070000b9e1000,0x000070000bae1000)]
  0x00007fddb0834800 JavaThread "Signal Dispatcher" daemon [_thread_blocked, id=18691, stack(0x000070000b8de000,0x000070000b9de000)]
  0x00007fddb0802000 JavaThread "Finalizer" daemon [_thread_blocked, id=20739, stack(0x000070000b6d5000,0x000070000b7d5000)]
  0x00007fddb1014000 JavaThread "Reference Handler" daemon [_thread_blocked, id=21251, stack(0x000070000b5d2000,0x000070000b6d2000)]
  0x00007fddb0003800 JavaThread "main" [_thread_blocked, id=2819, stack(0x000070000afc0000,0x000070000b0c0000)]

Other Threads:
  0x00007fddb100d800 VMThread [stack: 0x000070000b4cf000,0x000070000b5cf000] [id=21507]
  0x00007fddb002a000 WatcherThread [stack: 0x000070000bded000,0x000070000beed000] [id=17155]

VM state:not at safepoint (normal execution)

VM Mutex/Monitor currently owned by a thread:  ([mutex/lock_event])
[0x00007fddaff02440] CompiledIC_lock - owner thread: 0x00007fddb0838800

heap address: 0x0000000760000000, size: 1536 MB, Compressed Oops mode: Zero based, Oop shift amount: 3
Narrow klass base: 0x0000000000000000, Narrow klass shift: 3
Compressed class space size: 1073741824 Address: 0x00000007c0000000

Heap:
 PSYoungGen      total 138240K, used 10284K [0x00000007a0000000, 0x00000007ae480000, 0x00000007c0000000)
  eden space 133120K, 3% used [0x00000007a0000000,0x00000007a050f1b8,0x00000007a8200000)
  from space 5120K, 99% used [0x00000007a8200000,0x00000007a86fc010,0x00000007a8700000)
  to   space 15872K, 0% used [0x00000007ad500000,0x00000007ad500000,0x00000007ae480000)
 ParOldGen       total 69120K, used 18871K [0x0000000760000000, 0x0000000764380000, 0x00000007a0000000)
  object space 69120K, 27% used [0x0000000760000000,0x000000076126dc30,0x0000000764380000)
 Metaspace       used 32027K, capacity 32630K, committed 32896K, reserved 1077248K
  class space    used 4504K, capacity 4722K, committed 4736K, reserved 1048576K

Card table byte_map: [0x0000000110179000,0x000000011047a000] byte_map_base: 0x000000010c679000

Marking Bits: (ParMarkBitMap*) 0x000000010f6fbe40
 Begin Bits: [0x00000001216ab000, 0x0000000122eab000)
 End Bits:   [0x0000000122eab000, 0x00000001246ab000)

Polling page: 0x000000010e47d000

CodeCache: size=245760Kb used=9035Kb max_used=9035Kb free=236724Kb
 bounds [0x00000001126ab000, 0x0000000112f8b000, 0x00000001216ab000]
 total_blobs=3064 nmethods=2390 adapters=587
 compilation: enabled

Compilation events (10 events):
Event: 5.393 Thread 0x00007fddb0838800 2389   !   3       java.beans.PropertyDescriptor::findPropertyType (188 bytes)
Event: 5.403 Thread 0x00007fddb0838800 nmethod 2389 0x0000000112f660d0 code [0x0000000112f66820, 0x0000000112f6b868]
Event: 5.403 Thread 0x00007fddb0838800 2390       3       sun.reflect.generics.parser.SignatureParser::parseTypeArgument (133 bytes)
Event: 5.404 Thread 0x00007fddb0838800 nmethod 2390 0x0000000112f6f210 code [0x0000000112f6f4e0, 0x0000000112f70b08]
Event: 5.405 Thread 0x00007fddb0838800 2391       3       org.objectweb.asm.ByteVector::enlarge (51 bytes)
Event: 5.405 Thread 0x00007fddb0838800 nmethod 2391 0x0000000112f71550 code [0x0000000112f716c0, 0x0000000112f719e8]
Event: 5.408 Thread 0x00007fddb0838800 2392       3       org.gradle.model.internal.asm.AsmClassGeneratorUtils::visitType (417 bytes)
Event: 5.415 Thread 0x00007fddb0838800 nmethod 2392 0x0000000112f71ad0 code [0x0000000112f72300, 0x0000000112f781d8]
Event: 5.424 Thread 0x00007fddb0838800 2393       1       java.lang.Boolean::booleanValue (5 bytes)
Event: 5.424 Thread 0x00007fddb0838800 nmethod 2393 0x0000000112f7be90 code [0x0000000112f7bfe0, 0x0000000112f7c0f0]

GC Heap History (10 events):
Event: 1.210 GC heap before
{Heap before GC invocations=2 (full 0):
 PSYoungGen      total 38400K, used 37627K [0x00000007a0000000, 0x00000007a4b00000, 0x00000007c0000000)
  eden space 33280K, 100% used [0x00000007a0000000,0x00000007a2080000,0x00000007a2080000)
  from space 5120K, 84% used [0x00000007a2080000,0x00000007a24bed38,0x00000007a2580000)
  to   space 5120K, 0% used [0x00000007a4600000,0x00000007a4600000,0x00000007a4b00000)
 ParOldGen       total 87552K, used 8K [0x0000000760000000, 0x0000000765580000, 0x00000007a0000000)
  object space 87552K, 0% used [0x0000000760000000,0x0000000760002000,0x0000000765580000)
 Metaspace       used 8776K, capacity 9078K, committed 9216K, reserved 1056768K
  class space    used 1165K, capacity 1241K, committed 1280K, reserved 1048576K
Event: 1.215 GC heap after
Heap after GC invocations=2 (full 0):
 PSYoungGen      total 71680K, used 4525K [0x00000007a0000000, 0x00000007a4b00000, 0x00000007c0000000)
  eden space 66560K, 0% used [0x00000007a0000000,0x00000007a0000000,0x00000007a4100000)
  from space 5120K, 88% used [0x00000007a4600000,0x00000007a4a6b6f0,0x00000007a4b00000)
  to   space 5120K, 0% used [0x00000007a4100000,0x00000007a4100000,0x00000007a4600000)
 ParOldGen       total 87552K, used 16K [0x0000000760000000, 0x0000000765580000, 0x00000007a0000000)
  object space 87552K, 0% used [0x0000000760000000,0x0000000760004000,0x0000000765580000)
 Metaspace       used 8776K, capacity 9078K, committed 9216K, reserved 1056768K
  class space    used 1165K, capacity 1241K, committed 1280K, reserved 1048576K
}
Event: 2.294 GC heap before
{Heap before GC invocations=3 (full 0):
 PSYoungGen      total 71680K, used 71085K [0x00000007a0000000, 0x00000007a4b00000, 0x00000007c0000000)
  eden space 66560K, 100% used [0x00000007a0000000,0x00000007a4100000,0x00000007a4100000)
  from space 5120K, 88% used [0x00000007a4600000,0x00000007a4a6b6f0,0x00000007a4b00000)
  to   space 5120K, 0% used [0x00000007a4100000,0x00000007a4100000,0x00000007a4600000)
 ParOldGen       total 87552K, used 16K [0x0000000760000000, 0x0000000765580000, 0x00000007a0000000)
  object space 87552K, 0% used [0x0000000760000000,0x0000000760004000,0x0000000765580000)
 Metaspace       used 15477K, capacity 15960K, committed 16256K, reserved 1062912K
  class space    used 2243K, capacity 2406K, committed 2432K, reserved 1048576K
Event: 2.313 GC heap after
Heap after GC invocations=3 (full 0):
 PSYoungGen      total 71680K, used 5104K [0x00000007a0000000, 0x00000007a8c00000, 0x00000007c0000000)
  eden space 66560K, 0% used [0x00000007a0000000,0x00000007a0000000,0x00000007a4100000)
  from space 5120K, 99% used [0x00000007a4100000,0x00000007a45fc030,0x00000007a4600000)
  to   space 5120K, 0% used [0x00000007a8700000,0x00000007a8700000,0x00000007a8c00000)
 ParOldGen       total 87552K, used 4796K [0x0000000760000000, 0x0000000765580000, 0x00000007a0000000)
  object space 87552K, 5% used [0x0000000760000000,0x00000007604af060,0x0000000765580000)
 Metaspace       used 15477K, capacity 15960K, committed 16256K, reserved 1062912K
  class space    used 2243K, capacity 2406K, committed 2432K, reserved 1048576K
}
Event: 3.348 GC heap before
{Heap before GC invocations=4 (full 0):
 PSYoungGen      total 71680K, used 59730K [0x00000007a0000000, 0x00000007a8c00000, 0x00000007c0000000)
  eden space 66560K, 82% used [0x00000007a0000000,0x00000007a3558b00,0x00000007a4100000)
  from space 5120K, 99% used [0x00000007a4100000,0x00000007a45fc030,0x00000007a4600000)
  to   space 5120K, 0% used [0x00000007a8700000,0x00000007a8700000,0x00000007a8c00000)
 ParOldGen       total 87552K, used 4796K [0x0000000760000000, 0x0000000765580000, 0x00000007a0000000)
  object space 87552K, 5% used [0x0000000760000000,0x00000007604af060,0x0000000765580000)
 Metaspace       used 20548K, capacity 21116K, committed 21248K, reserved 1067008K
  class space    used 3050K, capacity 3260K, committed 3328K, reserved 1048576K
Event: 3.365 GC heap after
Heap after GC invocations=4 (full 0):
 PSYoungGen      total 138240K, used 5104K [0x00000007a0000000, 0x00000007a8c00000, 0x00000007c0000000)
  eden space 133120K, 0% used [0x00000007a0000000,0x00000007a0000000,0x00000007a8200000)
  from space 5120K, 99% used [0x00000007a8700000,0x00000007a8bfc040,0x00000007a8c00000)
  to   space 5120K, 0% used [0x00000007a8200000,0x00000007a8200000,0x00000007a8700000)
 ParOldGen       total 87552K, used 11216K [0x0000000760000000, 0x0000000765580000, 0x00000007a0000000)
  object space 87552K, 12% used [0x0000000760000000,0x0000000760af4200,0x0000000765580000)
 Metaspace       used 20548K, capacity 21116K, committed 21248K, reserved 1067008K
  class space    used 3050K, capacity 3260K, committed 3328K, reserved 1048576K
}
Event: 3.365 GC heap before
{Heap before GC invocations=5 (full 1):
 PSYoungGen      total 138240K, used 5104K [0x00000007a0000000, 0x00000007a8c00000, 0x00000007c0000000)
  eden space 133120K, 0% used [0x00000007a0000000,0x00000007a0000000,0x00000007a8200000)
  from space 5120K, 99% used [0x00000007a8700000,0x00000007a8bfc040,0x00000007a8c00000)
  to   space 5120K, 0% used [0x00000007a8200000,0x00000007a8200000,0x00000007a8700000)
 ParOldGen       total 87552K, used 11216K [0x0000000760000000, 0x0000000765580000, 0x00000007a0000000)
  object space 87552K, 12% used [0x0000000760000000,0x0000000760af4200,0x0000000765580000)
 Metaspace       used 20548K, capacity 21116K, committed 21248K, reserved 1067008K
  class space    used 3050K, capacity 3260K, committed 3328K, reserved 1048576K
Event: 3.410 GC heap after
Heap after GC invocations=5 (full 1):
 PSYoungGen      total 138240K, used 0K [0x00000007a0000000, 0x00000007a8c00000, 0x00000007c0000000)
  eden space 133120K, 0% used [0x00000007a0000000,0x00000007a0000000,0x00000007a8200000)
  from space 5120K, 0% used [0x00000007a8700000,0x00000007a8700000,0x00000007a8c00000)
  to   space 5120K, 0% used [0x00000007a8200000,0x00000007a8200000,0x00000007a8700000)
 ParOldGen       total 69120K, used 11246K [0x0000000760000000, 0x0000000764380000, 0x00000007a0000000)
  object space 69120K, 16% used [0x0000000760000000,0x0000000760afbb50,0x0000000764380000)
 Metaspace       used 20548K, capacity 21116K, committed 21248K, reserved 1067008K
  class space    used 3050K, capacity 3260K, committed 3328K, reserved 1048576K
}
Event: 5.449 GC heap before
{Heap before GC invocations=6 (full 1):
 PSYoungGen      total 138240K, used 133120K [0x00000007a0000000, 0x00000007a8c00000, 0x00000007c0000000)
  eden space 133120K, 100% used [0x00000007a0000000,0x00000007a8200000,0x00000007a8200000)
  from space 5120K, 0% used [0x00000007a8700000,0x00000007a8700000,0x00000007a8c00000)
  to   space 5120K, 0% used [0x00000007a8200000,0x00000007a8200000,0x00000007a8700000)
 ParOldGen       total 69120K, used 11246K [0x0000000760000000, 0x0000000764380000, 0x00000007a0000000)
  object space 69120K, 16% used [0x0000000760000000,0x0000000760afbb50,0x0000000764380000)
 Metaspace       used 31862K, capacity 32470K, committed 32640K, reserved 1077248K
  class space    used 4483K, capacity 4690K, committed 4736K, reserved 1048576K
Event: 5.477 GC heap after
Heap after GC invocations=6 (full 1):
 PSYoungGen      total 138240K, used 5104K [0x00000007a0000000, 0x00000007ae480000, 0x00000007c0000000)
  eden space 133120K, 0% used [0x00000007a0000000,0x00000007a0000000,0x00000007a8200000)
  from space 5120K, 99% used [0x00000007a8200000,0x00000007a86fc010,0x00000007a8700000)
  to   space 15872K, 0% used [0x00000007ad500000,0x00000007ad500000,0x00000007ae480000)
 ParOldGen       total 69120K, used 18871K [0x0000000760000000, 0x0000000764380000, 0x00000007a0000000)
  object space 69120K, 27% used [0x0000000760000000,0x000000076126dc30,0x0000000764380000)
 Metaspace       used 31862K, capacity 32470K, committed 32640K, reserved 1077248K
  class space    used 4483K, capacity 4690K, committed 4736K, reserved 1048576K
}

Deoptimization events (10 events):
Event: 4.286 Thread 0x00007fddb0898800 Uncommon trap: reason=unstable_if action=reinterpret pc=0x0000000112a067b0 method=java.util.HashMap.hash(Ljava/lang/Object;)I @ 1
Event: 4.286 Thread 0x00007fddb0898800 Uncommon trap: reason=unstable_if action=reinterpret pc=0x0000000112e2fa9c method=java.util.HashMap.putVal(ILjava/lang/Object;Ljava/lang/Object;ZZ)Ljava/lang/Object; @ 85
Event: 4.334 Thread 0x00007fddb0898800 Uncommon trap: reason=unstable_if action=reinterpret pc=0x000000011295e4b4 method=java.util.LinkedHashMap.afterNodeInsertion(Z)V @ 1
Event: 4.433 Thread 0x00007fddb0898800 Uncommon trap: reason=unstable_if action=reinterpret pc=0x0000000112e7ffa0 method=org.gradle.internal.reflect.PropertyAccessorType.isGetGetterName(Ljava/lang/String;)Z @ 14
Event: 4.583 Thread 0x00007fddb0898800 Uncommon trap: reason=class_check action=maybe_recompile pc=0x0000000112c6c5e0 method=sun.misc.URLClassPath.getLoader(I)Lsun/misc/URLClassPath$Loader; @ 94
Event: 4.693 Thread 0x00007fddb0898800 Uncommon trap: reason=unstable_if action=reinterpret pc=0x00000001129293d8 method=java.io.UnixFileSystem.resolve(Ljava/lang/String;Ljava/lang/String;)Ljava/lang/String; @ 18
Event: 4.819 Thread 0x00007fddb0898800 Uncommon trap: reason=bimorphic action=maybe_recompile pc=0x0000000112e64c1c method=java.util.WeakHashMap.eq(Ljava/lang/Object;Ljava/lang/Object;)Z @ 7
Event: 5.117 Thread 0x00007fddb0898800 Uncommon trap: reason=class_check action=maybe_recompile pc=0x0000000112f1863c method=sun.reflect.generics.reflectiveObjects.TypeVariableImpl.getGenericDeclaration()Ljava/lang/reflect/GenericDeclaration; @ 4
Event: 5.117 Thread 0x00007fddb0898800 Uncommon trap: reason=class_check action=maybe_recompile pc=0x0000000112f1863c method=sun.reflect.generics.reflectiveObjects.TypeVariableImpl.getGenericDeclaration()Ljava/lang/reflect/GenericDeclaration; @ 4
Event: 5.479 Thread 0x00007fddb1014000 Uncommon trap: reason=unstable_if action=reinterpret pc=0x0000000112c3db80 method=java.lang.ref.Reference.tryHandlePending(Z)Z @ 104

Classes redefined (0 events):
No events

Internal exceptions (10 events):
Event: 4.805 Thread 0x00007fddb0898800 Exception <a 'java/lang/ClassNotFoundException': org/gradle/api/internal/DefaultDomainObjectCollectionCustomizer> (0x00000007a543bc90) thrown at [/Users/java_re/workspace/8-2-build-macosx-x86_64/jdk8u211/12973/hotspot/src/share/vm/classfile/systemDictiona
Event: 4.812 Thread 0x00007fddb0898800 Exception <a 'java/lang/ClassNotFoundException': org/gradle/api/internal/DefaultNamedDomainObjectCollectionCustomizer> (0x00000007a549a448) thrown at [/Users/java_re/workspace/8-2-build-macosx-x86_64/jdk8u211/12973/hotspot/src/share/vm/classfile/systemDic
Event: 4.819 Thread 0x00007fddb0898800 Exception <a 'java/lang/ClassNotFoundException': org/gradle/api/internal/DefaultNamedDomainObjectListCustomizer> (0x00000007a550ea18) thrown at [/Users/java_re/workspace/8-2-build-macosx-x86_64/jdk8u211/12973/hotspot/src/share/vm/classfile/systemDictionar
Event: 4.823 Thread 0x00007fddb0898800 Exception <a 'java/lang/ClassNotFoundException': org/gradle/api/internal/artifacts/DefaultArtifactRepositoryContainerCustomizer> (0x00000007a5584b08) thrown at [/Users/java_re/workspace/8-2-build-macosx-x86_64/jdk8u211/12973/hotspot/src/share/vm/classfile
Event: 4.827 Thread 0x00007fddb0898800 Exception <a 'java/lang/ClassNotFoundException': org/gradle/api/internal/artifacts/dsl/DefaultRepositoryHandlerCustomizer> (0x00000007a55eaf98) thrown at [/Users/java_re/workspace/8-2-build-macosx-x86_64/jdk8u211/12973/hotspot/src/share/vm/classfile/syste
Event: 4.830 Thread 0x00007fddb0898800 Exception <a 'java/lang/ClassNotFoundException': org/gradle/api/internal/artifacts/dsl/DefaultRepositoryHandler_DecoratedCustomizer> (0x00000007a5667af8) thrown at [/Users/java_re/workspace/8-2-build-macosx-x86_64/jdk8u211/12973/hotspot/src/share/vm/class
Event: 5.383 Thread 0x00007fddb0898800 Exception <a 'java/lang/ClassNotFoundException': org/gradle/api/internal/artifacts/dsl/dependencies/DefaultDependencyHandler_DecoratedBeanInfo> (0x00000007a7d2a340) thrown at [/Users/java_re/workspace/8-2-build-macosx-x86_64/jdk8u211/12973/hotspot/src/sha
Event: 5.384 Thread 0x00007fddb0898800 Exception <a 'java/lang/ClassNotFoundException': org/gradle/api/internal/artifacts/dsl/dependencies/DefaultDependencyHandlerBeanInfo> (0x00000007a7d83968) thrown at [/Users/java_re/workspace/8-2-build-macosx-x86_64/jdk8u211/12973/hotspot/src/share/vm/clas
Event: 5.386 Thread 0x00007fddb0898800 Exception <a 'java/lang/ClassNotFoundException': org/gradle/api/internal/artifacts/dsl/dependencies/DefaultDependencyHandlerCustomizer> (0x00000007a7dde130) thrown at [/Users/java_re/workspace/8-2-build-macosx-x86_64/jdk8u211/12973/hotspot/src/share/vm/cl
Event: 5.390 Thread 0x00007fddb0898800 Exception <a 'java/lang/ClassNotFoundException': org/gradle/api/internal/artifacts/dsl/dependencies/DefaultDependencyHandler_DecoratedCustomizer> (0x00000007a7e6e3a8) thrown at [/Users/java_re/workspace/8-2-build-macosx-x86_64/jdk8u211/12973/hotspot/src/s

Events (10 events):
Event: 5.482 loading class org/gradle/api/internal/artifacts/ivyservice/resolveengine/result/ResolvedVariantResultSerializer
Event: 5.482 loading class org/gradle/api/internal/artifacts/ivyservice/resolveengine/result/ResolvedVariantResultSerializer done
Event: 5.483 loading class org/gradle/api/artifacts/result/ResolvedVariantResult
Event: 5.483 loading class org/gradle/api/artifacts/result/ResolvedVariantResult done
Event: 5.484 loading class org/gradle/api/internal/artifacts/ivyservice/resolveengine/result/DependencyResultSerializer
Event: 5.484 loading class org/gradle/api/internal/artifacts/ivyservice/resolveengine/result/DependencyResultSerializer done
Event: 5.485 loading class org/gradle/api/internal/artifacts/ivyservice/resolveengine/graph/ResolvedGraphDependency
Event: 5.485 loading class org/gradle/api/internal/artifacts/ivyservice/resolveengine/graph/ResolvedGraphDependency done
Event: 5.485 loading class org/gradle/api/internal/artifacts/ivyservice/resolveengine/result/ComponentSelectionReasonSerializer
Event: 5.485 loading class org/gradle/api/internal/artifacts/ivyservice/resolveengine/result/ComponentSelectionReasonSerializer done


Dynamic libraries:
0x00007fff36043000 	/System/Library/Frameworks/Cocoa.framework/Versions/A/Cocoa
0x00007fff4360f000 	/System/Library/Frameworks/Security.framework/Versions/A/Security
0x00007fff34fce000 	/System/Library/Frameworks/ApplicationServices.framework/Versions/A/ApplicationServices
0x00007fff6d9f4000 	/usr/lib/libz.1.dylib
0x00007fff6b4c7000 	/usr/lib/libSystem.B.dylib
0x00007fff6d318000 	/usr/lib/libobjc.A.dylib
0x00007fff36fb9000 	/System/Library/Frameworks/CoreFoundation.framework/Versions/A/CoreFoundation
0x00007fff3967e000 	/System/Library/Frameworks/Foundation.framework/Versions/C/Foundation
0x00007fff341c3000 	/System/Library/Frameworks/AppKit.framework/Versions/C/AppKit
0x00007fff36ac6000 	/System/Library/Frameworks/CoreData.framework/Versions/A/CoreData
0x00007fff67d72000 	/System/Library/PrivateFrameworks/UIFoundation.framework/Versions/A/UIFoundation
0x00007fff6255d000 	/System/Library/PrivateFrameworks/RemoteViewServices.framework/Versions/A/RemoteViewServices
0x00007fff6a802000 	/System/Library/PrivateFrameworks/XCTTargetBootstrap.framework/Versions/A/XCTTargetBootstrap
0x00007fff36ea9000 	/System/Library/Frameworks/CoreDisplay.framework/Versions/A/CoreDisplay
0x00007fff3c3f6000 	/System/Library/Frameworks/Metal.framework/Versions/A/Metal
0x00007fff5097e000 	/System/Library/PrivateFrameworks/DesktopServicesPriv.framework/Versions/A/DesktopServicesPriv
0x00007fff6c5fd000 	/usr/lib/liblangid.dylib
0x00007fff4fad5000 	/System/Library/PrivateFrameworks/CoreSVG.framework/Versions/A/CoreSVG
0x00007fff6531f000 	/System/Library/PrivateFrameworks/SkyLight.framework/Versions/A/SkyLight
0x00007fff3743b000 	/System/Library/Frameworks/CoreGraphics.framework/Versions/A/CoreGraphics
0x00007fff32d62000 	/System/Library/Frameworks/Accelerate.framework/Versions/A/Accelerate
0x00007fff6d8e5000 	/usr/lib/libxml2.2.dylib
0x00007fff5b69c000 	/System/Library/PrivateFrameworks/IconServices.framework/Versions/A/IconServices
0x00007fff39e62000 	/System/Library/Frameworks/IOSurface.framework/Versions/A/IOSurface
0x00007fff6afff000 	/usr/lib/libDiagnosticMessagesClient.dylib
0x00007fff507f7000 	/System/Library/PrivateFrameworks/DFRFoundation.framework/Versions/A/DFRFoundation
0x00007fff6c38b000 	/usr/lib/libicucore.A.dylib
0x00007fff35300000 	/System/Library/Frameworks/AudioToolbox.framework/Versions/A/AudioToolbox
0x00007fff353e2000 	/System/Library/Frameworks/AudioUnit.framework/Versions/A/AudioUnit
0x00007fff6b6c8000 	/usr/lib/libauto.dylib
0x00007fff50878000 	/System/Library/PrivateFrameworks/DataDetectorsCore.framework/Versions/A/DataDetectorsCore
0x00007fff35b63000 	/System/Library/Frameworks/Carbon.framework/Versions/A/Frameworks/HIToolbox.framework/Versions/A/HIToolbox
0x00007fff42841000 	/System/Library/Frameworks/QuartzCore.framework/Versions/A/QuartzCore
0x00007fff35ea2000 	/System/Library/Frameworks/Carbon.framework/Versions/A/Frameworks/SpeechRecognition.framework/Versions/A/SpeechRecognition
0x00007fff5017d000 	/System/Library/PrivateFrameworks/CoreUI.framework/Versions/A/CoreUI
0x00007fff3652c000 	/System/Library/Frameworks/CoreAudio.framework/Versions/A/CoreAudio
0x00007fff39346000 	/System/Library/Frameworks/DiskArbitration.framework/Versions/A/DiskArbitration
0x00007fff5d6b0000 	/System/Library/PrivateFrameworks/MultitouchSupport.framework/Versions/A/MultitouchSupport
0x00007fff6c251000 	/usr/lib/libenergytrace.dylib
0x00007fff39dbd000 	/System/Library/Frameworks/IOKit.framework/Versions/A/IOKit
0x00007fff383a9000 	/System/Library/Frameworks/CoreServices.framework/Versions/A/CoreServices
0x00007fff5f7ba000 	/System/Library/PrivateFrameworks/PerformanceAnalysis.framework/Versions/A/PerformanceAnalysis
0x00007fff41877000 	/System/Library/Frameworks/OpenGL.framework/Versions/A/OpenGL
0x00007fff36051000 	/System/Library/Frameworks/ColorSync.framework/Versions/A/ColorSync
0x00007fff37ac2000 	/System/Library/Frameworks/CoreImage.framework/Versions/A/CoreImage
0x00007fff38e1f000 	/System/Library/Frameworks/CoreText.framework/Versions/A/CoreText
0x00007fff39ee8000 	/System/Library/Frameworks/ImageIO.framework/Versions/A/ImageIO
0x00007fff6b7ad000 	/usr/lib/libc++.1.dylib
0x00007fff6b829000 	/usr/lib/libcompression.dylib
0x00007fff6b341000 	/usr/lib/libMobileGestalt.dylib
0x00007fff66e54000 	/System/Library/PrivateFrameworks/TextureIO.framework/Versions/A/TextureIO
0x00007fff6b62e000 	/usr/lib/libate.dylib
0x00007fff5b8a5000 	/System/Library/PrivateFrameworks/InternationalSupport.framework/Versions/A/InternationalSupport
0x00007fff6e46a000 	/usr/lib/system/libcache.dylib
0x00007fff6e470000 	/usr/lib/system/libcommonCrypto.dylib
0x00007fff6e47c000 	/usr/lib/system/libcompiler_rt.dylib
0x00007fff6e484000 	/usr/lib/system/libcopyfile.dylib
0x00007fff6e48e000 	/usr/lib/system/libcorecrypto.dylib
0x00007fff6e63c000 	/usr/lib/system/libdispatch.dylib
0x00007fff6e67e000 	/usr/lib/system/libdyld.dylib
0x00007fff6e6b4000 	/usr/lib/system/libkeymgr.dylib
0x00007fff6e6c2000 	/usr/lib/system/liblaunch.dylib
0x00007fff6e6c3000 	/usr/lib/system/libmacho.dylib
0x00007fff6e6c9000 	/usr/lib/system/libquarantine.dylib
0x00007fff6e6cc000 	/usr/lib/system/libremovefile.dylib
0x00007fff6e6ce000 	/usr/lib/system/libsystem_asl.dylib
0x00007fff6e6e6000 	/usr/lib/system/libsystem_blocks.dylib
0x00007fff6e6e7000 	/usr/lib/system/libsystem_c.dylib
0x00007fff6e76f000 	/usr/lib/system/libsystem_configuration.dylib
0x00007fff6e773000 	/usr/lib/system/libsystem_coreservices.dylib
0x00007fff6e777000 	/usr/lib/system/libsystem_darwin.dylib
0x00007fff6e780000 	/usr/lib/system/libsystem_dnssd.dylib
0x00007fff6e788000 	/usr/lib/system/libsystem_featureflags.dylib
0x00007fff6e78a000 	/usr/lib/system/libsystem_info.dylib
0x00007fff6e805000 	/usr/lib/system/libsystem_m.dylib
0x00007fff6e84d000 	/usr/lib/system/libsystem_malloc.dylib
0x00007fff6e875000 	/usr/lib/system/libsystem_networkextension.dylib
0x00007fff6e883000 	/usr/lib/system/libsystem_notify.dylib
0x00007fff6e8a2000 	/usr/lib/system/libsystem_sandbox.dylib
0x00007fff6e8a7000 	/usr/lib/system/libsystem_secinit.dylib
0x00007fff6e7d8000 	/usr/lib/system/libsystem_kernel.dylib
0x00007fff6e88d000 	/usr/lib/system/libsystem_platform.dylib
0x00007fff6e897000 	/usr/lib/system/libsystem_pthread.dylib
0x00007fff6e8aa000 	/usr/lib/system/libsystem_symptoms.dylib
0x00007fff6e8b2000 	/usr/lib/system/libsystem_trace.dylib
0x00007fff6e8ca000 	/usr/lib/system/libunwind.dylib
0x00007fff6e8d0000 	/usr/lib/system/libxpc.dylib
0x00007fff6b801000 	/usr/lib/libc++abi.dylib
0x00007fff6c5ff000 	/usr/lib/liblzma.5.dylib
0x00007fff6c279000 	/usr/lib/libfakelink.dylib
0x00007fff6b5bb000 	/usr/lib/libarchive.2.dylib
0x00007fff447af000 	/System/Library/Frameworks/SystemConfiguration.framework/Versions/A/SystemConfiguration
0x00007fff6af30000 	/usr/lib/libCRFSuite.dylib
0x00007fff35758000 	/System/Library/Frameworks/CFNetwork.framework/Versions/A/CFNetwork
0x00007fff6b78f000 	/usr/lib/libbsm.0.dylib
0x00007fff6e6b5000 	/usr/lib/system/libkxld.dylib
0x00007fff4a2b9000 	/System/Library/PrivateFrameworks/AppleFSCompression.framework/Versions/A/AppleFSCompression
0x00007fff6bb10000 	/usr/lib/libcoretls.dylib
0x00007fff6bb27000 	/usr/lib/libcoretls_cfhelpers.dylib
0x00007fff6d35c000 	/usr/lib/libpam.2.dylib
0x00007fff6d48f000 	/usr/lib/libsqlite3.dylib
0x00007fff6d8d2000 	/usr/lib/libxar.1.dylib
0x00007fff6b7a0000 	/usr/lib/libbz2.1.0.dylib
0x00007fff6c29a000 	/usr/lib/libiconv.2.dylib
0x00007fff6b816000 	/usr/lib/libcharset.1.dylib
0x00007fff6ce03000 	/usr/lib/libnetwork.dylib
0x00007fff6d363000 	/usr/lib/libpcap.A.dylib
0x00007fff6b570000 	/usr/lib/libapple_nghttp2.dylib
0x00007fff38760000 	/System/Library/Frameworks/CoreServices.framework/Versions/A/Frameworks/FSEvents.framework/Versions/A/FSEvents
0x00007fff38430000 	/System/Library/Frameworks/CoreServices.framework/Versions/A/Frameworks/CarbonCore.framework/Versions/A/CarbonCore
0x00007fff389a3000 	/System/Library/Frameworks/CoreServices.framework/Versions/A/Frameworks/Metadata.framework/Versions/A/Metadata
0x00007fff38a3c000 	/System/Library/Frameworks/CoreServices.framework/Versions/A/Frameworks/OSServices.framework/Versions/A/OSServices
0x00007fff38a6a000 	/System/Library/Frameworks/CoreServices.framework/Versions/A/Frameworks/SearchKit.framework/Versions/A/SearchKit
0x00007fff383aa000 	/System/Library/Frameworks/CoreServices.framework/Versions/A/Frameworks/AE.framework/Versions/A/AE
0x00007fff38769000 	/System/Library/Frameworks/CoreServices.framework/Versions/A/Frameworks/LaunchServices.framework/Versions/A/LaunchServices
0x00007fff38712000 	/System/Library/Frameworks/CoreServices.framework/Versions/A/Frameworks/DictionaryServices.framework/Versions/A/DictionaryServices
0x00007fff38ad2000 	/System/Library/Frameworks/CoreServices.framework/Versions/A/Frameworks/SharedFileList.framework/Versions/A/SharedFileList
0x00007fff3d6cb000 	/System/Library/Frameworks/NetFS.framework/Versions/A/NetFS
0x00007fff5dbdd000 	/System/Library/PrivateFrameworks/NetAuth.framework/Versions/A/NetAuth
0x00007fff6abcd000 	/System/Library/PrivateFrameworks/login.framework/Versions/A/Frameworks/loginsupport.framework/Versions/A/loginsupport
0x00007fff6694f000 	/System/Library/PrivateFrameworks/TCC.framework/Versions/A/TCC
0x00007fff4eea4000 	/System/Library/PrivateFrameworks/CoreNLP.framework/Versions/A/CoreNLP
0x00007fff5d0e0000 	/System/Library/PrivateFrameworks/MetadataUtilities.framework/Versions/A/MetadataUtilities
0x00007fff6c6d7000 	/usr/lib/libmecabra.dylib
0x00007fff6c62f000 	/usr/lib/libmecab.dylib
0x00007fff6c28a000 	/usr/lib/libgermantok.dylib
0x00007fff6b557000 	/usr/lib/libThaiTokenizer.dylib
0x00007fff6af68000 	/usr/lib/libChineseTokenizer.dylib
0x00007fff32d7a000 	/System/Library/Frameworks/Accelerate.framework/Versions/A/Frameworks/vImage.framework/Versions/A/vImage
0x00007fff3401d000 	/System/Library/Frameworks/Accelerate.framework/Versions/A/Frameworks/vecLib.framework/Versions/A/vecLib
0x00007fff33f61000 	/System/Library/Frameworks/Accelerate.framework/Versions/A/Frameworks/vecLib.framework/Versions/A/libvMisc.dylib
0x00007fff33d87000 	/System/Library/Frameworks/Accelerate.framework/Versions/A/Frameworks/vecLib.framework/Versions/A/libvDSP.dylib
0x00007fff333e6000 	/System/Library/Frameworks/Accelerate.framework/Versions/A/Frameworks/vecLib.framework/Versions/A/libBLAS.dylib
0x00007fff33941000 	/System/Library/Frameworks/Accelerate.framework/Versions/A/Frameworks/vecLib.framework/Versions/A/libLAPACK.dylib
0x00007fff33ce7000 	/System/Library/Frameworks/Accelerate.framework/Versions/A/Frameworks/vecLib.framework/Versions/A/libLinearAlgebra.dylib
0x00007fff33d74000 	/System/Library/Frameworks/Accelerate.framework/Versions/A/Frameworks/vecLib.framework/Versions/A/libSparseBLAS.dylib
0x00007fff33cfd000 	/System/Library/Frameworks/Accelerate.framework/Versions/A/Frameworks/vecLib.framework/Versions/A/libQuadrature.dylib
0x00007fff33650000 	/System/Library/Frameworks/Accelerate.framework/Versions/A/Frameworks/vecLib.framework/Versions/A/libBNNS.dylib
0x00007fff33d03000 	/System/Library/Frameworks/Accelerate.framework/Versions/A/Frameworks/vecLib.framework/Versions/A/libSparse.dylib
0x00007fff5bc64000 	/System/Library/PrivateFrameworks/LanguageModeling.framework/Versions/A/LanguageModeling
0x00007fff4e840000 	/System/Library/PrivateFrameworks/CoreEmoji.framework/Versions/A/CoreEmoji
0x00007fff5bd82000 	/System/Library/PrivateFrameworks/LinguisticData.framework/Versions/A/LinguisticData
0x00007fff5bd33000 	/System/Library/PrivateFrameworks/Lexicon.framework/Versions/A/Lexicon
0x00007fff6b817000 	/usr/lib/libcmph.dylib
0x00007fff4029d000 	/System/Library/Frameworks/OpenDirectory.framework/Versions/A/Frameworks/CFOpenDirectory.framework/Versions/A/CFOpenDirectory
0x00007fff402ba000 	/System/Library/Frameworks/OpenDirectory.framework/Versions/A/OpenDirectory
0x00007fff48588000 	/System/Library/PrivateFrameworks/APFS.framework/Versions/A/APFS
0x00007fff43962000 	/System/Library/Frameworks/SecurityFoundation.framework/Versions/A/SecurityFoundation
0x00007fff6d8ce000 	/usr/lib/libutil.dylib
0x00007fff4fb2d000 	/System/Library/PrivateFrameworks/CoreServicesStore.framework/Versions/A/CoreServicesStore
0x00007fff43a1a000 	/System/Library/Frameworks/ServiceManagement.framework/Versions/A/ServiceManagement
0x00007fff4ba70000 	/System/Library/PrivateFrameworks/BackgroundTaskManagement.framework/Versions/A/BackgroundTaskManagement
0x00007fff6d9cb000 	/usr/lib/libxslt.1.dylib
0x00007fff4a91e000 	/System/Library/PrivateFrameworks/AppleSystemInfo.framework/Versions/A/AppleSystemInfo
0x00007fff3a105000 	/System/Library/Frameworks/ImageIO.framework/Versions/A/Resources/libJPEG.dylib
0x00007fff3a3c4000 	/System/Library/Frameworks/ImageIO.framework/Versions/A/Resources/libTIFF.dylib
0x00007fff3a3a7000 	/System/Library/Frameworks/ImageIO.framework/Versions/A/Resources/libPng.dylib
0x00007fff3a046000 	/System/Library/Frameworks/ImageIO.framework/Versions/A/Resources/libGIF.dylib
0x00007fff3a04a000 	/System/Library/Frameworks/ImageIO.framework/Versions/A/Resources/libJP2.dylib
0x00007fff3a3c2000 	/System/Library/Frameworks/ImageIO.framework/Versions/A/Resources/libRadiance.dylib
0x00007fff6c252000 	/usr/lib/libexpat.1.dylib
0x00007fff4a414000 	/System/Library/PrivateFrameworks/AppleJPEG.framework/Versions/A/AppleJPEG
0x00007fff52d9a000 	/System/Library/PrivateFrameworks/FontServices.framework/libFontParser.dylib
0x00007fff69c24000 	/System/Library/PrivateFrameworks/WatchdogClient.framework/Versions/A/WatchdogClient
0x00007fff5b2f1000 	/System/Library/PrivateFrameworks/IOAccelerator.framework/Versions/A/IOAccelerator
0x00007fff3c784000 	/System/Library/Frameworks/MetalPerformanceShaders.framework/Versions/A/MetalPerformanceShaders
0x00007fff57ae8000 	/System/Library/PrivateFrameworks/GPUWrangler.framework/Versions/A/GPUWrangler
0x00007fff5b2fc000 	/System/Library/PrivateFrameworks/IOPresentment.framework/Versions/A/IOPresentment
0x00007fff5080a000 	/System/Library/PrivateFrameworks/DSExternalDisplay.framework/Versions/A/DSExternalDisplay
0x00007fff40c23000 	/System/Library/Frameworks/OpenGL.framework/Versions/A/Libraries/libCoreFSCache.dylib
0x00007fff3c4d6000 	/System/Library/Frameworks/MetalPerformanceShaders.framework/Frameworks/MPSCore.framework/Versions/A/MPSCore
0x00007fff3c513000 	/System/Library/Frameworks/MetalPerformanceShaders.framework/Frameworks/MPSImage.framework/Versions/A/MPSImage
0x00007fff3c5d5000 	/System/Library/Frameworks/MetalPerformanceShaders.framework/Frameworks/MPSNeuralNetwork.framework/Versions/A/MPSNeuralNetwork
0x00007fff3c59a000 	/System/Library/Frameworks/MetalPerformanceShaders.framework/Frameworks/MPSMatrix.framework/Versions/A/MPSMatrix
0x00007fff3c735000 	/System/Library/Frameworks/MetalPerformanceShaders.framework/Frameworks/MPSRayIntersector.framework/Versions/A/MPSRayIntersector
0x00007fff3c5bf000 	/System/Library/Frameworks/MetalPerformanceShaders.framework/Frameworks/MPSNDArray.framework/Versions/A/MPSNDArray
0x00007fff5d12d000 	/System/Library/PrivateFrameworks/MetalTools.framework/Versions/A/MetalTools
0x00007fff4973f000 	/System/Library/PrivateFrameworks/AggregateDictionary.framework/Versions/A/AggregateDictionary
0x00007fff4e2ca000 	/System/Library/PrivateFrameworks/CoreAnalytics.framework/Versions/A/CoreAnalytics
0x00007fff4a83c000 	/System/Library/PrivateFrameworks/AppleSauce.framework/Versions/A/AppleSauce
0x00007fff6b224000 	/usr/lib/libIOReport.dylib
0x00007fff38fd4000 	/System/Library/Frameworks/CoreVideo.framework/Versions/A/CoreVideo
0x00007fff58f54000 	/System/Library/PrivateFrameworks/GraphVisualizer.framework/Versions/A/GraphVisualizer
0x00007fff5231b000 	/System/Library/PrivateFrameworks/FaceCore.framework/Versions/A/FaceCore
0x00007fff40244000 	/System/Library/Frameworks/OpenCL.framework/Versions/A/OpenCL
0x00007fff6b046000 	/usr/lib/libFosl_dynamic.dylib
0x00007fff5e5d8000 	/System/Library/PrivateFrameworks/OTSVG.framework/Versions/A/OTSVG
0x00007fff350d3000 	/System/Library/Frameworks/ApplicationServices.framework/Versions/A/Frameworks/ATS.framework/Versions/A/Resources/libFontRegistry.dylib
0x00007fff52f6b000 	/System/Library/PrivateFrameworks/FontServices.framework/libhvf.dylib
0x00007fff40c2e000 	/System/Library/Frameworks/OpenGL.framework/Versions/A/Libraries/libGFXShared.dylib
0x00007fff40e0b000 	/System/Library/Frameworks/OpenGL.framework/Versions/A/Libraries/libGLU.dylib
0x00007fff40c37000 	/System/Library/Frameworks/OpenGL.framework/Versions/A/Libraries/libGL.dylib
0x00007fff40c42000 	/System/Library/Frameworks/OpenGL.framework/Versions/A/Libraries/libGLImage.dylib
0x00007fff40c20000 	/System/Library/Frameworks/OpenGL.framework/Versions/A/Libraries/libCVMSPluginSupport.dylib
0x00007fff40c29000 	/System/Library/Frameworks/OpenGL.framework/Versions/A/Libraries/libCoreVMClient.dylib
0x00007fff6cca5000 	/usr/lib/libncurses.5.4.dylib
0x00007fff34fcf000 	/System/Library/Frameworks/ApplicationServices.framework/Versions/A/Frameworks/ATS.framework/Versions/A/ATS
0x00007fff3519c000 	/System/Library/Frameworks/ApplicationServices.framework/Versions/A/Frameworks/ColorSyncLegacy.framework/Versions/A/ColorSyncLegacy
0x00007fff3523b000 	/System/Library/Frameworks/ApplicationServices.framework/Versions/A/Frameworks/HIServices.framework/Versions/A/HIServices
0x00007fff35292000 	/System/Library/Frameworks/ApplicationServices.framework/Versions/A/Frameworks/LangAnalysis.framework/Versions/A/LangAnalysis
0x00007fff352a1000 	/System/Library/Frameworks/ApplicationServices.framework/Versions/A/Frameworks/PrintCore.framework/Versions/A/PrintCore
0x00007fff352e7000 	/System/Library/Frameworks/ApplicationServices.framework/Versions/A/Frameworks/QD.framework/Versions/A/QD
0x00007fff352f2000 	/System/Library/Frameworks/ApplicationServices.framework/Versions/A/Frameworks/SpeechSynthesis.framework/Versions/A/SpeechSynthesis
0x00007fff3516c000 	/System/Library/Frameworks/ApplicationServices.framework/Versions/A/Frameworks/ATSUI.framework/Versions/A/ATSUI
0x00007fff6c0e6000 	/usr/lib/libcups.2.dylib
0x00007fff3b833000 	/System/Library/Frameworks/Kerberos.framework/Versions/A/Kerberos
0x00007fff39ab3000 	/System/Library/Frameworks/GSS.framework/Versions/A/GSS
0x00007fff6d41b000 	/usr/lib/libresolv.9.dylib
0x00007fff590f5000 	/System/Library/PrivateFrameworks/Heimdal.framework/Versions/A/Heimdal
0x00007fff3b846000 	/System/Library/Frameworks/Kerberos.framework/Versions/A/Libraries/libHeimdalProxy.dylib
0x00007fff6c290000 	/usr/lib/libheimdal-asn1.dylib
0x00007fff4d770000 	/System/Library/PrivateFrameworks/CommonAuth.framework/Versions/A/CommonAuth
0x00007fff4a9bb000 	/System/Library/PrivateFrameworks/AssertionServices.framework/Versions/A/AssertionServices
0x00007fff4b55e000 	/System/Library/PrivateFrameworks/AudioToolboxCore.framework/Versions/A/AudioToolboxCore
0x00007fff6a87e000 	/System/Library/PrivateFrameworks/caulk.framework/Versions/A/caulk
0x00007fff4bb1c000 	/System/Library/PrivateFrameworks/BaseBoard.framework/Versions/A/BaseBoard
0x00007fff626ec000 	/System/Library/PrivateFrameworks/RunningBoardServices.framework/Versions/A/RunningBoardServices
0x00007fff5f7c6000 	/System/Library/PrivateFrameworks/PersistentConnection.framework/Versions/A/PersistentConnection
0x00007fff6213b000 	/System/Library/PrivateFrameworks/ProtocolBuffer.framework/Versions/A/ProtocolBuffer
0x00007fff4d795000 	/System/Library/PrivateFrameworks/CommonUtilities.framework/Versions/A/CommonUtilities
0x00007fff4bc9f000 	/System/Library/PrivateFrameworks/Bom.framework/Versions/A/Bom
0x00007fff6aef3000 	/usr/lib/libAudioToolboxUtility.dylib
0x00007fff4ba7a000 	/System/Library/PrivateFrameworks/Backup.framework/Versions/A/Backup
0x00007fff5057a000 	/System/Library/PrivateFrameworks/CrashReporterSupport.framework/Versions/A/CrashReporterSupport
0x00007fff641e3000 	/System/Library/PrivateFrameworks/Sharing.framework/Versions/A/Sharing
0x00007fff4a15f000 	/System/Library/PrivateFrameworks/Apple80211.framework/Versions/A/Apple80211
0x00007fff4b79c000 	/System/Library/PrivateFrameworks/AuthKit.framework/Versions/A/AuthKit
0x00007fff502aa000 	/System/Library/PrivateFrameworks/CoreUtils.framework/Versions/A/CoreUtils
0x00007fff39019000 	/System/Library/Frameworks/CoreWLAN.framework/Versions/A/CoreWLAN
0x00007fff39c3e000 	/System/Library/Frameworks/IOBluetooth.framework/Versions/A/IOBluetooth
0x00007fff5d42b000 	/System/Library/PrivateFrameworks/MobileKeyBag.framework/Versions/A/MobileKeyBag
0x00007fff4f380000 	/System/Library/PrivateFrameworks/CorePhoneNumbers.framework/Versions/A/CorePhoneNumbers
0x00007fff4a3c7000 	/System/Library/PrivateFrameworks/AppleIDAuthSupport.framework/Versions/A/AppleIDAuthSupport
0x00007fff3d6d8000 	/System/Library/Frameworks/Network.framework/Versions/A/Network
0x00007fff5baec000 	/System/Library/PrivateFrameworks/KeychainCircle.framework/Versions/A/KeychainCircle
0x00007fff36a8e000 	/System/Library/Frameworks/CoreBluetooth.framework/Versions/A/CoreBluetooth
0x00007fff65e5f000 	/System/Library/PrivateFrameworks/SpeechRecognitionCore.framework/Versions/A/SpeechRecognitionCore
0x00007fff2b617000 	/System/Library/CoreServices/Encodings/libSimplifiedChineseConverter.dylib
0x000000010ee00000 	/Library/Java/JavaVirtualMachines/jdk1.8.0_211.jdk/Contents/Home/jre/lib/server/libjvm.dylib
0x00007fff6d7a0000 	/usr/lib/libstdc++.6.dylib
0x000000010e439000 	/Library/Java/JavaVirtualMachines/jdk1.8.0_211.jdk/Contents/Home/jre/lib/libverify.dylib
0x000000010e447000 	/Library/Java/JavaVirtualMachines/jdk1.8.0_211.jdk/Contents/Home/jre/lib/libjava.dylib
0x000000010e4c7000 	/Library/Java/JavaVirtualMachines/jdk1.8.0_211.jdk/Contents/Home/jre/lib/libzip.dylib
0x0000000112369000 	/Library/Java/JavaVirtualMachines/jdk1.8.0_211.jdk/Contents/Home/jre/lib/libnet.dylib
0x0000000112448000 	/Library/Java/JavaVirtualMachines/jdk1.8.0_211.jdk/Contents/Home/jre/lib/libnio.dylib
0x0000000112458000 	/Users/lantianbao/.gradle/native/30/osx-amd64/libnative-platform.dylib
0x00000001265c3000 	/Library/Java/JavaVirtualMachines/jdk1.8.0_211.jdk/Contents/Home/jre/lib/libmanagement.dylib

VM Arguments:
jvm_args: -Xmx1536m -Dfile.encoding=UTF-8 -Duser.country=CN -Duser.language=zh -Duser.variant 
java_command: org.gradle.launcher.daemon.bootstrap.GradleDaemon 5.6.4
java_class_path (initial): /Users/lantianbao/.gradle/wrapper/dists/gradle-5.6.4-all/ankdp27end7byghfw1q2sw75f/gradle-5.6.4/lib/gradle-launcher-5.6.4.jar
Launcher Type: SUN_STANDARD

Environment Variables:
JAVA_HOME=/Library/Java/JavaVirtualMachines/jdk1.8.0_211.jdk/Contents/Home
CLASSPATH=/Library/Java/JavaVirtualMachines/jdk1.8.0_211.jdk/Contents/Home/lib/tools.jar:/Library/Java/JavaVirtualMachines/jdk1.8.0_211.jdk/Contents/Home/lib/dt.jar:.
PATH=/Library/Java/JavaVirtualMachines/jdk1.8.0_211.jdk/Contents/Home/bin:/usr/local/bin:/usr/bin:/bin:/usr/sbin:/sbin:.:/Users/lantianbao/Library/Android/sdk/ndk/20.1.5948944
SHELL=/bin/bash

Signal Handlers:
SIGSEGV: [libjvm.dylib+0x5b71a7], sa_mask[0]=11111111011111110111111111111111, sa_flags=SA_ONSTACK|SA_RESTART|SA_SIGINFO
SIGBUS: [libjvm.dylib+0x5b71a7], sa_mask[0]=11111111011111110111111111111111, sa_flags=SA_RESTART|SA_SIGINFO
SIGFPE: [libjvm.dylib+0x48c8fc], sa_mask[0]=11111111011111110111111111111111, sa_flags=SA_RESTART|SA_SIGINFO
SIGPIPE: [libjvm.dylib+0x48c8fc], sa_mask[0]=11111111011111110111111111111111, sa_flags=SA_RESTART|SA_SIGINFO
SIGXFSZ: [libjvm.dylib+0x48c8fc], sa_mask[0]=11111111011111110111111111111111, sa_flags=SA_RESTART|SA_SIGINFO
SIGILL: [libjvm.dylib+0x48c8fc], sa_mask[0]=11111111011111110111111111111111, sa_flags=SA_RESTART|SA_SIGINFO
SIGUSR1: SIG_DFL, sa_mask[0]=00000000000000000000000000000000, sa_flags=none
SIGUSR2: [libjvm.dylib+0x48c41a], sa_mask[0]=00100000000000000000000000000000, sa_flags=SA_RESTART|SA_SIGINFO
SIGHUP: [libjvm.dylib+0x48a9a5], sa_mask[0]=11111111011111110111111111111111, sa_flags=SA_RESTART|SA_SIGINFO
SIGINT: [libjvm.dylib+0x48a9a5], sa_mask[0]=11111111011111110111111111111111, sa_flags=SA_RESTART|SA_SIGINFO
SIGTERM: [libjvm.dylib+0x48a9a5], sa_mask[0]=11111111011111110111111111111111, sa_flags=SA_RESTART|SA_SIGINFO
SIGQUIT: [libjvm.dylib+0x48a9a5], sa_mask[0]=11111111011111110111111111111111, sa_flags=SA_RESTART|SA_SIGINFO


---------------  S Y S T E M  ---------------

OS:Bsduname:Darwin 19.2.0 Darwin Kernel Version 19.2.0: Sat Nov  9 03:47:04 PST 2019; root:xnu-6153.61.1~20/RELEASE_X86_64 x86_64
rlimit: STACK 8192k, CORE 0k, NPROC 1392, NOFILE 10240, AS infinity
load average:3.36 3.18 4.53

CPU:total 4 (initial active 4) (2 cores per cpu, 2 threads per core) family 6 model 69 stepping 1, cmov, cx8, fxsr, mmx, sse, sse2, sse3, ssse3, sse4.1, sse4.2, popcnt, avx, avx2, aes, clmul, erms, lzcnt, ht, tsc, tscinvbit, bmi1, bmi2

Memory: 4k page, physical 8388608k(44164k free)

/proc/meminfo:


vm_info: Java HotSpot(TM) 64-Bit Server VM (25.211-b12) for bsd-amd64 JRE (1.8.0_211-b12), built on Apr  1 2019 20:53:18 by "java_re" with gcc 4.2.1 (Based on Apple Inc. build 5658) (LLVM build 2336.11.00)

time: Sun Apr 12 13:09:06 2020
timezone: CST
elapsed time: 5 seconds (0d 0h 0m 5s)

