#
# A fatal error has been detected by the Java Runtime Environment:
#
#  SIGSEGV (0xb) at pc=0x0000000114e17260, pid=8020, tid=0x000000000000a807
#
# JRE version: Java(TM) SE Runtime Environment (8.0_211-b12) (build 1.8.0_211-b12)
# Java VM: Java HotSpot(TM) 64-Bit Server VM (25.211-b12 mixed mode bsd-amd64 compressed oops)
# Problematic frame:
# J 27082 C1 java.util.WeakHashMap.transfer([Ljava/util/WeakHashMap$Entry;[Ljava/util/WeakHashMap$Entry;)V (107 bytes) @ 0x0000000114e17260 [0x0000000114e171c0+0xa0]
#
# Failed to write core dump. Core dumps have been disabled. To enable core dumping, try "ulimit -c unlimited" before starting Java again
#
# If you would like to submit a bug report, please visit:
#   http://bugreport.java.com/bugreport/crash.jsp
#

---------------  T H R E A D  ---------------

Current thread (0x00007fbae8179800):  JavaThread "Daemon worker Thread 2" [_thread_in_Java, id=43015, stack(0x000070000c652000,0x000070000c752000)]

siginfo: si_signo: 11 (SIGSEGV), si_code: 1 (SEGV_MAPERR), si_addr: 0x0000000000100024

Registers:
RAX=0x0000000000100000, RBX=0x0000000000100000, RCX=0x00000007a2ba24b8, RDX=0x00000007a29e40d8
RSP=0x000070000c74a460, RBP=0x000070000c74a520, RSI=0x00000007a10409c8, RDI=0x000000000000030b
R8 =0x000000000000ec60, R9 =0x00000007c002f2b0, R10=0x00000000f4571be4, R11=0x0000000107879000
R12=0x0000000000000000, R13=0x00000007c002f2b0, R14=0x000070000c74a550, R15=0x00007fbae8179800
RIP=0x0000000114e17260, EFLAGS=0x0000000000010206, ERR=0x0000000000000004
  TRAPNO=0x000000000000000e

Top of Stack: (sp=0x000070000c74a460)
0x000070000c74a460:   000070000c74a4c0 0000000110de7f98
0x000070000c74a470:   00000007a1d15d40 0000000110de7f64
0x000070000c74a480:   000070000c74a480 000000010ec882d9
0x000070000c74a490:   000070000c74a4d8 000000010ecf9ee8
0x000070000c74a4a0:   000000010f179df0 000000010ec882e8
0x000070000c74a4b0:   000070000c74a520 0000000110dca2bd
0x000070000c74a4c0:   0000000110dca2bd 00000007a2ba24b8
0x000070000c74a4d0:   00000007a29e40d8 00000007a10409c8
0x000070000c74a4e0:   000070000c74a4e0 000000010ec89098
0x000070000c74a4f0:   000070000c74a550 000000010ecf9ee8
0x000070000c74a500:   000000010ee6e828 000000010ec890e0
0x000070000c74a510:   000070000c74a4c8 000070000c74a560
0x000070000c74a520:   00000000f454603d 0000000114ce69a8
0x000070000c74a530:   00000007a2ba24b8 0000000000000400
0x000070000c74a540:   00000007a29e40d8 0000000100000800
0x000070000c74a550:   00000007a10409c8 0000000114ce69a8
0x000070000c74a560:   00000007a2ba2468 00000007a1d174d8
0x000070000c74a570:   0000000718962063 00000007a1d0c548
0x000070000c74a580:   00000007a263c3b0 00000007a1040540
0x000070000c74a590:   00000007a10409c8 0000000113130840
0x000070000c74a5a0:   00000007a1d174d8 0000000718962063
0x000070000c74a5b0:   00000007f44c7876 00000007a2ba2408
0x000070000c74a5c0:   000070000c74ac78 0000000112b1741c
0x000070000c74a5d0:   00000007a25a3118 00000001131d71b4
0x000070000c74a5e0:   000070000c74ac78 0000000112eddd0c
0x000070000c74a5f0:   00000007a1cb8190 0000000760240ee0
0x000070000c74a600:   00000007a1040900 00000007a1d174b8
0x000070000c74a610:   00000007a25a47c8 00000001136ebcd0
0x000070000c74a620:   00000007a1d174d8 0000000112e91c0c
0x000070000c74a630:   00000007a2642e58 00000007a1d174b8
0x000070000c74a640:   00000007a1040758 00000007a102e0d8
0x000070000c74a650:   00000007a10408e0 0000000112bdb6e4 

Instructions: (pc=0x0000000114e17260)
0x0000000114e17240:   00 00 00 00 48 c1 e8 09 49 b8 00 90 87 07 01 00
0x0000000114e17250:   00 00 42 c6 04 00 00 e9 4b 01 00 00 0f 1f 40 00
0x0000000114e17260:   8b 43 24 48 c1 e0 03 44 8b 43 0c 49 c1 e0 03 49
0x0000000114e17270:   83 f8 00 0f 85 3a 00 00 00 c7 43 24 00 00 00 00 

Register to memory mapping:

RAX=0x0000000000100000 is an unknown value
RBX=0x0000000000100000 is an unknown value
RCX=0x00000007a2ba24b8 is an oop
[Ljava.util.WeakHashMap$Entry; 
 - klass: 'java/util/WeakHashMap$Entry'[]
 - length: 2048
RDX=0x00000007a29e40d8 is an oop
[Ljava.util.WeakHashMap$Entry; 
 - klass: 'java/util/WeakHashMap$Entry'[]
 - length: 1024
RSP=0x000070000c74a460 is pointing into the stack for thread: 0x00007fbae8179800
RBP=0x000070000c74a520 is pointing into the stack for thread: 0x00007fbae8179800
RSI=0x00000007a10409c8 is an oop
java.util.WeakHashMap 
 - klass: 'java/util/WeakHashMap'
RDI=0x000000000000030b is an unknown value
R8 =0x000000000000ec60 is an unknown value
R9 =0x00000007c002f2b0 is pointing into metadata
R10=0x00000000f4571be4 is an unknown value
R11=0x0000000107879000 is an unknown value
R12=0x0000000000000000 is an unknown value
R13=0x00000007c002f2b0 is pointing into metadata
R14=0x000070000c74a550 is pointing into the stack for thread: 0x00007fbae8179800
R15=0x00007fbae8179800 is a thread


Stack: [0x000070000c652000,0x000070000c752000],  sp=0x000070000c74a460,  free space=993k
Native frames: (J=compiled Java code, j=interpreted, Vv=VM code, C=native code)
J 27082 C1 java.util.WeakHashMap.transfer([Ljava/util/WeakHashMap$Entry;[Ljava/util/WeakHashMap$Entry;)V (107 bytes) @ 0x0000000114e17260 [0x0000000114e171c0+0xa0]
j  java.util.WeakHashMap.resize(I)V+32
J 26311 C2 java.util.WeakHashMap.put(Ljava/lang/Object;Ljava/lang/Object;)Ljava/lang/Object; (162 bytes) @ 0x0000000114ce69a8 [0x0000000114ce6720+0x288]
J 12168 C1 com.sun.tools.javac.code.Types$ImplementationCache.get(Lcom/sun/tools/javac/code/Symbol$MethodSymbol;Lcom/sun/tools/javac/code/Symbol$TypeSymbol;ZLcom/sun/tools/javac/util/Filter;)Lcom/sun/tools/javac/code/Symbol$MethodSymbol; (159 bytes) @ 0x0000000112b1741c [0x0000000112b17180+0x29c]
J 12166 C1 com.sun.tools.javac.code.Symbol$MethodSymbol.implementation(Lcom/sun/tools/javac/code/Symbol$TypeSymbol;Lcom/sun/tools/javac/code/Types;ZLcom/sun/tools/javac/util/Filter;)Lcom/sun/tools/javac/code/Symbol$MethodSymbol; (57 bytes) @ 0x0000000112b9bb9c [0x0000000112b9bb00+0x9c]
J 12725 C1 com.sun.tools.javac.comp.TransTypes.addBridgeIfNeeded(Lcom/sun/tools/javac/util/JCDiagnostic$DiagnosticPosition;Lcom/sun/tools/javac/code/Symbol;Lcom/sun/tools/javac/code/Symbol$ClassSymbol;Lcom/sun/tools/javac/util/ListBuffer;)V (491 bytes) @ 0x0000000112f9d994 [0x0000000112f9d7a0+0x1f4]
J 17668 C1 com.sun.tools.javac.comp.TransTypes.addBridges(Lcom/sun/tools/javac/util/JCDiagnostic$DiagnosticPosition;Lcom/sun/tools/javac/code/Symbol$TypeSymbol;Lcom/sun/tools/javac/code/Symbol$ClassSymbol;Lcom/sun/tools/javac/util/ListBuffer;)V (88 bytes) @ 0x00000001133f993c [0x00000001133f97c0+0x17c]
J 15588 C1 com.sun.tools.javac.comp.TransTypes.addBridges(Lcom/sun/tools/javac/util/JCDiagnostic$DiagnosticPosition;Lcom/sun/tools/javac/code/Symbol$ClassSymbol;Lcom/sun/tools/javac/util/ListBuffer;)V (100 bytes) @ 0x00000001136a5adc [0x00000001136a59c0+0x11c]
J 15381 C1 com.sun.tools.javac.comp.TransTypes.translateClass(Lcom/sun/tools/javac/code/Symbol$ClassSymbol;)V (413 bytes) @ 0x00000001135a61d4 [0x00000001135a5a80+0x754]
j  com.sun.tools.javac.comp.TransTypes.visitClassDef(Lcom/sun/tools/javac/tree/JCTree$JCClassDecl;)V+5
J 11923 C1 com.sun.tools.javac.tree.JCTree$JCClassDecl.accept(Lcom/sun/tools/javac/tree/JCTree$Visitor;)V (6 bytes) @ 0x0000000112e94eb4 [0x0000000112e94e40+0x74]
J 12268 C1 com.sun.tools.javac.comp.TransTypes.translate(Lcom/sun/tools/javac/tree/JCTree;Lcom/sun/tools/javac/code/Type;)Lcom/sun/tools/javac/tree/JCTree; (35 bytes) @ 0x0000000112b62cbc [0x0000000112b62c00+0xbc]
j  com.sun.tools.javac.comp.TransTypes.translateTopLevelClass(Lcom/sun/tools/javac/tree/JCTree;Lcom/sun/tools/javac/tree/TreeMaker;)Lcom/sun/tools/javac/tree/JCTree;+13
j  com.sun.tools.javac.main.JavaCompiler.desugar(Lcom/sun/tools/javac/comp/Env;Ljava/util/Queue;)V+553
j  com.sun.tools.javac.main.JavaCompiler.desugar(Ljava/util/Queue;)Ljava/util/Queue;+39
j  com.sun.tools.javac.main.JavaCompiler.compile2()V+183
j  com.sun.tools.javac.main.JavaCompiler.compile(Lcom/sun/tools/javac/util/List;Lcom/sun/tools/javac/util/List;Ljava/lang/Iterable;)V+165
j  com.sun.tools.javac.main.Main.compile([Ljava/lang/String;[Ljava/lang/String;Lcom/sun/tools/javac/util/Context;Lcom/sun/tools/javac/util/List;Ljava/lang/Iterable;)Lcom/sun/tools/javac/main/Main$Result;+1299
j  com.sun.tools.javac.api.JavacTaskImpl.doCall()Lcom/sun/tools/javac/main/Main$Result;+59
j  com.sun.tools.javac.api.JavacTaskImpl.call()Ljava/lang/Boolean;+1
j  org.gradle.api.internal.tasks.compile.AnnotationProcessingCompileTask.call()Ljava/lang/Boolean;+30
j  org.gradle.api.internal.tasks.compile.ResourceCleaningCompilationTask.call()Ljava/lang/Boolean;+4
j  org.gradle.api.internal.tasks.compile.JdkJavaCompiler.execute(Lorg/gradle/api/internal/tasks/compile/JavaCompileSpec;)Lorg/gradle/api/tasks/WorkResult;+26
j  org.gradle.api.internal.tasks.compile.JdkJavaCompiler.execute(Lorg/gradle/language/base/internal/compile/CompileSpec;)Lorg/gradle/api/tasks/WorkResult;+5
j  org.gradle.api.internal.tasks.compile.NormalizingJavaCompiler.delegateAndHandleErrors(Lorg/gradle/api/internal/tasks/compile/JavaCompileSpec;)Lorg/gradle/api/tasks/WorkResult;+5
j  org.gradle.api.internal.tasks.compile.NormalizingJavaCompiler.execute(Lorg/gradle/api/internal/tasks/compile/JavaCompileSpec;)Lorg/gradle/api/tasks/WorkResult;+22
j  org.gradle.api.internal.tasks.compile.NormalizingJavaCompiler.execute(Lorg/gradle/language/base/internal/compile/CompileSpec;)Lorg/gradle/api/tasks/WorkResult;+5
j  org.gradle.api.internal.tasks.compile.AnnotationProcessorDiscoveringCompiler.execute(Lorg/gradle/api/internal/tasks/compile/JavaCompileSpec;)Lorg/gradle/api/tasks/WorkResult;+18
j  org.gradle.api.internal.tasks.compile.AnnotationProcessorDiscoveringCompiler.execute(Lorg/gradle/language/base/internal/compile/CompileSpec;)Lorg/gradle/api/tasks/WorkResult;+5
j  org.gradle.api.internal.tasks.compile.incremental.SelectiveCompiler.execute(Lorg/gradle/api/internal/tasks/compile/JavaCompileSpec;)Lorg/gradle/api/tasks/WorkResult;+184
j  org.gradle.api.internal.tasks.compile.incremental.SelectiveCompiler.execute(Lorg/gradle/language/base/internal/compile/CompileSpec;)Lorg/gradle/api/tasks/WorkResult;+5
j  org.gradle.api.internal.tasks.compile.incremental.IncrementalResultStoringCompiler.execute(Lorg/gradle/api/internal/tasks/compile/JavaCompileSpec;)Lorg/gradle/api/tasks/WorkResult;+5
j  org.gradle.api.internal.tasks.compile.incremental.IncrementalResultStoringCompiler.execute(Lorg/gradle/language/base/internal/compile/CompileSpec;)Lorg/gradle/api/tasks/WorkResult;+5
j  org.gradle.api.internal.tasks.compile.CompileJavaBuildOperationReportingCompiler$2.call(Lorg/gradle/internal/operations/BuildOperationContext;)Lorg/gradle/api/tasks/WorkResult;+11
j  org.gradle.api.internal.tasks.compile.CompileJavaBuildOperationReportingCompiler$2.call(Lorg/gradle/internal/operations/BuildOperationContext;)Ljava/lang/Object;+2
J 25025 C2 org.gradle.internal.operations.DefaultBuildOperationExecutor.execute(Lorg/gradle/internal/operations/BuildOperationDescriptor$Builder;Lorg/gradle/internal/operations/DefaultBuildOperationExecutor$BuildOperationState;Lorg/gradle/internal/operations/DefaultBuildOperationExecutor$BuildOperationExecution;)Lorg/gradle/internal/operations/BuildOperation; (111 bytes) @ 0x0000000114abbc18 [0x0000000114aba960+0x12b8]
J 4803 C1 org.gradle.internal.operations.DefaultBuildOperationExecutor.call(Lorg/gradle/internal/operations/CallableBuildOperation;)Ljava/lang/Object; (38 bytes) @ 0x0000000111d0423c [0x0000000111d03b20+0x71c]
J 4802 C1 org.gradle.internal.operations.DelegatingBuildOperationExecutor.call(Lorg/gradle/internal/operations/CallableBuildOperation;)Ljava/lang/Object; (11 bytes) @ 0x0000000111d0810c [0x0000000111d08000+0x10c]
j  org.gradle.api.internal.tasks.compile.CompileJavaBuildOperationReportingCompiler.execute(Lorg/gradle/api/internal/tasks/compile/JavaCompileSpec;)Lorg/gradle/api/tasks/WorkResult;+13
j  org.gradle.api.tasks.compile.JavaCompile.performCompilation(Lorg/gradle/api/internal/tasks/compile/JavaCompileSpec;Lorg/gradle/language/base/internal/compile/Compiler;)V+24
j  org.gradle.api.tasks.compile.JavaCompile.compile(Lorg/gradle/api/tasks/incremental/IncrementalTaskInputs;)V+82
v  ~StubRoutines::call_stub
V  [libjvm.dylib+0x2f0d1e]  JavaCalls::call_helper(JavaValue*, methodHandle*, JavaCallArguments*, Thread*)+0x6ae
V  [libjvm.dylib+0x4d7790]  Reflection::invoke(instanceKlassHandle, methodHandle, Handle, bool, objArrayHandle, BasicType, objArrayHandle, bool, Thread*)+0xe12
V  [libjvm.dylib+0x4d7cc4]  Reflection::invoke_method(oopDesc*, Handle, objArrayHandle, Thread*)+0x16c
V  [libjvm.dylib+0x34926c]  JVM_InvokeMethod+0x166
J 1516  sun.reflect.NativeMethodAccessorImpl.invoke0(Ljava/lang/reflect/Method;Ljava/lang/Object;[Ljava/lang/Object;)Ljava/lang/Object; (0 bytes) @ 0x00000001112c1c6d [0x00000001112c1b80+0xed]
J 1515 C1 sun.reflect.NativeMethodAccessorImpl.invoke(Ljava/lang/Object;[Ljava/lang/Object;)Ljava/lang/Object; (104 bytes) @ 0x00000001112c3214 [0x00000001112c2040+0x11d4]
J 8979 C2 java.lang.reflect.Method.invoke(Ljava/lang/Object;[Ljava/lang/Object;)Ljava/lang/Object; (62 bytes) @ 0x0000000110fcc688 [0x0000000110fcc600+0x88]
J 1990 C1 org.gradle.internal.reflect.JavaMethod.invoke(Ljava/lang/Object;[Ljava/lang/Object;)Ljava/lang/Object; (74 bytes) @ 0x000000011151d67c [0x000000011151d560+0x11c]
j  org.gradle.api.internal.project.taskfactory.IncrementalTaskInputsTaskAction.doExecute(Lorg/gradle/api/Task;Ljava/lang/String;)V+65
j  org.gradle.api.internal.project.taskfactory.StandardTaskAction.execute(Lorg/gradle/api/Task;)V+32
j  org.gradle.api.internal.project.taskfactory.AbstractIncrementalTaskAction.execute(Lorg/gradle/api/Task;)V+2
j  org.gradle.api.internal.project.taskfactory.StandardTaskAction.execute(Ljava/lang/Object;)V+5
j  org.gradle.api.internal.tasks.execution.ExecuteActionsTaskExecuter$5.run(Lorg/gradle/internal/operations/BuildOperationContext;)V+23
J 25025 C2 org.gradle.internal.operations.DefaultBuildOperationExecutor.execute(Lorg/gradle/internal/operations/BuildOperationDescriptor$Builder;Lorg/gradle/internal/operations/DefaultBuildOperationExecutor$BuildOperationState;Lorg/gradle/internal/operations/DefaultBuildOperationExecutor$BuildOperationExecution;)Lorg/gradle/internal/operations/BuildOperation; (111 bytes) @ 0x0000000114abbbc4 [0x0000000114aba960+0x1264]
J 4666 C1 org.gradle.internal.operations.DefaultBuildOperationExecutor.run(Lorg/gradle/internal/operations/RunnableBuildOperation;)V (28 bytes) @ 0x0000000111c9684c [0x0000000111c96240+0x60c]
J 6511 C1 org.gradle.internal.operations.DelegatingBuildOperationExecutor.run(Lorg/gradle/internal/operations/RunnableBuildOperation;)V (11 bytes) @ 0x000000011211eccc [0x000000011211ebc0+0x10c]
j  org.gradle.api.internal.tasks.execution.ExecuteActionsTaskExecuter.executeAction(Ljava/lang/String;Lorg/gradle/api/internal/TaskInternal;Lorg/gradle/api/internal/tasks/InputChangesAwareTaskAction;Lorg/gradle/internal/execution/history/changes/InputChangesInternal;Z)V+30
j  org.gradle.api.internal.tasks.execution.ExecuteActionsTaskExecuter.executeActions(Lorg/gradle/api/internal/TaskInternal;Lorg/gradle/internal/execution/history/changes/InputChangesInternal;)V+131
j  org.gradle.api.internal.tasks.execution.ExecuteActionsTaskExecuter.access$200(Lorg/gradle/api/internal/tasks/execution/ExecuteActionsTaskExecuter;Lorg/gradle/api/internal/TaskInternal;Lorg/gradle/internal/execution/history/changes/InputChangesInternal;)V+3
j  org.gradle.api.internal.tasks.execution.ExecuteActionsTaskExecuter$TaskExecution.execute(Lorg/gradle/internal/execution/history/changes/InputChangesInternal;)Lorg/gradle/internal/execution/UnitOfWork$WorkResult;+52
j  org.gradle.internal.execution.steps.ExecuteStep.lambda$execute$0(Lorg/gradle/internal/execution/UnitOfWork;Lorg/gradle/internal/execution/history/changes/InputChangesInternal;)Lorg/gradle/internal/execution/ExecutionOutcome;+3
j  org.gradle.internal.execution.steps.ExecuteStep$$Lambda$465.apply(Ljava/lang/Object;)Ljava/lang/Object;+12
J 8440 C1 java.util.Optional.map(Ljava/util/function/Function;)Ljava/util/Optional; (30 bytes) @ 0x00000001125d5104 [0x00000001125d5060+0xa4]
j  org.gradle.internal.execution.steps.ExecuteStep.execute(Lorg/gradle/internal/execution/InputChangesContext;)Lorg/gradle/internal/execution/Result;+20
j  org.gradle.internal.execution.steps.ExecuteStep.execute(Lorg/gradle/internal/execution/Context;)Lorg/gradle/internal/execution/Result;+5
j  org.gradle.internal.execution.steps.CleanupOutputsStep.execute(Lorg/gradle/internal/execution/InputChangesContext;)Lorg/gradle/internal/execution/Result;+76
j  org.gradle.internal.execution.steps.CleanupOutputsStep.execute(Lorg/gradle/internal/execution/Context;)Lorg/gradle/internal/execution/Result;+5
j  org.gradle.internal.execution.steps.ResolveInputChangesStep.execute(Lorg/gradle/internal/execution/IncrementalChangesContext;)Lorg/gradle/internal/execution/Result;+50
j  org.gradle.internal.execution.steps.ResolveInputChangesStep.execute(Lorg/gradle/internal/execution/Context;)Lorg/gradle/internal/execution/Result;+5
j  org.gradle.internal.execution.steps.CancelExecutionStep.execute(Lorg/gradle/internal/execution/Context;)Lorg/gradle/internal/execution/Result;+5
j  org.gradle.internal.execution.steps.TimeoutStep.executeWithoutTimeout(Lorg/gradle/internal/execution/Context;)Lorg/gradle/internal/execution/Result;+5
j  org.gradle.internal.execution.steps.TimeoutStep.execute(Lorg/gradle/internal/execution/Context;)Lorg/gradle/internal/execution/Result;+97
j  org.gradle.internal.execution.steps.CatchExceptionStep.execute(Lorg/gradle/internal/execution/Context;)Lorg/gradle/internal/execution/Result;+5
j  org.gradle.internal.execution.steps.CreateOutputsStep.execute(Lorg/gradle/internal/execution/Context;)Lorg/gradle/internal/execution/Result;+24
j  org.gradle.internal.execution.steps.SnapshotOutputsStep.execute(Lorg/gradle/internal/execution/Context;)Lorg/gradle/internal/execution/CurrentSnapshotResult;+5
j  org.gradle.internal.execution.steps.SnapshotOutputsStep.execute(Lorg/gradle/internal/execution/Context;)Lorg/gradle/internal/execution/Result;+2
j  org.gradle.internal.execution.steps.CacheStep.executeWithoutCache(Lorg/gradle/internal/execution/IncrementalChangesContext;)Lorg/gradle/internal/execution/CurrentSnapshotResult;+5
j  org.gradle.internal.execution.steps.CacheStep.execute(Lorg/gradle/internal/execution/IncrementalChangesContext;)Lorg/gradle/internal/execution/CurrentSnapshotResult;+41
j  org.gradle.internal.execution.steps.CacheStep.execute(Lorg/gradle/internal/execution/Context;)Lorg/gradle/internal/execution/Result;+5
j  org.gradle.internal.execution.steps.BroadcastChangingOutputsStep.execute(Lorg/gradle/internal/execution/Context;)Lorg/gradle/internal/execution/Result;+45
j  org.gradle.internal.execution.steps.StoreSnapshotsStep.execute(Lorg/gradle/internal/execution/BeforeExecutionContext;)Lorg/gradle/internal/execution/CurrentSnapshotResult;+5
j  org.gradle.internal.execution.steps.StoreSnapshotsStep.execute(Lorg/gradle/internal/execution/Context;)Lorg/gradle/internal/execution/Result;+5
j  org.gradle.internal.execution.steps.RecordOutputsStep.execute(Lorg/gradle/internal/execution/Context;)Lorg/gradle/internal/execution/CurrentSnapshotResult;+5
j  org.gradle.internal.execution.steps.RecordOutputsStep.execute(Lorg/gradle/internal/execution/Context;)Lorg/gradle/internal/execution/Result;+2
j  org.gradle.internal.execution.steps.SkipUpToDateStep.executeBecause(Lcom/google/common/collect/ImmutableList;Lorg/gradle/internal/execution/IncrementalChangesContext;)Lorg/gradle/internal/execution/UpToDateResult;+16
J 22477 C1 org.gradle.internal.execution.steps.SkipUpToDateStep.lambda$execute$0(Lorg/gradle/internal/execution/IncrementalChangesContext;Lorg/gradle/internal/execution/history/changes/ExecutionStateChanges;)Lorg/gradle/internal/execution/UpToDateResult; (78 bytes) @ 0x000000011451de0c [0x000000011451d9c0+0x44c]
J 22531 C1 org.gradle.internal.execution.steps.SkipUpToDateStep.execute(Lorg/gradle/internal/execution/IncrementalChangesContext;)Lorg/gradle/internal/execution/UpToDateResult; (62 bytes) @ 0x000000011209d184 [0x000000011209ccc0+0x4c4]
J 15875 C1 org.gradle.internal.execution.steps.SkipUpToDateStep.execute(Lorg/gradle/internal/execution/Context;)Lorg/gradle/internal/execution/Result; (9 bytes) @ 0x000000011378c324 [0x000000011378c280+0xa4]
J 15031 C1 org.gradle.internal.execution.steps.ResolveChangesStep.execute(Lorg/gradle/internal/execution/CachingContext;)Lorg/gradle/internal/execution/Result; (70 bytes) @ 0x000000011347f92c [0x000000011347f3e0+0x54c]
J 15040 C1 org.gradle.internal.execution.steps.ResolveChangesStep.execute(Lorg/gradle/internal/execution/Context;)Lorg/gradle/internal/execution/Result; (9 bytes) @ 0x0000000113485164 [0x00000001134850c0+0xa4]
J 15090 C1 org.gradle.internal.execution.steps.legacy.MarkSnapshottingInputsFinishedStep.execute(Lorg/gradle/internal/execution/Context;)Lorg/gradle/internal/execution/Result; (9 bytes) @ 0x00000001134b44b4 [0x00000001134b43a0+0x114]
J 15018 C1 org.gradle.internal.execution.steps.ResolveCachingStateStep.execute(Lorg/gradle/internal/execution/BeforeExecutionContext;)Lorg/gradle/internal/execution/CachingResult; (143 bytes) @ 0x000000011347a464 [0x0000000113479f40+0x524]
J 15029 C1 org.gradle.internal.execution.steps.ResolveCachingStateStep.execute(Lorg/gradle/internal/execution/Context;)Lorg/gradle/internal/execution/Result; (9 bytes) @ 0x000000011347e5a4 [0x000000011347e500+0xa4]
J 13656 C1 org.gradle.internal.execution.steps.CaptureStateBeforeExecutionStep.execute(Lorg/gradle/internal/execution/AfterPreviousExecutionContext;)Lorg/gradle/internal/execution/CachingResult; (47 bytes) @ 0x000000011167dacc [0x000000011167d960+0x16c]
J 15012 C1 org.gradle.internal.execution.steps.CaptureStateBeforeExecutionStep.execute(Lorg/gradle/internal/execution/Context;)Lorg/gradle/internal/execution/Result; (9 bytes) @ 0x00000001134733e4 [0x0000000113473340+0xa4]
J 13655 C1 org.gradle.internal.execution.impl.DefaultWorkExecutor.execute(Lorg/gradle/internal/execution/Context;)Lorg/gradle/internal/execution/Result; (11 bytes) @ 0x000000011167df74 [0x000000011167df00+0x74]
j  org.gradle.api.internal.tasks.execution.ExecuteActionsTaskExecuter.execute(Lorg/gradle/api/internal/TaskInternal;Lorg/gradle/api/internal/tasks/TaskStateInternal;Lorg/gradle/api/internal/tasks/TaskExecutionContext;)Lorg/gradle/api/internal/tasks/TaskExecuterResult;+39
j  org.gradle.api.internal.tasks.execution.ValidatingTaskExecuter.execute(Lorg/gradle/api/internal/TaskInternal;Lorg/gradle/api/internal/tasks/TaskStateInternal;Lorg/gradle/api/internal/tasks/TaskExecutionContext;)Lorg/gradle/api/internal/tasks/TaskExecuterResult;+100
...<more frames>...


---------------  P R O C E S S  ---------------

Java Threads: ( => current thread )
  0x00007fbae89a1800 JavaThread "stdout" daemon [_thread_in_native, id=31747, stack(0x000070000edc7000,0x000070000eec7000)]
  0x00007fbaeb0fe000 JavaThread "stderr" daemon [_thread_in_native, id=32775, stack(0x000070000ecc4000,0x000070000edc4000)]
  0x00007fbae865d000 JavaThread "stdout" daemon [_thread_in_native, id=29203, stack(0x000070000ebc1000,0x000070000ecc1000)]
  0x00007fbae865c000 JavaThread "stderr" daemon [_thread_in_native, id=35855, stack(0x000070000eabe000,0x000070000ebbe000)]
  0x00007fbaec75c800 JavaThread "process reaper" daemon [_thread_in_native, id=42247, stack(0x000070000b97e000,0x000070000b9a6000)]
  0x00007fbaeca7c800 JavaThread "stdout" daemon [_thread_in_native, id=37383, stack(0x000070000e9bb000,0x000070000eabb000)]
  0x00007fbaecc0b000 JavaThread "process reaper" daemon [_thread_in_native, id=27143, stack(0x000070000b953000,0x000070000b97b000)]
  0x00007fbaeb30a800 JavaThread "stderr" daemon [_thread_in_native, id=37639, stack(0x000070000e8b8000,0x000070000e9b8000)]
  0x00007fbaf069c000 JavaThread "process reaper" daemon [_thread_in_native, id=35335, stack(0x000070000b928000,0x000070000b950000)]
  0x00007fbaea09f800 JavaThread "pool-5-thread-1" [_thread_blocked, id=34567, stack(0x000070000e7b5000,0x000070000e8b5000)]
  0x00007fbae8d14800 JavaThread "ForkJoinPool-3-worker-3" daemon [_thread_blocked, id=34055, stack(0x000070000e6b2000,0x000070000e7b2000)]
  0x00007fbaf069b000 JavaThread "ForkJoinPool-3-worker-2" daemon [_thread_blocked, id=38151, stack(0x000070000e5af000,0x000070000e6af000)]
  0x00007fbaf069a800 JavaThread "ForkJoinPool-3-worker-1" daemon [_thread_blocked, id=26375, stack(0x000070000e4ac000,0x000070000e5ac000)]
  0x00007fbaea70d000 JavaThread "WorkerExecutor Queue Thread 4" [_thread_blocked, id=36871, stack(0x000070000e3a9000,0x000070000e4a9000)]
  0x00007fbaec410000 JavaThread "WorkerExecutor Queue Thread 3" [_thread_blocked, id=28167, stack(0x000070000e2a6000,0x000070000e3a6000)]
  0x00007fbae708c000 JavaThread "WorkerExecutor Queue Thread 2" [_thread_blocked, id=23559, stack(0x000070000e1a3000,0x000070000e2a3000)]
  0x00007fbae8620000 JavaThread "WorkerExecutor Queue" [_thread_blocked, id=23815, stack(0x000070000e0a0000,0x000070000e1a0000)]
  0x00007fbaea52e800 JavaThread "Cache worker for Java compile cache (/Users/lantianbao/AndroidStudioProjects/fenggtaii/lt_smart_pasture/.gradle/5.6.4/javaCompile)" [_thread_blocked, id=40711, stack(0x000070000df9d000,0x000070000e09d000)]
  0x00007fbae841b000 JavaThread "Cache worker for execution history cache (/Users/lantianbao/AndroidStudioProjects/fenggtaii/lt_smart_pasture/.gradle/5.6.4/executionHistory)" [_thread_blocked, id=35599, stack(0x000070000dd97000,0x000070000de97000)]
  0x00007fbaf01c7800 JavaThread "Execution worker for ':' Thread 3" [_thread_blocked, id=33799, stack(0x000070000dc94000,0x000070000dd94000)]
  0x00007fbaf01c9000 JavaThread "Execution worker for ':' Thread 2" [_thread_blocked, id=29959, stack(0x000070000db91000,0x000070000dc91000)]
  0x00007fbaecbb4000 JavaThread "Execution worker for ':'" [_thread_blocked, id=28427, stack(0x000070000da8e000,0x000070000db8e000)]
  0x00007fbaec77a800 JavaThread "Cache worker for file content cache (/Users/lantianbao/AndroidStudioProjects/fenggtaii/lt_smart_pasture/.gradle/5.6.4/fileContent)" [_thread_blocked, id=25095, stack(0x000070000d98b000,0x000070000da8b000)]
  0x00007fbaf05c6000 JavaThread "Cache worker for Build Output Cleanup Cache (/Users/lantianbao/AndroidStudioProjects/fenggtaii/lt_smart_pasture/.gradle/buildOutputCleanup)" [_thread_blocked, id=24583, stack(0x000070000d682000,0x000070000d782000)]
  0x00007fbae8845000 JavaThread "pool-4-thread-1" [_thread_blocked, id=39943, stack(0x000070000d57f000,0x000070000d67f000)]
  0x00007fbaebc7b800 JavaThread "Build operations Thread 4" [_thread_blocked, id=25607, stack(0x000070000d47c000,0x000070000d57c000)]
  0x00007fbaea4b4800 JavaThread "Build operations Thread 3" [_thread_blocked, id=41735, stack(0x000070000d379000,0x000070000d479000)]
  0x00007fbaf05c5000 JavaThread "Build operations Thread 2" [_thread_blocked, id=42759, stack(0x000070000d276000,0x000070000d376000)]
  0x00007fbaf05c4000 JavaThread "Build operations" [_thread_blocked, id=43271, stack(0x000070000d173000,0x000070000d273000)]
  0x00007fbae8666800 JavaThread "Cache worker for cache directory md-rule (/Users/lantianbao/.gradle/caches/5.6.4/md-rule)" [_thread_blocked, id=16391, stack(0x000070000cf6d000,0x000070000d06d000)]
  0x00007fbaea601000 JavaThread "Cache worker for cache directory md-supplier (/Users/lantianbao/.gradle/caches/5.6.4/md-supplier)" [_thread_blocked, id=39431, stack(0x000070000ce6a000,0x000070000cf6a000)]
  0x00007fbae86a9800 JavaThread "Cache worker for file hash cache (/Users/lantianbao/AndroidStudioProjects/fenggtaii/lt_smart_pasture/.gradle/5.6.4/fileHashes)" [_thread_blocked, id=30987, stack(0x000070000cd67000,0x000070000ce67000)]
  0x00007fbae8840000 JavaThread "Thread-46" [_thread_blocked, id=33287, stack(0x000070000c95b000,0x000070000ca5b000)]
  0x00007fbaeb97c800 JavaThread "Stdin handler" [_thread_blocked, id=33039, stack(0x000070000c858000,0x000070000c958000)]
  0x00007fbaecff6800 JavaThread "Asynchronous log dispatcher for DefaultDaemonConnection: socket connection from /127.0.0.1:63808 to /127.0.0.1:64383" [_thread_blocked, id=34823, stack(0x000070000c755000,0x000070000c855000)]
=>0x00007fbae8179800 JavaThread "Daemon worker Thread 2" [_thread_in_Java, id=43015, stack(0x000070000c652000,0x000070000c752000)]
  0x00007fbae883e000 JavaThread "Cancel handler" [_thread_blocked, id=16647, stack(0x000070000c54f000,0x000070000c64f000)]
  0x00007fbae883e800 JavaThread "Handler for socket connection from /127.0.0.1:63808 to /127.0.0.1:64383" [_thread_in_native, id=19975, stack(0x000070000c44c000,0x000070000c54c000)]
  0x00007fbaebdf9000 JavaThread "Daemon Thread 2" [_thread_blocked, id=20751, stack(0x000070000c349000,0x000070000c449000)]
  0x00007fbae9614800 JavaThread "Cache worker for Java compile cache (/Users/lantianbao/.gradle/caches/5.6.4/javaCompile)" [_thread_blocked, id=27651, stack(0x000070000de9a000,0x000070000df9a000)]
  0x00007fbaec06b000 JavaThread "Cache worker for file content cache (/Users/lantianbao/.gradle/caches/5.6.4/fileContent)" [_thread_blocked, id=26627, stack(0x000070000d888000,0x000070000d988000)]
  0x00007fbaec060000 JavaThread "Memory manager" [_thread_blocked, id=39171, stack(0x000070000d785000,0x000070000d885000)]
  0x00007fbaeb574000 JavaThread "Cache worker for execution history cache (/Users/lantianbao/.gradle/caches/5.6.4/executionHistory)" [_thread_blocked, id=24067, stack(0x000070000d070000,0x000070000d170000)]
  0x00007fbae7218000 JavaThread "Cache worker for journal cache (/Users/lantianbao/.gradle/caches/journal-1)" [_thread_blocked, id=23043, stack(0x000070000cc64000,0x000070000cd64000)]
  0x00007fbae7319000 JavaThread "File lock request listener" [_thread_in_native, id=41475, stack(0x000070000cb61000,0x000070000cc61000)]
  0x00007fbae8557800 JavaThread "Cache worker for file hash cache (/Users/lantianbao/.gradle/caches/5.6.4/fileHashes)" [_thread_blocked, id=22531, stack(0x000070000ca5e000,0x000070000cb5e000)]
  0x00007fbae8cc0800 JavaThread "Daemon periodic checks" [_thread_blocked, id=15619, stack(0x000070000c246000,0x000070000c346000)]
  0x00007fbae90ac800 JavaThread "Incoming local TCP Connector on port 63808" [_thread_in_native, id=15363, stack(0x000070000c143000,0x000070000c243000)]
  0x00007fbae8526800 JavaThread "Daemon health stats" [_thread_blocked, id=15107, stack(0x000070000c040000,0x000070000c140000)]
  0x00007fbae804c000 JavaThread "Service Thread" daemon [_thread_blocked, id=14339, stack(0x000070000be3a000,0x000070000bf3a000)]
  0x00007fbae8031800 JavaThread "C1 CompilerThread2" daemon [_thread_blocked, id=18179, stack(0x000070000bd37000,0x000070000be37000)]
  0x00007fbae8030800 JavaThread "C2 CompilerThread1" daemon [_thread_in_vm, id=14083, stack(0x000070000bc34000,0x000070000bd34000)]
  0x00007fbae802f000 JavaThread "C2 CompilerThread0" daemon [_thread_in_native, id=18947, stack(0x000070000bb31000,0x000070000bc31000)]
  0x00007fbae802e000 JavaThread "Signal Dispatcher" daemon [_thread_blocked, id=19203, stack(0x000070000ba2e000,0x000070000bb2e000)]
  0x00007fbae8808800 JavaThread "Finalizer" daemon [_thread_blocked, id=11523, stack(0x000070000b825000,0x000070000b925000)]
  0x00007fbae8807800 JavaThread "Reference Handler" daemon [_thread_blocked, id=11267, stack(0x000070000b722000,0x000070000b822000)]
  0x00007fbae7801000 JavaThread "main" [_thread_blocked, id=3331, stack(0x000070000b110000,0x000070000b210000)]

Other Threads:
  0x00007fbae702f800 VMThread [stack: 0x000070000b61f000,0x000070000b71f000] [id=21251]
  0x00007fbae7847000 WatcherThread [stack: 0x000070000bf3d000,0x000070000c03d000] [id=17667]

VM state:not at safepoint (normal execution)

VM Mutex/Monitor currently owned by a thread: None

heap address: 0x0000000760000000, size: 1536 MB, Compressed Oops mode: Zero based, Oop shift amount: 3
Narrow klass base: 0x0000000000000000, Narrow klass shift: 3
Compressed class space size: 1073741824 Address: 0x00000007c0000000

Heap:
 PSYoungGen      total 403456K, used 61737K [0x00000007a0000000, 0x00000007bf980000, 0x00000007c0000000)
  eden space 299008K, 15% used [0x00000007a0000000,0x00000007a2c56638,0x00000007b2400000)
  from space 104448K, 15% used [0x00000007b2400000,0x00000007b33f3fd0,0x00000007b8a00000)
  to   space 103936K, 0% used [0x00000007b9400000,0x00000007b9400000,0x00000007bf980000)
 ParOldGen       total 469504K, used 321963K [0x0000000760000000, 0x000000077ca80000, 0x00000007a0000000)
  object space 469504K, 68% used [0x0000000760000000,0x0000000773a6af20,0x000000077ca80000)
 Metaspace       used 110255K, capacity 116330K, committed 116480K, reserved 1150976K
  class space    used 13826K, capacity 15039K, committed 15104K, reserved 1048576K

Card table byte_map: [0x000000010b379000,0x000000010b67a000] byte_map_base: 0x0000000107879000

Marking Bits: (ParMarkBitMap*) 0x000000010a8fbe40
 Begin Bits: [0x000000010b87a000, 0x000000010d07a000)
 End Bits:   [0x000000010d07a000, 0x000000010e87a000)

Polling page: 0x000000010976a000

CodeCache: size=245760Kb used=65685Kb max_used=65701Kb free=180074Kb
 bounds [0x0000000110dc2000, 0x0000000114e42000, 0x000000011fdc2000]
 total_blobs=22471 nmethods=21512 adapters=868
 compilation: enabled

Compilation events (10 events):
Event: 5412.533 Thread 0x00007fbae8031800 27083       2       com.sun.tools.javac.code.Types$11::visitClassType (73 bytes)
Event: 5412.534 Thread 0x00007fbae8031800 nmethod 27083 0x0000000114e247d0 code [0x0000000114e249a0, 0x0000000114e24db8]
Event: 5412.536 Thread 0x00007fbae8031800 27085       2       com.sun.tools.javac.comp.Infer$InferenceContext::free (39 bytes)
Event: 5412.537 Thread 0x00007fbae8031800 nmethod 27085 0x0000000114e25010 code [0x0000000114e251a0, 0x0000000114e254e8]
Event: 5412.537 Thread 0x00007fbae8031800 27084       2       com.sun.tools.javac.comp.Infer$InferenceStep$5::accepts (35 bytes)
Event: 5412.537 Thread 0x00007fbae8031800 nmethod 27084 0x0000000114e256d0 code [0x0000000114e25860, 0x0000000114e25b68]
Event: 5412.539 Thread 0x00007fbae802f000 nmethod 27054 0x0000000114e25d10 code [0x0000000114e262e0, 0x0000000114e29058]
Event: 5412.540 Thread 0x00007fbae8031800 27086 %     3       com.sun.tools.javac.comp.Resolve$AbstractMethodCheck::argumentsAcceptable @ 80 (288 bytes)
Event: 5412.542 Thread 0x00007fbae8031800 nmethod 27086% 0x0000000114e217d0 code [0x0000000114e21ac0, 0x0000000114e23a18]
Event: 5412.543 Thread 0x00007fbae802f000 27073 %     4       java.util.Collections::indexedBinarySearch @ 11 (83 bytes)

GC Heap History (10 events):
Event: 58.573 GC heap before
{Heap before GC invocations=30 (full 5):
 PSYoungGen      total 418304K, used 357996K [0x00000007a0000000, 0x00000007c0000000, 0x00000007c0000000)
  eden space 308736K, 100% used [0x00000007a0000000,0x00000007b2d80000,0x00000007b2d80000)
  from space 109568K, 44% used [0x00000007b9500000,0x00000007bc51b260,0x00000007c0000000)
  to   space 105984K, 0% used [0x00000007b2d80000,0x00000007b2d80000,0x00000007b9500000)
 ParOldGen       total 469504K, used 246039K [0x0000000760000000, 0x000000077ca80000, 0x00000007a0000000)
  object space 469504K, 52% used [0x0000000760000000,0x000000076f045d28,0x000000077ca80000)
 Metaspace       used 102959K, capacity 108098K, committed 108544K, reserved 1142784K
  class space    used 13134K, capacity 14177K, committed 14336K, reserved 1048576K
Event: 58.804 GC heap after
Heap after GC invocations=30 (full 5):
 PSYoungGen      total 408576K, used 99489K [0x00000007a0000000, 0x00000007c0000000, 0x00000007c0000000)
  eden space 308736K, 0% used [0x00000007a0000000,0x00000007a0000000,0x00000007b2d80000)
  from space 99840K, 99% used [0x00000007b2d80000,0x00000007b8ea8588,0x00000007b8f00000)
  to   space 115712K, 0% used [0x00000007b8f00000,0x00000007b8f00000,0x00000007c0000000)
 ParOldGen       total 469504K, used 275481K [0x0000000760000000, 0x000000077ca80000, 0x00000007a0000000)
  object space 469504K, 58% used [0x0000000760000000,0x0000000770d06670,0x000000077ca80000)
 Metaspace       used 102959K, capacity 108098K, committed 108544K, reserved 1142784K
  class space    used 13134K, capacity 14177K, committed 14336K, reserved 1048576K
}
Event: 61.386 GC heap before
{Heap before GC invocations=31 (full 5):
 PSYoungGen      total 408576K, used 407174K [0x00000007a0000000, 0x00000007c0000000, 0x00000007c0000000)
  eden space 308736K, 99% used [0x00000007a0000000,0x00000007b2c79598,0x00000007b2d80000)
  from space 99840K, 99% used [0x00000007b2d80000,0x00000007b8ea8588,0x00000007b8f00000)
  to   space 115712K, 0% used [0x00000007b8f00000,0x00000007b8f00000,0x00000007c0000000)
 ParOldGen       total 469504K, used 277218K [0x0000000760000000, 0x000000077ca80000, 0x00000007a0000000)
  object space 469504K, 59% used [0x0000000760000000,0x0000000770eb8968,0x000000077ca80000)
 Metaspace       used 103916K, capacity 109238K, committed 109440K, reserved 1144832K
  class space    used 13266K, capacity 14359K, committed 14464K, reserved 1048576K
Event: 61.438 GC heap after
Heap after GC invocations=31 (full 5):
 PSYoungGen      total 409088K, used 37254K [0x00000007a0000000, 0x00000007c0000000, 0x00000007c0000000)
  eden space 293376K, 0% used [0x00000007a0000000,0x00000007a0000000,0x00000007b1e80000)
  from space 115712K, 32% used [0x00000007b8f00000,0x00000007bb3619e8,0x00000007c0000000)
  to   space 115200K, 0% used [0x00000007b1e80000,0x00000007b1e80000,0x00000007b8f00000)
 ParOldGen       total 469504K, used 291081K [0x0000000760000000, 0x000000077ca80000, 0x00000007a0000000)
  object space 469504K, 61% used [0x0000000760000000,0x0000000771c42448,0x000000077ca80000)
 Metaspace       used 103916K, capacity 109238K, committed 109440K, reserved 1144832K
  class space    used 13266K, capacity 14359K, committed 14464K, reserved 1048576K
}
Event: 5407.603 GC heap before
{Heap before GC invocations=32 (full 5):
 PSYoungGen      total 409088K, used 330630K [0x00000007a0000000, 0x00000007c0000000, 0x00000007c0000000)
  eden space 293376K, 100% used [0x00000007a0000000,0x00000007b1e80000,0x00000007b1e80000)
  from space 115712K, 32% used [0x00000007b8f00000,0x00000007bb3619e8,0x00000007c0000000)
  to   space 115200K, 0% used [0x00000007b1e80000,0x00000007b1e80000,0x00000007b8f00000)
 ParOldGen       total 469504K, used 291082K [0x0000000760000000, 0x000000077ca80000, 0x00000007a0000000)
  object space 469504K, 61% used [0x0000000760000000,0x0000000771c42b98,0x000000077ca80000)
 Metaspace       used 108863K, capacity 114760K, committed 115072K, reserved 1148928K
  class space    used 13685K, capacity 14852K, committed 14976K, reserved 1048576K
Event: 5407.874 GC heap after
Heap after GC invocations=32 (full 5):
 PSYoungGen      total 344064K, used 50482K [0x00000007a0000000, 0x00000007bf580000, 0x00000007c0000000)
  eden space 293376K, 0% used [0x00000007a0000000,0x00000007a0000000,0x00000007b1e80000)
  from space 50688K, 99% used [0x00000007b1e80000,0x00000007b4fccb28,0x00000007b5000000)
  to   space 110080K, 0% used [0x00000007b8a00000,0x00000007b8a00000,0x00000007bf580000)
 ParOldGen       total 469504K, used 295328K [0x0000000760000000, 0x000000077ca80000, 0x00000007a0000000)
  object space 469504K, 62% used [0x0000000760000000,0x00000007720680f0,0x000000077ca80000)
 Metaspace       used 108863K, capacity 114760K, committed 115072K, reserved 1148928K
  class space    used 13685K, capacity 14852K, committed 14976K, reserved 1048576K
}
Event: 5409.310 GC heap before
{Heap before GC invocations=33 (full 5):
 PSYoungGen      total 344064K, used 343858K [0x00000007a0000000, 0x00000007bf580000, 0x00000007c0000000)
  eden space 293376K, 100% used [0x00000007a0000000,0x00000007b1e80000,0x00000007b1e80000)
  from space 50688K, 99% used [0x00000007b1e80000,0x00000007b4fccb28,0x00000007b5000000)
  to   space 110080K, 0% used [0x00000007b8a00000,0x00000007b8a00000,0x00000007bf580000)
 ParOldGen       total 469504K, used 295328K [0x0000000760000000, 0x000000077ca80000, 0x00000007a0000000)
  object space 469504K, 62% used [0x0000000760000000,0x00000007720680f0,0x000000077ca80000)
 Metaspace       used 108935K, capacity 114824K, committed 115072K, reserved 1148928K
  class space    used 13685K, capacity 14852K, committed 14976K, reserved 1048576K
Event: 5409.430 GC heap after
Heap after GC invocations=33 (full 5):
 PSYoungGen      total 409088K, used 41848K [0x00000007a0000000, 0x00000007c0000000, 0x00000007c0000000)
  eden space 299008K, 0% used [0x00000007a0000000,0x00000007a0000000,0x00000007b2400000)
  from space 110080K, 38% used [0x00000007b8a00000,0x00000007bb2de3c8,0x00000007bf580000)
  to   space 104448K, 0% used [0x00000007b2400000,0x00000007b2400000,0x00000007b8a00000)
 ParOldGen       total 469504K, used 295336K [0x0000000760000000, 0x000000077ca80000, 0x00000007a0000000)
  object space 469504K, 62% used [0x0000000760000000,0x000000077206a0f0,0x000000077ca80000)
 Metaspace       used 108935K, capacity 114824K, committed 115072K, reserved 1148928K
  class space    used 13685K, capacity 14852K, committed 14976K, reserved 1048576K
}
Event: 5411.992 GC heap before
{Heap before GC invocations=34 (full 5):
 PSYoungGen      total 409088K, used 340856K [0x00000007a0000000, 0x00000007c0000000, 0x00000007c0000000)
  eden space 299008K, 100% used [0x00000007a0000000,0x00000007b2400000,0x00000007b2400000)
  from space 110080K, 38% used [0x00000007b8a00000,0x00000007bb2de3c8,0x00000007bf580000)
  to   space 104448K, 0% used [0x00000007b2400000,0x00000007b2400000,0x00000007b8a00000)
 ParOldGen       total 469504K, used 295336K [0x0000000760000000, 0x000000077ca80000, 0x00000007a0000000)
  object space 469504K, 62% used [0x0000000760000000,0x000000077206a0f0,0x000000077ca80000)
 Metaspace       used 110197K, capacity 116248K, committed 116480K, reserved 1150976K
  class space    used 13823K, capacity 15036K, committed 15104K, reserved 1048576K
Event: 5412.078 GC heap after
Heap after GC invocations=34 (full 5):
 PSYoungGen      total 403456K, used 16335K [0x00000007a0000000, 0x00000007bf980000, 0x00000007c0000000)
  eden space 299008K, 0% used [0x00000007a0000000,0x00000007a0000000,0x00000007b2400000)
  from space 104448K, 15% used [0x00000007b2400000,0x00000007b33f3fd0,0x00000007b8a00000)
  to   space 103936K, 0% used [0x00000007b9400000,0x00000007b9400000,0x00000007bf980000)
 ParOldGen       total 469504K, used 321963K [0x0000000760000000, 0x000000077ca80000, 0x00000007a0000000)
  object space 469504K, 68% used [0x0000000760000000,0x0000000773a6af20,0x000000077ca80000)
 Metaspace       used 110197K, capacity 116248K, committed 116480K, reserved 1150976K
  class space    used 13823K, capacity 15036K, committed 15104K, reserved 1048576K
}

Deoptimization events (10 events):
Event: 5411.831 Thread 0x00007fbae708c000 Uncommon trap: reason=array_check action=maybe_recompile pc=0x0000000113d7f204 method=java.util.ComparableTimSort.binarySort([Ljava/lang/Object;III)V @ 183
Event: 5411.850 Thread 0x00007fbae708c000 Uncommon trap: reason=predicate action=maybe_recompile pc=0x0000000113b7bdd0 method=com.android.builder.symbols.BytecodeRClassWriterKt.generateResourceTypeClass(Lcom/android/ide/common/symbols/SymbolTable;Lcom/android/resources/ResourceType;Z)[B @ 85
Event: 5411.902 Thread 0x00007fbaf01c9000 Uncommon trap: reason=unstable_if action=reinterpret pc=0x0000000114af93b4 method=com.sun.org.apache.xerces.internal.impl.XMLEntityScanner.scanContent(Lcom/sun/org/apache/xerces/internal/xni/XMLString;)I @ 418
Event: 5411.937 Thread 0x00007fbaf01c9000 Uncommon trap: reason=unstable_if action=reinterpret pc=0x0000000111ac1c0c method=com.sun.org.apache.xerces.internal.dom.DeferredDocumentImpl.clearChunkValue([[Ljava/lang/Object;II)Ljava/lang/String; @ 3
Event: 5412.286 Thread 0x00007fbae8179800 Uncommon trap: reason=class_check action=maybe_recompile pc=0x000000011424a6a4 method=org.objectweb.asm.ClassReader.readCode(Lorg/objectweb/asm/MethodVisitor;Lorg/objectweb/asm/Context;I)V @ 3856
Event: 5412.399 Thread 0x00007fbae8179800 Uncommon trap: reason=array_check action=maybe_recompile pc=0x0000000112bfc3d0 method=java.util.ComparableTimSort.binarySort([Ljava/lang/Object;III)V @ 193
Event: 5412.399 Thread 0x00007fbae8179800 Uncommon trap: reason=array_check action=maybe_recompile pc=0x0000000112bfc3d0 method=java.util.ComparableTimSort.binarySort([Ljava/lang/Object;III)V @ 193
Event: 5412.400 Thread 0x00007fbae8179800 Uncommon trap: reason=array_check action=maybe_recompile pc=0x0000000113d7f018 method=java.util.ComparableTimSort.binarySort([Ljava/lang/Object;III)V @ 215
Event: 5412.400 Thread 0x00007fbae8179800 Uncommon trap: reason=array_check action=maybe_recompile pc=0x000000011374de88 method=java.util.ComparableTimSort.binarySort([Ljava/lang/Object;III)V @ 215
Event: 5412.408 Thread 0x00007fbae8179800 Uncommon trap: reason=array_check action=maybe_recompile pc=0x0000000112765148 method=java.util.ComparableTimSort.mergeLo(IIII)V @ 207

Classes redefined (0 events):
No events

Internal exceptions (10 events):
Event: 5411.447 Thread 0x00007fbae8179800 Exception <a 'sun/nio/fs/UnixException'> (0x00000007adb77fe8) thrown at [/Users/java_re/workspace/8-2-build-macosx-x86_64/jdk8u211/12973/hotspot/src/share/vm/prims/jni.cpp, line 710]
Event: 5411.448 Thread 0x00007fbae8179800 Exception <a 'sun/nio/fs/UnixException'> (0x00000007adb7a338) thrown at [/Users/java_re/workspace/8-2-build-macosx-x86_64/jdk8u211/12973/hotspot/src/share/vm/prims/jni.cpp, line 710]
Event: 5411.476 Thread 0x00007fbae8179800 Exception <a 'java/lang/NoSuchMethodError': <clinit>> (0x00000007adcefd48) thrown at [/Users/java_re/workspace/8-2-build-macosx-x86_64/jdk8u211/12973/hotspot/src/share/vm/prims/jni.cpp, line 1614]
Event: 5411.558 Thread 0x00007fbae8179800 Exception <a 'java/lang/NoSuchMethodError': <clinit>> (0x00000007addb10d0) thrown at [/Users/java_re/workspace/8-2-build-macosx-x86_64/jdk8u211/12973/hotspot/src/share/vm/prims/jni.cpp, line 1614]
Event: 5411.661 Thread 0x00007fbaf01c9000 Exception <a 'java/lang/NoSuchMethodError': <clinit>> (0x00000007afcff690) thrown at [/Users/java_re/workspace/8-2-build-macosx-x86_64/jdk8u211/12973/hotspot/src/share/vm/prims/jni.cpp, line 1614]
Event: 5411.662 Thread 0x00007fbaf01c9000 Exception <a 'java/lang/NoSuchMethodError': <clinit>> (0x00000007afd1bc58) thrown at [/Users/java_re/workspace/8-2-build-macosx-x86_64/jdk8u211/12973/hotspot/src/share/vm/prims/jni.cpp, line 1614]
Event: 5411.839 Thread 0x00007fbae708c000 Exception <a 'sun/nio/fs/UnixException'> (0x00000007b16db3e0) thrown at [/Users/java_re/workspace/8-2-build-macosx-x86_64/jdk8u211/12973/hotspot/src/share/vm/prims/jni.cpp, line 710]
Event: 5411.849 Thread 0x00007fbae708c000 Exception <a 'sun/nio/fs/UnixException'> (0x00000007b1712850) thrown at [/Users/java_re/workspace/8-2-build-macosx-x86_64/jdk8u211/12973/hotspot/src/share/vm/prims/jni.cpp, line 710]
Event: 5411.849 Thread 0x00007fbae708c000 Exception <a 'sun/nio/fs/UnixException'> (0x00000007b1713260) thrown at [/Users/java_re/workspace/8-2-build-macosx-x86_64/jdk8u211/12973/hotspot/src/share/vm/prims/jni.cpp, line 710]
Event: 5411.937 Thread 0x00007fbaf01c9000 Implicit null exception at 0x0000000111ac1a3d to 0x0000000111ac1bf5

Events (10 events):
Event: 5412.437 Thread 0x00007fbae8179800 DEOPT PACKING pc=0x00000001126aa17f sp=0x000070000c749bb0
Event: 5412.437 Thread 0x00007fbae8179800 DEOPT UNPACKING pc=0x0000000110e09784 sp=0x000070000c749950 mode 0
Event: 5412.440 Thread 0x00007fbae8179800 DEOPT PACKING pc=0x00000001126b0ccf sp=0x000070000c749bd0
Event: 5412.440 Thread 0x00007fbae8179800 DEOPT UNPACKING pc=0x0000000110e09784 sp=0x000070000c749958 mode 0
Event: 5412.442 Executing VM operation: ForceSafepoint
Event: 5412.443 Executing VM operation: ForceSafepoint done
Event: 5412.461 Thread 0x00007fbae8179800 DEOPT PACKING pc=0x00000001135508b6 sp=0x000070000c749b80
Event: 5412.461 Thread 0x00007fbae8179800 DEOPT UNPACKING pc=0x0000000110e09784 sp=0x000070000c749930 mode 0
Event: 5412.509 Executing VM operation: ForceSafepoint
Event: 5412.509 Executing VM operation: ForceSafepoint done


Dynamic libraries:
0x00007fff3075d000 	/System/Library/Frameworks/Cocoa.framework/Versions/A/Cocoa
0x00007fff3dd29000 	/System/Library/Frameworks/Security.framework/Versions/A/Security
0x00007fff2f6e8000 	/System/Library/Frameworks/ApplicationServices.framework/Versions/A/ApplicationServices
0x00007fff6810e000 	/usr/lib/libz.1.dylib
0x00007fff65be1000 	/usr/lib/libSystem.B.dylib
0x00007fff67a32000 	/usr/lib/libobjc.A.dylib
0x00007fff316d3000 	/System/Library/Frameworks/CoreFoundation.framework/Versions/A/CoreFoundation
0x00007fff33d98000 	/System/Library/Frameworks/Foundation.framework/Versions/C/Foundation
0x00007fff2e8dd000 	/System/Library/Frameworks/AppKit.framework/Versions/C/AppKit
0x00007fff311e0000 	/System/Library/Frameworks/CoreData.framework/Versions/A/CoreData
0x00007fff6248c000 	/System/Library/PrivateFrameworks/UIFoundation.framework/Versions/A/UIFoundation
0x00007fff5cc77000 	/System/Library/PrivateFrameworks/RemoteViewServices.framework/Versions/A/RemoteViewServices
0x00007fff64f1c000 	/System/Library/PrivateFrameworks/XCTTargetBootstrap.framework/Versions/A/XCTTargetBootstrap
0x00007fff315c3000 	/System/Library/Frameworks/CoreDisplay.framework/Versions/A/CoreDisplay
0x00007fff36b10000 	/System/Library/Frameworks/Metal.framework/Versions/A/Metal
0x00007fff4b098000 	/System/Library/PrivateFrameworks/DesktopServicesPriv.framework/Versions/A/DesktopServicesPriv
0x00007fff66d17000 	/usr/lib/liblangid.dylib
0x00007fff4a1ef000 	/System/Library/PrivateFrameworks/CoreSVG.framework/Versions/A/CoreSVG
0x00007fff5fa39000 	/System/Library/PrivateFrameworks/SkyLight.framework/Versions/A/SkyLight
0x00007fff31b55000 	/System/Library/Frameworks/CoreGraphics.framework/Versions/A/CoreGraphics
0x00007fff2d47c000 	/System/Library/Frameworks/Accelerate.framework/Versions/A/Accelerate
0x00007fff67fff000 	/usr/lib/libxml2.2.dylib
0x00007fff55db6000 	/System/Library/PrivateFrameworks/IconServices.framework/Versions/A/IconServices
0x00007fff3457c000 	/System/Library/Frameworks/IOSurface.framework/Versions/A/IOSurface
0x00007fff65719000 	/usr/lib/libDiagnosticMessagesClient.dylib
0x00007fff4af11000 	/System/Library/PrivateFrameworks/DFRFoundation.framework/Versions/A/DFRFoundation
0x00007fff66aa5000 	/usr/lib/libicucore.A.dylib
0x00007fff2fa1a000 	/System/Library/Frameworks/AudioToolbox.framework/Versions/A/AudioToolbox
0x00007fff2fafc000 	/System/Library/Frameworks/AudioUnit.framework/Versions/A/AudioUnit
0x00007fff65de2000 	/usr/lib/libauto.dylib
0x00007fff4af92000 	/System/Library/PrivateFrameworks/DataDetectorsCore.framework/Versions/A/DataDetectorsCore
0x00007fff3027d000 	/System/Library/Frameworks/Carbon.framework/Versions/A/Frameworks/HIToolbox.framework/Versions/A/HIToolbox
0x00007fff3cf5b000 	/System/Library/Frameworks/QuartzCore.framework/Versions/A/QuartzCore
0x00007fff305bc000 	/System/Library/Frameworks/Carbon.framework/Versions/A/Frameworks/SpeechRecognition.framework/Versions/A/SpeechRecognition
0x00007fff4a897000 	/System/Library/PrivateFrameworks/CoreUI.framework/Versions/A/CoreUI
0x00007fff30c46000 	/System/Library/Frameworks/CoreAudio.framework/Versions/A/CoreAudio
0x00007fff33a60000 	/System/Library/Frameworks/DiskArbitration.framework/Versions/A/DiskArbitration
0x00007fff57dca000 	/System/Library/PrivateFrameworks/MultitouchSupport.framework/Versions/A/MultitouchSupport
0x00007fff6696b000 	/usr/lib/libenergytrace.dylib
0x00007fff344d7000 	/System/Library/Frameworks/IOKit.framework/Versions/A/IOKit
0x00007fff32ac3000 	/System/Library/Frameworks/CoreServices.framework/Versions/A/CoreServices
0x00007fff59ed4000 	/System/Library/PrivateFrameworks/PerformanceAnalysis.framework/Versions/A/PerformanceAnalysis
0x00007fff3bf91000 	/System/Library/Frameworks/OpenGL.framework/Versions/A/OpenGL
0x00007fff3076b000 	/System/Library/Frameworks/ColorSync.framework/Versions/A/ColorSync
0x00007fff321dc000 	/System/Library/Frameworks/CoreImage.framework/Versions/A/CoreImage
0x00007fff33539000 	/System/Library/Frameworks/CoreText.framework/Versions/A/CoreText
0x00007fff34602000 	/System/Library/Frameworks/ImageIO.framework/Versions/A/ImageIO
0x00007fff65ec7000 	/usr/lib/libc++.1.dylib
0x00007fff65f43000 	/usr/lib/libcompression.dylib
0x00007fff65a5b000 	/usr/lib/libMobileGestalt.dylib
0x00007fff6156e000 	/System/Library/PrivateFrameworks/TextureIO.framework/Versions/A/TextureIO
0x00007fff65d48000 	/usr/lib/libate.dylib
0x00007fff55fbf000 	/System/Library/PrivateFrameworks/InternationalSupport.framework/Versions/A/InternationalSupport
0x00007fff68b84000 	/usr/lib/system/libcache.dylib
0x00007fff68b8a000 	/usr/lib/system/libcommonCrypto.dylib
0x00007fff68b96000 	/usr/lib/system/libcompiler_rt.dylib
0x00007fff68b9e000 	/usr/lib/system/libcopyfile.dylib
0x00007fff68ba8000 	/usr/lib/system/libcorecrypto.dylib
0x00007fff68d56000 	/usr/lib/system/libdispatch.dylib
0x00007fff68d98000 	/usr/lib/system/libdyld.dylib
0x00007fff68dce000 	/usr/lib/system/libkeymgr.dylib
0x00007fff68ddc000 	/usr/lib/system/liblaunch.dylib
0x00007fff68ddd000 	/usr/lib/system/libmacho.dylib
0x00007fff68de3000 	/usr/lib/system/libquarantine.dylib
0x00007fff68de6000 	/usr/lib/system/libremovefile.dylib
0x00007fff68de8000 	/usr/lib/system/libsystem_asl.dylib
0x00007fff68e00000 	/usr/lib/system/libsystem_blocks.dylib
0x00007fff68e01000 	/usr/lib/system/libsystem_c.dylib
0x00007fff68e89000 	/usr/lib/system/libsystem_configuration.dylib
0x00007fff68e8d000 	/usr/lib/system/libsystem_coreservices.dylib
0x00007fff68e91000 	/usr/lib/system/libsystem_darwin.dylib
0x00007fff68e9a000 	/usr/lib/system/libsystem_dnssd.dylib
0x00007fff68ea2000 	/usr/lib/system/libsystem_featureflags.dylib
0x00007fff68ea4000 	/usr/lib/system/libsystem_info.dylib
0x00007fff68f1f000 	/usr/lib/system/libsystem_m.dylib
0x00007fff68f67000 	/usr/lib/system/libsystem_malloc.dylib
0x00007fff68f8f000 	/usr/lib/system/libsystem_networkextension.dylib
0x00007fff68f9d000 	/usr/lib/system/libsystem_notify.dylib
0x00007fff68fbc000 	/usr/lib/system/libsystem_sandbox.dylib
0x00007fff68fc1000 	/usr/lib/system/libsystem_secinit.dylib
0x00007fff68ef2000 	/usr/lib/system/libsystem_kernel.dylib
0x00007fff68fa7000 	/usr/lib/system/libsystem_platform.dylib
0x00007fff68fb1000 	/usr/lib/system/libsystem_pthread.dylib
0x00007fff68fc4000 	/usr/lib/system/libsystem_symptoms.dylib
0x00007fff68fcc000 	/usr/lib/system/libsystem_trace.dylib
0x00007fff68fe4000 	/usr/lib/system/libunwind.dylib
0x00007fff68fea000 	/usr/lib/system/libxpc.dylib
0x00007fff65f1b000 	/usr/lib/libc++abi.dylib
0x00007fff66d19000 	/usr/lib/liblzma.5.dylib
0x00007fff66993000 	/usr/lib/libfakelink.dylib
0x00007fff65cd5000 	/usr/lib/libarchive.2.dylib
0x00007fff3eec9000 	/System/Library/Frameworks/SystemConfiguration.framework/Versions/A/SystemConfiguration
0x00007fff6564a000 	/usr/lib/libCRFSuite.dylib
0x00007fff2fe72000 	/System/Library/Frameworks/CFNetwork.framework/Versions/A/CFNetwork
0x00007fff65ea9000 	/usr/lib/libbsm.0.dylib
0x00007fff68dcf000 	/usr/lib/system/libkxld.dylib
0x00007fff449d3000 	/System/Library/PrivateFrameworks/AppleFSCompression.framework/Versions/A/AppleFSCompression
0x00007fff6622a000 	/usr/lib/libcoretls.dylib
0x00007fff66241000 	/usr/lib/libcoretls_cfhelpers.dylib
0x00007fff67a76000 	/usr/lib/libpam.2.dylib
0x00007fff67ba9000 	/usr/lib/libsqlite3.dylib
0x00007fff67fec000 	/usr/lib/libxar.1.dylib
0x00007fff65eba000 	/usr/lib/libbz2.1.0.dylib
0x00007fff669b4000 	/usr/lib/libiconv.2.dylib
0x00007fff65f30000 	/usr/lib/libcharset.1.dylib
0x00007fff6751d000 	/usr/lib/libnetwork.dylib
0x00007fff67a7d000 	/usr/lib/libpcap.A.dylib
0x00007fff65c8a000 	/usr/lib/libapple_nghttp2.dylib
0x00007fff32e7a000 	/System/Library/Frameworks/CoreServices.framework/Versions/A/Frameworks/FSEvents.framework/Versions/A/FSEvents
0x00007fff32b4a000 	/System/Library/Frameworks/CoreServices.framework/Versions/A/Frameworks/CarbonCore.framework/Versions/A/CarbonCore
0x00007fff330bd000 	/System/Library/Frameworks/CoreServices.framework/Versions/A/Frameworks/Metadata.framework/Versions/A/Metadata
0x00007fff33156000 	/System/Library/Frameworks/CoreServices.framework/Versions/A/Frameworks/OSServices.framework/Versions/A/OSServices
0x00007fff33184000 	/System/Library/Frameworks/CoreServices.framework/Versions/A/Frameworks/SearchKit.framework/Versions/A/SearchKit
0x00007fff32ac4000 	/System/Library/Frameworks/CoreServices.framework/Versions/A/Frameworks/AE.framework/Versions/A/AE
0x00007fff32e83000 	/System/Library/Frameworks/CoreServices.framework/Versions/A/Frameworks/LaunchServices.framework/Versions/A/LaunchServices
0x00007fff32e2c000 	/System/Library/Frameworks/CoreServices.framework/Versions/A/Frameworks/DictionaryServices.framework/Versions/A/DictionaryServices
0x00007fff331ec000 	/System/Library/Frameworks/CoreServices.framework/Versions/A/Frameworks/SharedFileList.framework/Versions/A/SharedFileList
0x00007fff37de5000 	/System/Library/Frameworks/NetFS.framework/Versions/A/NetFS
0x00007fff582f7000 	/System/Library/PrivateFrameworks/NetAuth.framework/Versions/A/NetAuth
0x00007fff652e7000 	/System/Library/PrivateFrameworks/login.framework/Versions/A/Frameworks/loginsupport.framework/Versions/A/loginsupport
0x00007fff61069000 	/System/Library/PrivateFrameworks/TCC.framework/Versions/A/TCC
0x00007fff495be000 	/System/Library/PrivateFrameworks/CoreNLP.framework/Versions/A/CoreNLP
0x00007fff577fa000 	/System/Library/PrivateFrameworks/MetadataUtilities.framework/Versions/A/MetadataUtilities
0x00007fff66df1000 	/usr/lib/libmecabra.dylib
0x00007fff66d49000 	/usr/lib/libmecab.dylib
0x00007fff669a4000 	/usr/lib/libgermantok.dylib
0x00007fff65c71000 	/usr/lib/libThaiTokenizer.dylib
0x00007fff65682000 	/usr/lib/libChineseTokenizer.dylib
0x00007fff2d494000 	/System/Library/Frameworks/Accelerate.framework/Versions/A/Frameworks/vImage.framework/Versions/A/vImage
0x00007fff2e737000 	/System/Library/Frameworks/Accelerate.framework/Versions/A/Frameworks/vecLib.framework/Versions/A/vecLib
0x00007fff2e67b000 	/System/Library/Frameworks/Accelerate.framework/Versions/A/Frameworks/vecLib.framework/Versions/A/libvMisc.dylib
0x00007fff2e4a1000 	/System/Library/Frameworks/Accelerate.framework/Versions/A/Frameworks/vecLib.framework/Versions/A/libvDSP.dylib
0x00007fff2db00000 	/System/Library/Frameworks/Accelerate.framework/Versions/A/Frameworks/vecLib.framework/Versions/A/libBLAS.dylib
0x00007fff2e05b000 	/System/Library/Frameworks/Accelerate.framework/Versions/A/Frameworks/vecLib.framework/Versions/A/libLAPACK.dylib
0x00007fff2e401000 	/System/Library/Frameworks/Accelerate.framework/Versions/A/Frameworks/vecLib.framework/Versions/A/libLinearAlgebra.dylib
0x00007fff2e48e000 	/System/Library/Frameworks/Accelerate.framework/Versions/A/Frameworks/vecLib.framework/Versions/A/libSparseBLAS.dylib
0x00007fff2e417000 	/System/Library/Frameworks/Accelerate.framework/Versions/A/Frameworks/vecLib.framework/Versions/A/libQuadrature.dylib
0x00007fff2dd6a000 	/System/Library/Frameworks/Accelerate.framework/Versions/A/Frameworks/vecLib.framework/Versions/A/libBNNS.dylib
0x00007fff2e41d000 	/System/Library/Frameworks/Accelerate.framework/Versions/A/Frameworks/vecLib.framework/Versions/A/libSparse.dylib
0x00007fff5637e000 	/System/Library/PrivateFrameworks/LanguageModeling.framework/Versions/A/LanguageModeling
0x00007fff48f5a000 	/System/Library/PrivateFrameworks/CoreEmoji.framework/Versions/A/CoreEmoji
0x00007fff5649c000 	/System/Library/PrivateFrameworks/LinguisticData.framework/Versions/A/LinguisticData
0x00007fff5644d000 	/System/Library/PrivateFrameworks/Lexicon.framework/Versions/A/Lexicon
0x00007fff65f31000 	/usr/lib/libcmph.dylib
0x00007fff3a9b7000 	/System/Library/Frameworks/OpenDirectory.framework/Versions/A/Frameworks/CFOpenDirectory.framework/Versions/A/CFOpenDirectory
0x00007fff3a9d4000 	/System/Library/Frameworks/OpenDirectory.framework/Versions/A/OpenDirectory
0x00007fff42ca2000 	/System/Library/PrivateFrameworks/APFS.framework/Versions/A/APFS
0x00007fff3e07c000 	/System/Library/Frameworks/SecurityFoundation.framework/Versions/A/SecurityFoundation
0x00007fff67fe8000 	/usr/lib/libutil.dylib
0x00007fff4a247000 	/System/Library/PrivateFrameworks/CoreServicesStore.framework/Versions/A/CoreServicesStore
0x00007fff3e134000 	/System/Library/Frameworks/ServiceManagement.framework/Versions/A/ServiceManagement
0x00007fff4618a000 	/System/Library/PrivateFrameworks/BackgroundTaskManagement.framework/Versions/A/BackgroundTaskManagement
0x00007fff680e5000 	/usr/lib/libxslt.1.dylib
0x00007fff45038000 	/System/Library/PrivateFrameworks/AppleSystemInfo.framework/Versions/A/AppleSystemInfo
0x00007fff3481f000 	/System/Library/Frameworks/ImageIO.framework/Versions/A/Resources/libJPEG.dylib
0x00007fff34ade000 	/System/Library/Frameworks/ImageIO.framework/Versions/A/Resources/libTIFF.dylib
0x00007fff34ac1000 	/System/Library/Frameworks/ImageIO.framework/Versions/A/Resources/libPng.dylib
0x00007fff34760000 	/System/Library/Frameworks/ImageIO.framework/Versions/A/Resources/libGIF.dylib
0x00007fff34764000 	/System/Library/Frameworks/ImageIO.framework/Versions/A/Resources/libJP2.dylib
0x00007fff34adc000 	/System/Library/Frameworks/ImageIO.framework/Versions/A/Resources/libRadiance.dylib
0x00007fff6696c000 	/usr/lib/libexpat.1.dylib
0x00007fff44b2e000 	/System/Library/PrivateFrameworks/AppleJPEG.framework/Versions/A/AppleJPEG
0x00007fff4d4b4000 	/System/Library/PrivateFrameworks/FontServices.framework/libFontParser.dylib
0x00007fff6433e000 	/System/Library/PrivateFrameworks/WatchdogClient.framework/Versions/A/WatchdogClient
0x00007fff55a0b000 	/System/Library/PrivateFrameworks/IOAccelerator.framework/Versions/A/IOAccelerator
0x00007fff36e9e000 	/System/Library/Frameworks/MetalPerformanceShaders.framework/Versions/A/MetalPerformanceShaders
0x00007fff52202000 	/System/Library/PrivateFrameworks/GPUWrangler.framework/Versions/A/GPUWrangler
0x00007fff55a16000 	/System/Library/PrivateFrameworks/IOPresentment.framework/Versions/A/IOPresentment
0x00007fff4af24000 	/System/Library/PrivateFrameworks/DSExternalDisplay.framework/Versions/A/DSExternalDisplay
0x00007fff3b33d000 	/System/Library/Frameworks/OpenGL.framework/Versions/A/Libraries/libCoreFSCache.dylib
0x00007fff36bf0000 	/System/Library/Frameworks/MetalPerformanceShaders.framework/Frameworks/MPSCore.framework/Versions/A/MPSCore
0x00007fff36c2d000 	/System/Library/Frameworks/MetalPerformanceShaders.framework/Frameworks/MPSImage.framework/Versions/A/MPSImage
0x00007fff36cef000 	/System/Library/Frameworks/MetalPerformanceShaders.framework/Frameworks/MPSNeuralNetwork.framework/Versions/A/MPSNeuralNetwork
0x00007fff36cb4000 	/System/Library/Frameworks/MetalPerformanceShaders.framework/Frameworks/MPSMatrix.framework/Versions/A/MPSMatrix
0x00007fff36e4f000 	/System/Library/Frameworks/MetalPerformanceShaders.framework/Frameworks/MPSRayIntersector.framework/Versions/A/MPSRayIntersector
0x00007fff36cd9000 	/System/Library/Frameworks/MetalPerformanceShaders.framework/Frameworks/MPSNDArray.framework/Versions/A/MPSNDArray
0x00007fff57847000 	/System/Library/PrivateFrameworks/MetalTools.framework/Versions/A/MetalTools
0x00007fff43e59000 	/System/Library/PrivateFrameworks/AggregateDictionary.framework/Versions/A/AggregateDictionary
0x00007fff489e4000 	/System/Library/PrivateFrameworks/CoreAnalytics.framework/Versions/A/CoreAnalytics
0x00007fff44f56000 	/System/Library/PrivateFrameworks/AppleSauce.framework/Versions/A/AppleSauce
0x00007fff6593e000 	/usr/lib/libIOReport.dylib
0x00007fff336ee000 	/System/Library/Frameworks/CoreVideo.framework/Versions/A/CoreVideo
0x00007fff5366e000 	/System/Library/PrivateFrameworks/GraphVisualizer.framework/Versions/A/GraphVisualizer
0x00007fff4ca35000 	/System/Library/PrivateFrameworks/FaceCore.framework/Versions/A/FaceCore
0x00007fff3a95e000 	/System/Library/Frameworks/OpenCL.framework/Versions/A/OpenCL
0x00007fff65760000 	/usr/lib/libFosl_dynamic.dylib
0x00007fff58cf2000 	/System/Library/PrivateFrameworks/OTSVG.framework/Versions/A/OTSVG
0x00007fff2f7ed000 	/System/Library/Frameworks/ApplicationServices.framework/Versions/A/Frameworks/ATS.framework/Versions/A/Resources/libFontRegistry.dylib
0x00007fff4d685000 	/System/Library/PrivateFrameworks/FontServices.framework/libhvf.dylib
0x00007fff3b348000 	/System/Library/Frameworks/OpenGL.framework/Versions/A/Libraries/libGFXShared.dylib
0x00007fff3b525000 	/System/Library/Frameworks/OpenGL.framework/Versions/A/Libraries/libGLU.dylib
0x00007fff3b351000 	/System/Library/Frameworks/OpenGL.framework/Versions/A/Libraries/libGL.dylib
0x00007fff3b35c000 	/System/Library/Frameworks/OpenGL.framework/Versions/A/Libraries/libGLImage.dylib
0x00007fff3b33a000 	/System/Library/Frameworks/OpenGL.framework/Versions/A/Libraries/libCVMSPluginSupport.dylib
0x00007fff3b343000 	/System/Library/Frameworks/OpenGL.framework/Versions/A/Libraries/libCoreVMClient.dylib
0x00007fff673bf000 	/usr/lib/libncurses.5.4.dylib
0x00007fff2f6e9000 	/System/Library/Frameworks/ApplicationServices.framework/Versions/A/Frameworks/ATS.framework/Versions/A/ATS
0x00007fff2f8b6000 	/System/Library/Frameworks/ApplicationServices.framework/Versions/A/Frameworks/ColorSyncLegacy.framework/Versions/A/ColorSyncLegacy
0x00007fff2f955000 	/System/Library/Frameworks/ApplicationServices.framework/Versions/A/Frameworks/HIServices.framework/Versions/A/HIServices
0x00007fff2f9ac000 	/System/Library/Frameworks/ApplicationServices.framework/Versions/A/Frameworks/LangAnalysis.framework/Versions/A/LangAnalysis
0x00007fff2f9bb000 	/System/Library/Frameworks/ApplicationServices.framework/Versions/A/Frameworks/PrintCore.framework/Versions/A/PrintCore
0x00007fff2fa01000 	/System/Library/Frameworks/ApplicationServices.framework/Versions/A/Frameworks/QD.framework/Versions/A/QD
0x00007fff2fa0c000 	/System/Library/Frameworks/ApplicationServices.framework/Versions/A/Frameworks/SpeechSynthesis.framework/Versions/A/SpeechSynthesis
0x00007fff2f886000 	/System/Library/Frameworks/ApplicationServices.framework/Versions/A/Frameworks/ATSUI.framework/Versions/A/ATSUI
0x00007fff66800000 	/usr/lib/libcups.2.dylib
0x00007fff35f4d000 	/System/Library/Frameworks/Kerberos.framework/Versions/A/Kerberos
0x00007fff341cd000 	/System/Library/Frameworks/GSS.framework/Versions/A/GSS
0x00007fff67b35000 	/usr/lib/libresolv.9.dylib
0x00007fff5380f000 	/System/Library/PrivateFrameworks/Heimdal.framework/Versions/A/Heimdal
0x00007fff35f60000 	/System/Library/Frameworks/Kerberos.framework/Versions/A/Libraries/libHeimdalProxy.dylib
0x00007fff669aa000 	/usr/lib/libheimdal-asn1.dylib
0x00007fff47e8a000 	/System/Library/PrivateFrameworks/CommonAuth.framework/Versions/A/CommonAuth
0x00007fff450d5000 	/System/Library/PrivateFrameworks/AssertionServices.framework/Versions/A/AssertionServices
0x00007fff45c78000 	/System/Library/PrivateFrameworks/AudioToolboxCore.framework/Versions/A/AudioToolboxCore
0x00007fff64f98000 	/System/Library/PrivateFrameworks/caulk.framework/Versions/A/caulk
0x00007fff46236000 	/System/Library/PrivateFrameworks/BaseBoard.framework/Versions/A/BaseBoard
0x00007fff5ce06000 	/System/Library/PrivateFrameworks/RunningBoardServices.framework/Versions/A/RunningBoardServices
0x00007fff59ee0000 	/System/Library/PrivateFrameworks/PersistentConnection.framework/Versions/A/PersistentConnection
0x00007fff5c855000 	/System/Library/PrivateFrameworks/ProtocolBuffer.framework/Versions/A/ProtocolBuffer
0x00007fff47eaf000 	/System/Library/PrivateFrameworks/CommonUtilities.framework/Versions/A/CommonUtilities
0x00007fff463b9000 	/System/Library/PrivateFrameworks/Bom.framework/Versions/A/Bom
0x00007fff6560d000 	/usr/lib/libAudioToolboxUtility.dylib
0x00007fff46194000 	/System/Library/PrivateFrameworks/Backup.framework/Versions/A/Backup
0x00007fff4ac94000 	/System/Library/PrivateFrameworks/CrashReporterSupport.framework/Versions/A/CrashReporterSupport
0x00007fff5e8fd000 	/System/Library/PrivateFrameworks/Sharing.framework/Versions/A/Sharing
0x00007fff44879000 	/System/Library/PrivateFrameworks/Apple80211.framework/Versions/A/Apple80211
0x00007fff45eb6000 	/System/Library/PrivateFrameworks/AuthKit.framework/Versions/A/AuthKit
0x00007fff4a9c4000 	/System/Library/PrivateFrameworks/CoreUtils.framework/Versions/A/CoreUtils
0x00007fff33733000 	/System/Library/Frameworks/CoreWLAN.framework/Versions/A/CoreWLAN
0x00007fff34358000 	/System/Library/Frameworks/IOBluetooth.framework/Versions/A/IOBluetooth
0x00007fff57b45000 	/System/Library/PrivateFrameworks/MobileKeyBag.framework/Versions/A/MobileKeyBag
0x00007fff49a9a000 	/System/Library/PrivateFrameworks/CorePhoneNumbers.framework/Versions/A/CorePhoneNumbers
0x00007fff44ae1000 	/System/Library/PrivateFrameworks/AppleIDAuthSupport.framework/Versions/A/AppleIDAuthSupport
0x00007fff37df2000 	/System/Library/Frameworks/Network.framework/Versions/A/Network
0x00007fff56206000 	/System/Library/PrivateFrameworks/KeychainCircle.framework/Versions/A/KeychainCircle
0x00007fff311a8000 	/System/Library/Frameworks/CoreBluetooth.framework/Versions/A/CoreBluetooth
0x00007fff60579000 	/System/Library/PrivateFrameworks/SpeechRecognitionCore.framework/Versions/A/SpeechRecognitionCore
0x00007fff25d31000 	/System/Library/CoreServices/Encodings/libSimplifiedChineseConverter.dylib
0x000000010a000000 	/Library/Java/JavaVirtualMachines/jdk1.8.0_211.jdk/Contents/Home/jre/lib/server/libjvm.dylib
0x00007fff67eba000 	/usr/lib/libstdc++.6.dylib
0x0000000109726000 	/Library/Java/JavaVirtualMachines/jdk1.8.0_211.jdk/Contents/Home/jre/lib/libverify.dylib
0x0000000109734000 	/Library/Java/JavaVirtualMachines/jdk1.8.0_211.jdk/Contents/Home/jre/lib/libjava.dylib
0x00000001097b4000 	/Library/Java/JavaVirtualMachines/jdk1.8.0_211.jdk/Contents/Home/jre/lib/libzip.dylib
0x000000011071b000 	/Library/Java/JavaVirtualMachines/jdk1.8.0_211.jdk/Contents/Home/jre/lib/libnet.dylib
0x00000001106f3000 	/Library/Java/JavaVirtualMachines/jdk1.8.0_211.jdk/Contents/Home/jre/lib/libnio.dylib
0x0000000110656000 	/Users/lantianbao/.gradle/native/30/osx-amd64/libnative-platform.dylib
0x0000000110c6a000 	/Library/Java/JavaVirtualMachines/jdk1.8.0_211.jdk/Contents/Home/jre/lib/libmanagement.dylib

VM Arguments:
jvm_args: -Xmx1536m -Dfile.encoding=UTF-8 -Duser.country=CN -Duser.language=zh -Duser.variant 
java_command: org.gradle.launcher.daemon.bootstrap.GradleDaemon 5.6.4
java_class_path (initial): /Users/lantianbao/.gradle/wrapper/dists/gradle-5.6.4-all/ankdp27end7byghfw1q2sw75f/gradle-5.6.4/lib/gradle-launcher-5.6.4.jar
Launcher Type: SUN_STANDARD

Environment Variables:
JAVA_HOME=/Library/Java/JavaVirtualMachines/jdk1.8.0_211.jdk/Contents/Home
CLASSPATH=/Library/Java/JavaVirtualMachines/jdk1.8.0_211.jdk/Contents/Home/lib/tools.jar:/Library/Java/JavaVirtualMachines/jdk1.8.0_211.jdk/Contents/Home/lib/dt.jar:.
PATH=/Users/lantianbao/maven/apache-maven-3.6.3/bin:/Library/Java/JavaVirtualMachines/jdk1.8.0_211.jdk/Contents/Home/bin:/usr/local/bin:/usr/bin:/bin:/usr/sbin:/sbin:.:/Users/lantianbao/Library/Android/sdk/ndk/20.1.5948944
SHELL=/bin/bash

Signal Handlers:
SIGSEGV: [libjvm.dylib+0x5b71a7], sa_mask[0]=11111111011111110111111111111111, sa_flags=SA_ONSTACK|SA_RESTART|SA_SIGINFO
SIGBUS: [libjvm.dylib+0x5b71a7], sa_mask[0]=11111111011111110111111111111111, sa_flags=SA_RESTART|SA_SIGINFO
SIGFPE: [libjvm.dylib+0x48c8fc], sa_mask[0]=11111111011111110111111111111111, sa_flags=SA_RESTART|SA_SIGINFO
SIGPIPE: [libjvm.dylib+0x48c8fc], sa_mask[0]=11111111011111110111111111111111, sa_flags=SA_RESTART|SA_SIGINFO
SIGXFSZ: [libjvm.dylib+0x48c8fc], sa_mask[0]=11111111011111110111111111111111, sa_flags=SA_RESTART|SA_SIGINFO
SIGILL: [libjvm.dylib+0x48c8fc], sa_mask[0]=11111111011111110111111111111111, sa_flags=SA_RESTART|SA_SIGINFO
SIGUSR1: SIG_DFL, sa_mask[0]=00000000000000000000000000000000, sa_flags=none
SIGUSR2: [libjvm.dylib+0x48c41a], sa_mask[0]=00100000000000000000000000000000, sa_flags=SA_RESTART|SA_SIGINFO
SIGHUP: [libjvm.dylib+0x48a9a5], sa_mask[0]=11111111011111110111111111111111, sa_flags=SA_RESTART|SA_SIGINFO
SIGINT: [libjvm.dylib+0x48a9a5], sa_mask[0]=11111111011111110111111111111111, sa_flags=SA_RESTART|SA_SIGINFO
SIGTERM: [libjvm.dylib+0x48a9a5], sa_mask[0]=11111111011111110111111111111111, sa_flags=SA_RESTART|SA_SIGINFO
SIGQUIT: [libjvm.dylib+0x48a9a5], sa_mask[0]=11111111011111110111111111111111, sa_flags=SA_RESTART|SA_SIGINFO


---------------  S Y S T E M  ---------------

OS:Bsduname:Darwin 19.2.0 Darwin Kernel Version 19.2.0: Sat Nov  9 03:47:04 PST 2019; root:xnu-6153.61.1~20/RELEASE_X86_64 x86_64
rlimit: STACK 8192k, CORE 0k, NPROC 1392, NOFILE 10240, AS infinity
load average:4.38 2.96 2.58

CPU:total 4 (initial active 4) (2 cores per cpu, 2 threads per core) family 6 model 69 stepping 1, cmov, cx8, fxsr, mmx, sse, sse2, sse3, ssse3, sse4.1, sse4.2, popcnt, avx, avx2, aes, clmul, erms, lzcnt, ht, tsc, tscinvbit, bmi1, bmi2

Memory: 4k page, physical 8388608k(78728k free)

/proc/meminfo:


vm_info: Java HotSpot(TM) 64-Bit Server VM (25.211-b12) for bsd-amd64 JRE (1.8.0_211-b12), built on Apr  1 2019 20:53:18 by "java_re" with gcc 4.2.1 (Based on Apple Inc. build 5658) (LLVM build 2336.11.00)

time: Thu May 14 09:28:07 2020
timezone: CST
elapsed time: 5412 seconds (0d 1h 30m 12s)

